The target system is: Linux -  - loongarch64
The host system is: Linux - 5.15.0-58-generic - x86_64
Compiling the C compiler identification source file "CMakeCCompilerId.c" succeeded.
Compiler: /opt/poky/3.3+snapshot/sysroots/x86_64-pokysdk-linux/usr/bin/loongarch64-poky-linux/loongarch64-poky-linux-gcc -march=loongarch64;-mabi=lp64;-fstack-protector-strong;-O2;-D_FORTIFY_SOURCE=2;-Wformat;-Wformat-security;-Werror=format-security;--sysroot=/opt/poky/3.3+snapshot/sysroots/loongarch64-poky-linux
Build flags: ;-O2;-pipe;-g;-feliminate-unused-debug-types;
Id flags:  

The output was:
0


Compilation of the C compiler identification source "CMakeCCompilerId.c" produced "a.out"

The C compiler identification is GNU, found in "/root/loongarch/project/src/CS/CMakeFiles/3.20.3/CompilerIdC/a.out"

Compiling the CXX compiler identification source file "CMakeCXXCompilerId.cpp" succeeded.
Compiler: /opt/poky/3.3+snapshot/sysroots/x86_64-pokysdk-linux/usr/bin/loongarch64-poky-linux/loongarch64-poky-linux-g++ -march=loongarch64;-mabi=lp64;-fstack-protector-strong;-O2;-D_FORTIFY_SOURCE=2;-Wformat;-Wformat-security;-Werror=format-security;--sysroot=/opt/poky/3.3+snapshot/sysroots/loongarch64-poky-linux
Build flags: ;-O2;-pipe;-g;-feliminate-unused-debug-types;
Id flags:  

The output was:
0


Compilation of the CXX compiler identification source "CMakeCXXCompilerId.cpp" produced "a.out"

The CXX compiler identification is GNU, found in "/root/loongarch/project/src/CS/CMakeFiles/3.20.3/CompilerIdCXX/a.out"

Detecting C compiler ABI info compiled with the following output:
Change Dir: /root/loongarch/project/src/CS/CMakeFiles/CMakeTmp

Run Build Command(s):/usr/bin/make -f Makefile cmTC_35d1d/fast && /usr/bin/make  -f CMakeFiles/cmTC_35d1d.dir/build.make CMakeFiles/cmTC_35d1d.dir/build
make[1]: Entering directory '/root/loongarch/project/src/CS/CMakeFiles/CMakeTmp'
Building C object CMakeFiles/cmTC_35d1d.dir/CMakeCCompilerABI.c.o
/opt/poky/3.3+snapshot/sysroots/x86_64-pokysdk-linux/usr/bin/loongarch64-poky-linux/loongarch64-poky-linux-gcc   -march=loongarch64 -mabi=lp64 -fstack-protector-strong  -O2 -D_FORTIFY_SOURCE=2 -Wformat -Wformat-security -Werror=format-security --sysroot=/opt/poky/3.3+snapshot/sysroots/loongarch64-poky-linux --sysroot=/opt/poky/3.3+snapshot/sysroots/loongarch64-poky-linux   -O2 -pipe -g -feliminate-unused-debug-types     -v -o CMakeFiles/cmTC_35d1d.dir/CMakeCCompilerABI.c.o -c /opt/poky/3.3+snapshot/sysroots/x86_64-pokysdk-linux/usr/share/cmake-3.20/Modules/CMakeCCompilerABI.c
Using built-in specs.
COLLECT_GCC=/opt/poky/3.3+snapshot/sysroots/x86_64-pokysdk-linux/usr/bin/loongarch64-poky-linux/loongarch64-poky-linux-gcc
Target: loongarch64-poky-linux
Configured with: ../../../../../../work-shared/gcc-8.3.0-r0/git/configure --build=x86_64-linux --host=x86_64-pokysdk-linux --target=loongarch64-poky-linux --prefix=/opt/poky/3.3+snapshot/sysroots/x86_64-pokysdk-linux/usr --exec_prefix=/opt/poky/3.3+snapshot/sysroots/x86_64-pokysdk-linux/usr --bindir=/opt/poky/3.3+snapshot/sysroots/x86_64-pokysdk-linux/usr/bin/loongarch64-poky-linux --sbindir=/opt/poky/3.3+snapshot/sysroots/x86_64-pokysdk-linux/usr/bin/loongarch64-poky-linux --libexecdir=/opt/poky/3.3+snapshot/sysroots/x86_64-pokysdk-linux/usr/libexec/loongarch64-poky-linux --datadir=/opt/poky/3.3+snapshot/sysroots/x86_64-pokysdk-linux/usr/share --sysconfdir=/opt/poky/3.3+snapshot/sysroots/x86_64-pokysdk-linux/etc --sharedstatedir=/opt/poky/3.3+snapshot/sysroots/x86_64-pokysdk-linux/com --localstatedir=/opt/poky/3.3+snapshot/sysroots/x86_64-pokysdk-linux/var --libdir=/opt/poky/3.3+snapshot/sysroots/x86_64-pokysdk-linux/usr/lib/loongarch64-poky-linux --includedir=/opt/poky/3.3+snapshot/sysroots/x86_64-pokysdk-linux/usr/include --oldincludedir=/opt/poky/3.3+snapshot/sysroots/x86_64-pokysdk-linux/usr/include --infodir=/opt/poky/3.3+snapshot/sysroots/x86_64-pokysdk-linux/usr/share/info --mandir=/opt/poky/3.3+snapshot/sysroots/x86_64-pokysdk-linux/usr/share/man --disable-silent-rules --disable-dependency-tracking --with-libtool-sysroot=/media/fsy/mywork/loongson/LoongArch/yocto/poky/build/tmp/work/x86_64-nativesdk-pokysdk-linux/gcc-cross-canadian-loongarch64/8.3.0-r0/recipe-sysroot --enable-shared --enable-languages=c,c++ --enable-threads=posix --enable-multilib --enable-default-pie --enable-c99 --enable-long-long --enable-symvers=gnu --enable-libstdcxx-pch --program-prefix=loongarch64-poky-linux- --without-local-prefix --disable-install-libiberty --with-newlib --enable-tls --disable-libstdcxx --disable-gcov --enable-initfini-array --disable-libatomic --disable-libmudflap --disable-libssp --disable-libvtv --disable-libquadmath --disable-libgomp --disable-libmpx --disable-nls --disable-bootstrap --disable-libssp --enable-libitm --enable-lto --disable-bootstrap --with-system-zlib --with-linker-hash-style=gnu --enable-linker-build-id --with-ppl=no --with-cloog=no --enable-checking=release --enable-cheaders=c_global --without-isl --with-gxx-include-dir=/not/exist/usr/include/c++/8.3.0 --with-build-time-tools=/media/fsy/mywork/loongson/LoongArch/yocto/poky/build/tmp/work/x86_64-nativesdk-pokysdk-linux/gcc-cross-canadian-loongarch64/8.3.0-r0/recipe-sysroot-native/usr/loongarch64-poky-linux/bin --with-sysroot=/not/exist --with-build-sysroot=/media/fsy/mywork/loongson/LoongArch/yocto/poky/build/tmp/work/x86_64-nativesdk-pokysdk-linux/gcc-cross-canadian-loongarch64/8.3.0-r0/recipe-sysroot --enable-poison-system-directories --enable-nls --with-glibc-version=2.28 --enable-initfini-array --enable-__cxa_atexit --with-abi=lp64 --with-arch=loongarch64
Thread model: posix
gcc version 8.3.0 (GCC) 
COLLECT_GCC_OPTIONS='--sysroot=/opt/poky/3.3+snapshot/sysroots/loongarch64-poky-linux' '-march=loongarch64' '-mabi=lp64' '-fstack-protector-strong' '-O2' '-D' '_FORTIFY_SOURCE=2' '-Wformat=1' '-Wformat-security' '-Werror=format-security' '-O2' '-pipe' '-g' '-feliminate-unused-debug-types' '-v' '-o' 'CMakeFiles/cmTC_35d1d.dir/CMakeCCompilerABI.c.o' '-c' '-EL'
 /opt/poky/3.3+snapshot/sysroots/x86_64-pokysdk-linux/usr/libexec/loongarch64-poky-linux/gcc/loongarch64-poky-linux/8.3.0/cc1 -quiet -v -isysroot /opt/poky/3.3+snapshot/sysroots/loongarch64-poky-linux -D _FORTIFY_SOURCE=2 /opt/poky/3.3+snapshot/sysroots/x86_64-pokysdk-linux/usr/share/cmake-3.20/Modules/CMakeCCompilerABI.c -mel -quiet -dumpbase CMakeCCompilerABI.c -march=loongarch64 -mabi=lp64 -auxbase-strip CMakeFiles/cmTC_35d1d.dir/CMakeCCompilerABI.c.o -g -O2 -O2 -Wformat=1 -Wformat-security -Werror=format-security -version -fstack-protector-strong -feliminate-unused-debug-types -o - |
 /opt/poky/3.3+snapshot/sysroots/x86_64-pokysdk-linux/usr/libexec/loongarch64-poky-linux/gcc/loongarch64-poky-linux/8.3.0/as -v -mabi=lp64 -o CMakeFiles/cmTC_35d1d.dir/CMakeCCompilerABI.c.o
GNU C17 (GCC) version 8.3.0 (loongarch64-poky-linux)
	compiled by GNU C version 8.3.0, GMP version 6.2.1, MPFR version 4.1.0, MPC version 1.2.1, isl version none
GGC heuristics: --param ggc-min-expand=100 --param ggc-min-heapsize=131072
ignoring nonexistent directory "/opt/poky/3.3+snapshot/sysroots/loongarch64-poky-linux/usr/lib/gcc/loongarch64-poky-linux/8.3.0/include"
ignoring nonexistent directory "/opt/poky/3.3+snapshot/sysroots/loongarch64-poky-linux/usr/local/include"
ignoring nonexistent directory "/opt/poky/3.3+snapshot/sysroots/x86_64-pokysdk-linux/usr/lib/loongarch64-poky-linux/gcc/loongarch64-poky-linux/8.3.0/../../../../../loongarch64-poky-linux/include"
#include "..." search starts here:
#include <...> search starts here:
 /opt/poky/3.3+snapshot/sysroots/x86_64-pokysdk-linux/usr/lib/loongarch64-poky-linux/gcc/loongarch64-poky-linux/8.3.0/include
 /opt/poky/3.3+snapshot/sysroots/x86_64-pokysdk-linux/usr/lib/loongarch64-poky-linux/gcc/loongarch64-poky-linux/8.3.0/include-fixed
 /opt/poky/3.3+snapshot/sysroots/loongarch64-poky-linux/usr/include
End of search list.
GNU assembler version 2.31.1 (loongarch64-poky-linux) using BFD version (GNU Binutils) 2.31.1.20190122
GNU C17 (GCC) version 8.3.0 (loongarch64-poky-linux)
	compiled by GNU C version 8.3.0, GMP version 6.2.1, MPFR version 4.1.0, MPC version 1.2.1, isl version none
GGC heuristics: --param ggc-min-expand=100 --param ggc-min-heapsize=131072
Compiler executable checksum: 4d61d4e74563296c351cf5917a74fc55
COMPILER_PATH=/opt/poky/3.3+snapshot/sysroots/x86_64-pokysdk-linux/usr/libexec/loongarch64-poky-linux/gcc/loongarch64-poky-linux/8.3.0/:/opt/poky/3.3+snapshot/sysroots/x86_64-pokysdk-linux/usr/libexec/loongarch64-poky-linux/gcc/loongarch64-poky-linux/8.3.0/:/opt/poky/3.3+snapshot/sysroots/x86_64-pokysdk-linux/usr/libexec/loongarch64-poky-linux/gcc/loongarch64-poky-linux/:/opt/poky/3.3+snapshot/sysroots/x86_64-pokysdk-linux/usr/lib/loongarch64-poky-linux/gcc/loongarch64-poky-linux/8.3.0/:/opt/poky/3.3+snapshot/sysroots/x86_64-pokysdk-linux/usr/lib/loongarch64-poky-linux/gcc/loongarch64-poky-linux/
LIBRARY_PATH=/opt/poky/3.3+snapshot/sysroots/x86_64-pokysdk-linux/usr/lib/loongarch64-poky-linux/gcc/loongarch64-poky-linux/8.3.0/:/opt/poky/3.3+snapshot/sysroots/loongarch64-poky-linux/lib/../lib/:/opt/poky/3.3+snapshot/sysroots/loongarch64-poky-linux/usr/lib/../lib/loongarch64-poky-linux/8.3.0/:/opt/poky/3.3+snapshot/sysroots/loongarch64-poky-linux/usr/lib/loongarch64-poky-linux/8.3.0/:/opt/poky/3.3+snapshot/sysroots/loongarch64-poky-linux/usr/lib/../lib/:/opt/poky/3.3+snapshot/sysroots/loongarch64-poky-linux/lib/:/opt/poky/3.3+snapshot/sysroots/loongarch64-poky-linux/usr/lib/
COLLECT_GCC_OPTIONS='--sysroot=/opt/poky/3.3+snapshot/sysroots/loongarch64-poky-linux' '-march=loongarch64' '-mabi=lp64' '-fstack-protector-strong' '-O2' '-D' '_FORTIFY_SOURCE=2' '-Wformat=1' '-Wformat-security' '-Werror=format-security' '-O2' '-pipe' '-g' '-feliminate-unused-debug-types' '-v' '-o' 'CMakeFiles/cmTC_35d1d.dir/CMakeCCompilerABI.c.o' '-c' '-EL'
Linking C executable cmTC_35d1d
/opt/poky/3.3+snapshot/sysroots/x86_64-pokysdk-linux/usr/bin/cmake -E cmake_link_script CMakeFiles/cmTC_35d1d.dir/link.txt --verbose=1
/opt/poky/3.3+snapshot/sysroots/x86_64-pokysdk-linux/usr/bin/loongarch64-poky-linux/loongarch64-poky-linux-gcc   -march=loongarch64 -mabi=lp64 -fstack-protector-strong  -O2 -D_FORTIFY_SOURCE=2 -Wformat -Wformat-security -Werror=format-security --sysroot=/opt/poky/3.3+snapshot/sysroots/loongarch64-poky-linux --sysroot=/opt/poky/3.3+snapshot/sysroots/loongarch64-poky-linux  -O2 -pipe -g -feliminate-unused-debug-types   -Wl,-O1 -Wl,--hash-style=gnu -Wl,--as-needed -Wl,-z,relro,-z,now -v CMakeFiles/cmTC_35d1d.dir/CMakeCCompilerABI.c.o -o cmTC_35d1d 
Using built-in specs.
COLLECT_GCC=/opt/poky/3.3+snapshot/sysroots/x86_64-pokysdk-linux/usr/bin/loongarch64-poky-linux/loongarch64-poky-linux-gcc
COLLECT_LTO_WRAPPER=/opt/poky/3.3+snapshot/sysroots/x86_64-pokysdk-linux/usr/libexec/loongarch64-poky-linux/gcc/loongarch64-poky-linux/8.3.0/lto-wrapper
Target: loongarch64-poky-linux
Configured with: ../../../../../../work-shared/gcc-8.3.0-r0/git/configure --build=x86_64-linux --host=x86_64-pokysdk-linux --target=loongarch64-poky-linux --prefix=/opt/poky/3.3+snapshot/sysroots/x86_64-pokysdk-linux/usr --exec_prefix=/opt/poky/3.3+snapshot/sysroots/x86_64-pokysdk-linux/usr --bindir=/opt/poky/3.3+snapshot/sysroots/x86_64-pokysdk-linux/usr/bin/loongarch64-poky-linux --sbindir=/opt/poky/3.3+snapshot/sysroots/x86_64-pokysdk-linux/usr/bin/loongarch64-poky-linux --libexecdir=/opt/poky/3.3+snapshot/sysroots/x86_64-pokysdk-linux/usr/libexec/loongarch64-poky-linux --datadir=/opt/poky/3.3+snapshot/sysroots/x86_64-pokysdk-linux/usr/share --sysconfdir=/opt/poky/3.3+snapshot/sysroots/x86_64-pokysdk-linux/etc --sharedstatedir=/opt/poky/3.3+snapshot/sysroots/x86_64-pokysdk-linux/com --localstatedir=/opt/poky/3.3+snapshot/sysroots/x86_64-pokysdk-linux/var --libdir=/opt/poky/3.3+snapshot/sysroots/x86_64-pokysdk-linux/usr/lib/loongarch64-poky-linux --includedir=/opt/poky/3.3+snapshot/sysroots/x86_64-pokysdk-linux/usr/include --oldincludedir=/opt/poky/3.3+snapshot/sysroots/x86_64-pokysdk-linux/usr/include --infodir=/opt/poky/3.3+snapshot/sysroots/x86_64-pokysdk-linux/usr/share/info --mandir=/opt/poky/3.3+snapshot/sysroots/x86_64-pokysdk-linux/usr/share/man --disable-silent-rules --disable-dependency-tracking --with-libtool-sysroot=/media/fsy/mywork/loongson/LoongArch/yocto/poky/build/tmp/work/x86_64-nativesdk-pokysdk-linux/gcc-cross-canadian-loongarch64/8.3.0-r0/recipe-sysroot --enable-shared --enable-languages=c,c++ --enable-threads=posix --enable-multilib --enable-default-pie --enable-c99 --enable-long-long --enable-symvers=gnu --enable-libstdcxx-pch --program-prefix=loongarch64-poky-linux- --without-local-prefix --disable-install-libiberty --with-newlib --enable-tls --disable-libstdcxx --disable-gcov --enable-initfini-array --disable-libatomic --disable-libmudflap --disable-libssp --disable-libvtv --disable-libquadmath --disable-libgomp --disable-libmpx --disable-nls --disable-bootstrap --disable-libssp --enable-libitm --enable-lto --disable-bootstrap --with-system-zlib --with-linker-hash-style=gnu --enable-linker-build-id --with-ppl=no --with-cloog=no --enable-checking=release --enable-cheaders=c_global --without-isl --with-gxx-include-dir=/not/exist/usr/include/c++/8.3.0 --with-build-time-tools=/media/fsy/mywork/loongson/LoongArch/yocto/poky/build/tmp/work/x86_64-nativesdk-pokysdk-linux/gcc-cross-canadian-loongarch64/8.3.0-r0/recipe-sysroot-native/usr/loongarch64-poky-linux/bin --with-sysroot=/not/exist --with-build-sysroot=/media/fsy/mywork/loongson/LoongArch/yocto/poky/build/tmp/work/x86_64-nativesdk-pokysdk-linux/gcc-cross-canadian-loongarch64/8.3.0-r0/recipe-sysroot --enable-poison-system-directories --enable-nls --with-glibc-version=2.28 --enable-initfini-array --enable-__cxa_atexit --with-abi=lp64 --with-arch=loongarch64
Thread model: posix
gcc version 8.3.0 (GCC) 
COMPILER_PATH=/opt/poky/3.3+snapshot/sysroots/x86_64-pokysdk-linux/usr/libexec/loongarch64-poky-linux/gcc/loongarch64-poky-linux/8.3.0/:/opt/poky/3.3+snapshot/sysroots/x86_64-pokysdk-linux/usr/libexec/loongarch64-poky-linux/gcc/loongarch64-poky-linux/8.3.0/:/opt/poky/3.3+snapshot/sysroots/x86_64-pokysdk-linux/usr/libexec/loongarch64-poky-linux/gcc/loongarch64-poky-linux/:/opt/poky/3.3+snapshot/sysroots/x86_64-pokysdk-linux/usr/lib/loongarch64-poky-linux/gcc/loongarch64-poky-linux/8.3.0/:/opt/poky/3.3+snapshot/sysroots/x86_64-pokysdk-linux/usr/lib/loongarch64-poky-linux/gcc/loongarch64-poky-linux/
LIBRARY_PATH=/opt/poky/3.3+snapshot/sysroots/x86_64-pokysdk-linux/usr/lib/loongarch64-poky-linux/gcc/loongarch64-poky-linux/8.3.0/:/opt/poky/3.3+snapshot/sysroots/loongarch64-poky-linux/lib/../lib/:/opt/poky/3.3+snapshot/sysroots/loongarch64-poky-linux/usr/lib/../lib/loongarch64-poky-linux/8.3.0/:/opt/poky/3.3+snapshot/sysroots/loongarch64-poky-linux/usr/lib/loongarch64-poky-linux/8.3.0/:/opt/poky/3.3+snapshot/sysroots/loongarch64-poky-linux/usr/lib/../lib/:/opt/poky/3.3+snapshot/sysroots/loongarch64-poky-linux/lib/:/opt/poky/3.3+snapshot/sysroots/loongarch64-poky-linux/usr/lib/
COLLECT_GCC_OPTIONS='--sysroot=/opt/poky/3.3+snapshot/sysroots/loongarch64-poky-linux' '-march=loongarch64' '-mabi=lp64' '-fstack-protector-strong' '-O2' '-D' '_FORTIFY_SOURCE=2' '-Wformat=1' '-Wformat-security' '-Werror=format-security' '-O2' '-pipe' '-g' '-feliminate-unused-debug-types' '-v' '-o' 'cmTC_35d1d' '-EL'
 /opt/poky/3.3+snapshot/sysroots/x86_64-pokysdk-linux/usr/libexec/loongarch64-poky-linux/gcc/loongarch64-poky-linux/8.3.0/collect2 -plugin /opt/poky/3.3+snapshot/sysroots/x86_64-pokysdk-linux/usr/libexec/loongarch64-poky-linux/gcc/loongarch64-poky-linux/8.3.0/liblto_plugin.so -plugin-opt=/opt/poky/3.3+snapshot/sysroots/x86_64-pokysdk-linux/usr/libexec/loongarch64-poky-linux/gcc/loongarch64-poky-linux/8.3.0/lto-wrapper -plugin-opt=-fresolution=/tmp/cc64KxY3.res -plugin-opt=-pass-through=-lgcc -plugin-opt=-pass-through=-lgcc_s -plugin-opt=-pass-through=-lc -plugin-opt=-pass-through=-lgcc -plugin-opt=-pass-through=-lgcc_s --sysroot=/opt/poky/3.3+snapshot/sysroots/loongarch64-poky-linux --build-id --eh-frame-hdr --hash-style=gnu -EL -dynamic-linker /lib/ld.so.1 -melf64loongarch -pie -o cmTC_35d1d /opt/poky/3.3+snapshot/sysroots/loongarch64-poky-linux/usr/lib/../lib/Scrt1.o /opt/poky/3.3+snapshot/sysroots/loongarch64-poky-linux/usr/lib/../lib/crti.o /opt/poky/3.3+snapshot/sysroots/loongarch64-poky-linux/usr/lib/../lib/loongarch64-poky-linux/8.3.0/crtbeginS.o -L/opt/poky/3.3+snapshot/sysroots/x86_64-pokysdk-linux/usr/lib/loongarch64-poky-linux/gcc/loongarch64-poky-linux/8.3.0 -L/opt/poky/3.3+snapshot/sysroots/loongarch64-poky-linux/lib/../lib -L/opt/poky/3.3+snapshot/sysroots/loongarch64-poky-linux/usr/lib/../lib/loongarch64-poky-linux/8.3.0 -L/opt/poky/3.3+snapshot/sysroots/loongarch64-poky-linux/usr/lib/loongarch64-poky-linux/8.3.0 -L/opt/poky/3.3+snapshot/sysroots/loongarch64-poky-linux/usr/lib/../lib -L/opt/poky/3.3+snapshot/sysroots/loongarch64-poky-linux/lib -L/opt/poky/3.3+snapshot/sysroots/loongarch64-poky-linux/usr/lib -O1 --hash-style=gnu --as-needed -z relro -z now CMakeFiles/cmTC_35d1d.dir/CMakeCCompilerABI.c.o -lgcc --push-state --as-needed -lgcc_s --pop-state -lc -lgcc --push-state --as-needed -lgcc_s --pop-state /opt/poky/3.3+snapshot/sysroots/loongarch64-poky-linux/usr/lib/../lib/loongarch64-poky-linux/8.3.0/crtendS.o /opt/poky/3.3+snapshot/sysroots/loongarch64-poky-linux/usr/lib/../lib/crtn.o
COLLECT_GCC_OPTIONS='--sysroot=/opt/poky/3.3+snapshot/sysroots/loongarch64-poky-linux' '-march=loongarch64' '-mabi=lp64' '-fstack-protector-strong' '-O2' '-D' '_FORTIFY_SOURCE=2' '-Wformat=1' '-Wformat-security' '-Werror=format-security' '-O2' '-pipe' '-g' '-feliminate-unused-debug-types' '-v' '-o' 'cmTC_35d1d' '-EL'
make[1]: Leaving directory '/root/loongarch/project/src/CS/CMakeFiles/CMakeTmp'



Parsed C implicit include dir info from above output: rv=done
  found start of include info
  found start of implicit include info
    add: [/opt/poky/3.3+snapshot/sysroots/x86_64-pokysdk-linux/usr/lib/loongarch64-poky-linux/gcc/loongarch64-poky-linux/8.3.0/include]
    add: [/opt/poky/3.3+snapshot/sysroots/x86_64-pokysdk-linux/usr/lib/loongarch64-poky-linux/gcc/loongarch64-poky-linux/8.3.0/include-fixed]
    add: [/opt/poky/3.3+snapshot/sysroots/loongarch64-poky-linux/usr/include]
  end of search list found
  collapse include dir [/opt/poky/3.3+snapshot/sysroots/x86_64-pokysdk-linux/usr/lib/loongarch64-poky-linux/gcc/loongarch64-poky-linux/8.3.0/include] ==> [/opt/poky/3.3+snapshot/sysroots/x86_64-pokysdk-linux/usr/lib/loongarch64-poky-linux/gcc/loongarch64-poky-linux/8.3.0/include]
  collapse include dir [/opt/poky/3.3+snapshot/sysroots/x86_64-pokysdk-linux/usr/lib/loongarch64-poky-linux/gcc/loongarch64-poky-linux/8.3.0/include-fixed] ==> [/opt/poky/3.3+snapshot/sysroots/x86_64-pokysdk-linux/usr/lib/loongarch64-poky-linux/gcc/loongarch64-poky-linux/8.3.0/include-fixed]
  collapse include dir [/opt/poky/3.3+snapshot/sysroots/loongarch64-poky-linux/usr/include] ==> [/opt/poky/3.3+snapshot/sysroots/loongarch64-poky-linux/usr/include]
  implicit include dirs: [/opt/poky/3.3+snapshot/sysroots/x86_64-pokysdk-linux/usr/lib/loongarch64-poky-linux/gcc/loongarch64-poky-linux/8.3.0/include;/opt/poky/3.3+snapshot/sysroots/x86_64-pokysdk-linux/usr/lib/loongarch64-poky-linux/gcc/loongarch64-poky-linux/8.3.0/include-fixed;/opt/poky/3.3+snapshot/sysroots/loongarch64-poky-linux/usr/include]


Parsed C implicit link information from above output:
  link line regex: [^( *|.*[/\])(loongarch64-poky-linux-ld|CMAKE_LINK_STARTFILE-NOTFOUND|([^/\]+-)?ld|collect2)[^/\]*( |$)]
  ignore line: [Change Dir: /root/loongarch/project/src/CS/CMakeFiles/CMakeTmp]
  ignore line: []
  ignore line: [Run Build Command(s):/usr/bin/make -f Makefile cmTC_35d1d/fast && /usr/bin/make  -f CMakeFiles/cmTC_35d1d.dir/build.make CMakeFiles/cmTC_35d1d.dir/build]
  ignore line: [make[1]: Entering directory '/root/loongarch/project/src/CS/CMakeFiles/CMakeTmp']
  ignore line: [Building C object CMakeFiles/cmTC_35d1d.dir/CMakeCCompilerABI.c.o]
  ignore line: [/opt/poky/3.3+snapshot/sysroots/x86_64-pokysdk-linux/usr/bin/loongarch64-poky-linux/loongarch64-poky-linux-gcc   -march=loongarch64 -mabi=lp64 -fstack-protector-strong  -O2 -D_FORTIFY_SOURCE=2 -Wformat -Wformat-security -Werror=format-security --sysroot=/opt/poky/3.3+snapshot/sysroots/loongarch64-poky-linux --sysroot=/opt/poky/3.3+snapshot/sysroots/loongarch64-poky-linux   -O2 -pipe -g -feliminate-unused-debug-types     -v -o CMakeFiles/cmTC_35d1d.dir/CMakeCCompilerABI.c.o -c /opt/poky/3.3+snapshot/sysroots/x86_64-pokysdk-linux/usr/share/cmake-3.20/Modules/CMakeCCompilerABI.c]
  ignore line: [Using built-in specs.]
  ignore line: [COLLECT_GCC=/opt/poky/3.3+snapshot/sysroots/x86_64-pokysdk-linux/usr/bin/loongarch64-poky-linux/loongarch64-poky-linux-gcc]
  ignore line: [Target: loongarch64-poky-linux]
  ignore line: [Configured with: ../../../../../../work-shared/gcc-8.3.0-r0/git/configure --build=x86_64-linux --host=x86_64-pokysdk-linux --target=loongarch64-poky-linux --prefix=/opt/poky/3.3+snapshot/sysroots/x86_64-pokysdk-linux/usr --exec_prefix=/opt/poky/3.3+snapshot/sysroots/x86_64-pokysdk-linux/usr --bindir=/opt/poky/3.3+snapshot/sysroots/x86_64-pokysdk-linux/usr/bin/loongarch64-poky-linux --sbindir=/opt/poky/3.3+snapshot/sysroots/x86_64-pokysdk-linux/usr/bin/loongarch64-poky-linux --libexecdir=/opt/poky/3.3+snapshot/sysroots/x86_64-pokysdk-linux/usr/libexec/loongarch64-poky-linux --datadir=/opt/poky/3.3+snapshot/sysroots/x86_64-pokysdk-linux/usr/share --sysconfdir=/opt/poky/3.3+snapshot/sysroots/x86_64-pokysdk-linux/etc --sharedstatedir=/opt/poky/3.3+snapshot/sysroots/x86_64-pokysdk-linux/com --localstatedir=/opt/poky/3.3+snapshot/sysroots/x86_64-pokysdk-linux/var --libdir=/opt/poky/3.3+snapshot/sysroots/x86_64-pokysdk-linux/usr/lib/loongarch64-poky-linux --includedir=/opt/poky/3.3+snapshot/sysroots/x86_64-pokysdk-linux/usr/include --oldincludedir=/opt/poky/3.3+snapshot/sysroots/x86_64-pokysdk-linux/usr/include --infodir=/opt/poky/3.3+snapshot/sysroots/x86_64-pokysdk-linux/usr/share/info --mandir=/opt/poky/3.3+snapshot/sysroots/x86_64-pokysdk-linux/usr/share/man --disable-silent-rules --disable-dependency-tracking --with-libtool-sysroot=/media/fsy/mywork/loongson/LoongArch/yocto/poky/build/tmp/work/x86_64-nativesdk-pokysdk-linux/gcc-cross-canadian-loongarch64/8.3.0-r0/recipe-sysroot --enable-shared --enable-languages=c c++ --enable-threads=posix --enable-multilib --enable-default-pie --enable-c99 --enable-long-long --enable-symvers=gnu --enable-libstdcxx-pch --program-prefix=loongarch64-poky-linux- --without-local-prefix --disable-install-libiberty --with-newlib --enable-tls --disable-libstdcxx --disable-gcov --enable-initfini-array --disable-libatomic --disable-libmudflap --disable-libssp --disable-libvtv --disable-libquadmath --disable-libgomp --disable-libmpx --disable-nls --disable-bootstrap --disable-libssp --enable-libitm --enable-lto --disable-bootstrap --with-system-zlib --with-linker-hash-style=gnu --enable-linker-build-id --with-ppl=no --with-cloog=no --enable-checking=release --enable-cheaders=c_global --without-isl --with-gxx-include-dir=/not/exist/usr/include/c++/8.3.0 --with-build-time-tools=/media/fsy/mywork/loongson/LoongArch/yocto/poky/build/tmp/work/x86_64-nativesdk-pokysdk-linux/gcc-cross-canadian-loongarch64/8.3.0-r0/recipe-sysroot-native/usr/loongarch64-poky-linux/bin --with-sysroot=/not/exist --with-build-sysroot=/media/fsy/mywork/loongson/LoongArch/yocto/poky/build/tmp/work/x86_64-nativesdk-pokysdk-linux/gcc-cross-canadian-loongarch64/8.3.0-r0/recipe-sysroot --enable-poison-system-directories --enable-nls --with-glibc-version=2.28 --enable-initfini-array --enable-__cxa_atexit --with-abi=lp64 --with-arch=loongarch64]
  ignore line: [Thread model: posix]
  ignore line: [gcc version 8.3.0 (GCC) ]
  ignore line: [COLLECT_GCC_OPTIONS='--sysroot=/opt/poky/3.3+snapshot/sysroots/loongarch64-poky-linux' '-march=loongarch64' '-mabi=lp64' '-fstack-protector-strong' '-O2' '-D' '_FORTIFY_SOURCE=2' '-Wformat=1' '-Wformat-security' '-Werror=format-security' '-O2' '-pipe' '-g' '-feliminate-unused-debug-types' '-v' '-o' 'CMakeFiles/cmTC_35d1d.dir/CMakeCCompilerABI.c.o' '-c' '-EL']
  ignore line: [ /opt/poky/3.3+snapshot/sysroots/x86_64-pokysdk-linux/usr/libexec/loongarch64-poky-linux/gcc/loongarch64-poky-linux/8.3.0/cc1 -quiet -v -isysroot /opt/poky/3.3+snapshot/sysroots/loongarch64-poky-linux -D _FORTIFY_SOURCE=2 /opt/poky/3.3+snapshot/sysroots/x86_64-pokysdk-linux/usr/share/cmake-3.20/Modules/CMakeCCompilerABI.c -mel -quiet -dumpbase CMakeCCompilerABI.c -march=loongarch64 -mabi=lp64 -auxbase-strip CMakeFiles/cmTC_35d1d.dir/CMakeCCompilerABI.c.o -g -O2 -O2 -Wformat=1 -Wformat-security -Werror=format-security -version -fstack-protector-strong -feliminate-unused-debug-types -o - |]
  ignore line: [ /opt/poky/3.3+snapshot/sysroots/x86_64-pokysdk-linux/usr/libexec/loongarch64-poky-linux/gcc/loongarch64-poky-linux/8.3.0/as -v -mabi=lp64 -o CMakeFiles/cmTC_35d1d.dir/CMakeCCompilerABI.c.o]
  ignore line: [GNU C17 (GCC) version 8.3.0 (loongarch64-poky-linux)]
  ignore line: [	compiled by GNU C version 8.3.0  GMP version 6.2.1  MPFR version 4.1.0  MPC version 1.2.1  isl version none]
  ignore line: [GGC heuristics: --param ggc-min-expand=100 --param ggc-min-heapsize=131072]
  ignore line: [ignoring nonexistent directory "/opt/poky/3.3+snapshot/sysroots/loongarch64-poky-linux/usr/lib/gcc/loongarch64-poky-linux/8.3.0/include"]
  ignore line: [ignoring nonexistent directory "/opt/poky/3.3+snapshot/sysroots/loongarch64-poky-linux/usr/local/include"]
  ignore line: [ignoring nonexistent directory "/opt/poky/3.3+snapshot/sysroots/x86_64-pokysdk-linux/usr/lib/loongarch64-poky-linux/gcc/loongarch64-poky-linux/8.3.0/../../../../../loongarch64-poky-linux/include"]
  ignore line: [#include "..." search starts here:]
  ignore line: [#include <...> search starts here:]
  ignore line: [ /opt/poky/3.3+snapshot/sysroots/x86_64-pokysdk-linux/usr/lib/loongarch64-poky-linux/gcc/loongarch64-poky-linux/8.3.0/include]
  ignore line: [ /opt/poky/3.3+snapshot/sysroots/x86_64-pokysdk-linux/usr/lib/loongarch64-poky-linux/gcc/loongarch64-poky-linux/8.3.0/include-fixed]
  ignore line: [ /opt/poky/3.3+snapshot/sysroots/loongarch64-poky-linux/usr/include]
  ignore line: [End of search list.]
  ignore line: [GNU assembler version 2.31.1 (loongarch64-poky-linux) using BFD version (GNU Binutils) 2.31.1.20190122]
  ignore line: [GNU C17 (GCC) version 8.3.0 (loongarch64-poky-linux)]
  ignore line: [	compiled by GNU C version 8.3.0  GMP version 6.2.1  MPFR version 4.1.0  MPC version 1.2.1  isl version none]
  ignore line: [GGC heuristics: --param ggc-min-expand=100 --param ggc-min-heapsize=131072]
  ignore line: [Compiler executable checksum: 4d61d4e74563296c351cf5917a74fc55]
  ignore line: [COMPILER_PATH=/opt/poky/3.3+snapshot/sysroots/x86_64-pokysdk-linux/usr/libexec/loongarch64-poky-linux/gcc/loongarch64-poky-linux/8.3.0/:/opt/poky/3.3+snapshot/sysroots/x86_64-pokysdk-linux/usr/libexec/loongarch64-poky-linux/gcc/loongarch64-poky-linux/8.3.0/:/opt/poky/3.3+snapshot/sysroots/x86_64-pokysdk-linux/usr/libexec/loongarch64-poky-linux/gcc/loongarch64-poky-linux/:/opt/poky/3.3+snapshot/sysroots/x86_64-pokysdk-linux/usr/lib/loongarch64-poky-linux/gcc/loongarch64-poky-linux/8.3.0/:/opt/poky/3.3+snapshot/sysroots/x86_64-pokysdk-linux/usr/lib/loongarch64-poky-linux/gcc/loongarch64-poky-linux/]
  ignore line: [LIBRARY_PATH=/opt/poky/3.3+snapshot/sysroots/x86_64-pokysdk-linux/usr/lib/loongarch64-poky-linux/gcc/loongarch64-poky-linux/8.3.0/:/opt/poky/3.3+snapshot/sysroots/loongarch64-poky-linux/lib/../lib/:/opt/poky/3.3+snapshot/sysroots/loongarch64-poky-linux/usr/lib/../lib/loongarch64-poky-linux/8.3.0/:/opt/poky/3.3+snapshot/sysroots/loongarch64-poky-linux/usr/lib/loongarch64-poky-linux/8.3.0/:/opt/poky/3.3+snapshot/sysroots/loongarch64-poky-linux/usr/lib/../lib/:/opt/poky/3.3+snapshot/sysroots/loongarch64-poky-linux/lib/:/opt/poky/3.3+snapshot/sysroots/loongarch64-poky-linux/usr/lib/]
  ignore line: [COLLECT_GCC_OPTIONS='--sysroot=/opt/poky/3.3+snapshot/sysroots/loongarch64-poky-linux' '-march=loongarch64' '-mabi=lp64' '-fstack-protector-strong' '-O2' '-D' '_FORTIFY_SOURCE=2' '-Wformat=1' '-Wformat-security' '-Werror=format-security' '-O2' '-pipe' '-g' '-feliminate-unused-debug-types' '-v' '-o' 'CMakeFiles/cmTC_35d1d.dir/CMakeCCompilerABI.c.o' '-c' '-EL']
  ignore line: [Linking C executable cmTC_35d1d]
  ignore line: [/opt/poky/3.3+snapshot/sysroots/x86_64-pokysdk-linux/usr/bin/cmake -E cmake_link_script CMakeFiles/cmTC_35d1d.dir/link.txt --verbose=1]
  ignore line: [/opt/poky/3.3+snapshot/sysroots/x86_64-pokysdk-linux/usr/bin/loongarch64-poky-linux/loongarch64-poky-linux-gcc   -march=loongarch64 -mabi=lp64 -fstack-protector-strong  -O2 -D_FORTIFY_SOURCE=2 -Wformat -Wformat-security -Werror=format-security --sysroot=/opt/poky/3.3+snapshot/sysroots/loongarch64-poky-linux --sysroot=/opt/poky/3.3+snapshot/sysroots/loongarch64-poky-linux  -O2 -pipe -g -feliminate-unused-debug-types   -Wl -O1 -Wl --hash-style=gnu -Wl --as-needed -Wl -z relro -z now -v CMakeFiles/cmTC_35d1d.dir/CMakeCCompilerABI.c.o -o cmTC_35d1d ]
  ignore line: [Using built-in specs.]
  ignore line: [COLLECT_GCC=/opt/poky/3.3+snapshot/sysroots/x86_64-pokysdk-linux/usr/bin/loongarch64-poky-linux/loongarch64-poky-linux-gcc]
  ignore line: [COLLECT_LTO_WRAPPER=/opt/poky/3.3+snapshot/sysroots/x86_64-pokysdk-linux/usr/libexec/loongarch64-poky-linux/gcc/loongarch64-poky-linux/8.3.0/lto-wrapper]
  ignore line: [Target: loongarch64-poky-linux]
  ignore line: [Configured with: ../../../../../../work-shared/gcc-8.3.0-r0/git/configure --build=x86_64-linux --host=x86_64-pokysdk-linux --target=loongarch64-poky-linux --prefix=/opt/poky/3.3+snapshot/sysroots/x86_64-pokysdk-linux/usr --exec_prefix=/opt/poky/3.3+snapshot/sysroots/x86_64-pokysdk-linux/usr --bindir=/opt/poky/3.3+snapshot/sysroots/x86_64-pokysdk-linux/usr/bin/loongarch64-poky-linux --sbindir=/opt/poky/3.3+snapshot/sysroots/x86_64-pokysdk-linux/usr/bin/loongarch64-poky-linux --libexecdir=/opt/poky/3.3+snapshot/sysroots/x86_64-pokysdk-linux/usr/libexec/loongarch64-poky-linux --datadir=/opt/poky/3.3+snapshot/sysroots/x86_64-pokysdk-linux/usr/share --sysconfdir=/opt/poky/3.3+snapshot/sysroots/x86_64-pokysdk-linux/etc --sharedstatedir=/opt/poky/3.3+snapshot/sysroots/x86_64-pokysdk-linux/com --localstatedir=/opt/poky/3.3+snapshot/sysroots/x86_64-pokysdk-linux/var --libdir=/opt/poky/3.3+snapshot/sysroots/x86_64-pokysdk-linux/usr/lib/loongarch64-poky-linux --includedir=/opt/poky/3.3+snapshot/sysroots/x86_64-pokysdk-linux/usr/include --oldincludedir=/opt/poky/3.3+snapshot/sysroots/x86_64-pokysdk-linux/usr/include --infodir=/opt/poky/3.3+snapshot/sysroots/x86_64-pokysdk-linux/usr/share/info --mandir=/opt/poky/3.3+snapshot/sysroots/x86_64-pokysdk-linux/usr/share/man --disable-silent-rules --disable-dependency-tracking --with-libtool-sysroot=/media/fsy/mywork/loongson/LoongArch/yocto/poky/build/tmp/work/x86_64-nativesdk-pokysdk-linux/gcc-cross-canadian-loongarch64/8.3.0-r0/recipe-sysroot --enable-shared --enable-languages=c c++ --enable-threads=posix --enable-multilib --enable-default-pie --enable-c99 --enable-long-long --enable-symvers=gnu --enable-libstdcxx-pch --program-prefix=loongarch64-poky-linux- --without-local-prefix --disable-install-libiberty --with-newlib --enable-tls --disable-libstdcxx --disable-gcov --enable-initfini-array --disable-libatomic --disable-libmudflap --disable-libssp --disable-libvtv --disable-libquadmath --disable-libgomp --disable-libmpx --disable-nls --disable-bootstrap --disable-libssp --enable-libitm --enable-lto --disable-bootstrap --with-system-zlib --with-linker-hash-style=gnu --enable-linker-build-id --with-ppl=no --with-cloog=no --enable-checking=release --enable-cheaders=c_global --without-isl --with-gxx-include-dir=/not/exist/usr/include/c++/8.3.0 --with-build-time-tools=/media/fsy/mywork/loongson/LoongArch/yocto/poky/build/tmp/work/x86_64-nativesdk-pokysdk-linux/gcc-cross-canadian-loongarch64/8.3.0-r0/recipe-sysroot-native/usr/loongarch64-poky-linux/bin --with-sysroot=/not/exist --with-build-sysroot=/media/fsy/mywork/loongson/LoongArch/yocto/poky/build/tmp/work/x86_64-nativesdk-pokysdk-linux/gcc-cross-canadian-loongarch64/8.3.0-r0/recipe-sysroot --enable-poison-system-directories --enable-nls --with-glibc-version=2.28 --enable-initfini-array --enable-__cxa_atexit --with-abi=lp64 --with-arch=loongarch64]
  ignore line: [Thread model: posix]
  ignore line: [gcc version 8.3.0 (GCC) ]
  ignore line: [COMPILER_PATH=/opt/poky/3.3+snapshot/sysroots/x86_64-pokysdk-linux/usr/libexec/loongarch64-poky-linux/gcc/loongarch64-poky-linux/8.3.0/:/opt/poky/3.3+snapshot/sysroots/x86_64-pokysdk-linux/usr/libexec/loongarch64-poky-linux/gcc/loongarch64-poky-linux/8.3.0/:/opt/poky/3.3+snapshot/sysroots/x86_64-pokysdk-linux/usr/libexec/loongarch64-poky-linux/gcc/loongarch64-poky-linux/:/opt/poky/3.3+snapshot/sysroots/x86_64-pokysdk-linux/usr/lib/loongarch64-poky-linux/gcc/loongarch64-poky-linux/8.3.0/:/opt/poky/3.3+snapshot/sysroots/x86_64-pokysdk-linux/usr/lib/loongarch64-poky-linux/gcc/loongarch64-poky-linux/]
  ignore line: [LIBRARY_PATH=/opt/poky/3.3+snapshot/sysroots/x86_64-pokysdk-linux/usr/lib/loongarch64-poky-linux/gcc/loongarch64-poky-linux/8.3.0/:/opt/poky/3.3+snapshot/sysroots/loongarch64-poky-linux/lib/../lib/:/opt/poky/3.3+snapshot/sysroots/loongarch64-poky-linux/usr/lib/../lib/loongarch64-poky-linux/8.3.0/:/opt/poky/3.3+snapshot/sysroots/loongarch64-poky-linux/usr/lib/loongarch64-poky-linux/8.3.0/:/opt/poky/3.3+snapshot/sysroots/loongarch64-poky-linux/usr/lib/../lib/:/opt/poky/3.3+snapshot/sysroots/loongarch64-poky-linux/lib/:/opt/poky/3.3+snapshot/sysroots/loongarch64-poky-linux/usr/lib/]
  ignore line: [COLLECT_GCC_OPTIONS='--sysroot=/opt/poky/3.3+snapshot/sysroots/loongarch64-poky-linux' '-march=loongarch64' '-mabi=lp64' '-fstack-protector-strong' '-O2' '-D' '_FORTIFY_SOURCE=2' '-Wformat=1' '-Wformat-security' '-Werror=format-security' '-O2' '-pipe' '-g' '-feliminate-unused-debug-types' '-v' '-o' 'cmTC_35d1d' '-EL']
  link line: [ /opt/poky/3.3+snapshot/sysroots/x86_64-pokysdk-linux/usr/libexec/loongarch64-poky-linux/gcc/loongarch64-poky-linux/8.3.0/collect2 -plugin /opt/poky/3.3+snapshot/sysroots/x86_64-pokysdk-linux/usr/libexec/loongarch64-poky-linux/gcc/loongarch64-poky-linux/8.3.0/liblto_plugin.so -plugin-opt=/opt/poky/3.3+snapshot/sysroots/x86_64-pokysdk-linux/usr/libexec/loongarch64-poky-linux/gcc/loongarch64-poky-linux/8.3.0/lto-wrapper -plugin-opt=-fresolution=/tmp/cc64KxY3.res -plugin-opt=-pass-through=-lgcc -plugin-opt=-pass-through=-lgcc_s -plugin-opt=-pass-through=-lc -plugin-opt=-pass-through=-lgcc -plugin-opt=-pass-through=-lgcc_s --sysroot=/opt/poky/3.3+snapshot/sysroots/loongarch64-poky-linux --build-id --eh-frame-hdr --hash-style=gnu -EL -dynamic-linker /lib/ld.so.1 -melf64loongarch -pie -o cmTC_35d1d /opt/poky/3.3+snapshot/sysroots/loongarch64-poky-linux/usr/lib/../lib/Scrt1.o /opt/poky/3.3+snapshot/sysroots/loongarch64-poky-linux/usr/lib/../lib/crti.o /opt/poky/3.3+snapshot/sysroots/loongarch64-poky-linux/usr/lib/../lib/loongarch64-poky-linux/8.3.0/crtbeginS.o -L/opt/poky/3.3+snapshot/sysroots/x86_64-pokysdk-linux/usr/lib/loongarch64-poky-linux/gcc/loongarch64-poky-linux/8.3.0 -L/opt/poky/3.3+snapshot/sysroots/loongarch64-poky-linux/lib/../lib -L/opt/poky/3.3+snapshot/sysroots/loongarch64-poky-linux/usr/lib/../lib/loongarch64-poky-linux/8.3.0 -L/opt/poky/3.3+snapshot/sysroots/loongarch64-poky-linux/usr/lib/loongarch64-poky-linux/8.3.0 -L/opt/poky/3.3+snapshot/sysroots/loongarch64-poky-linux/usr/lib/../lib -L/opt/poky/3.3+snapshot/sysroots/loongarch64-poky-linux/lib -L/opt/poky/3.3+snapshot/sysroots/loongarch64-poky-linux/usr/lib -O1 --hash-style=gnu --as-needed -z relro -z now CMakeFiles/cmTC_35d1d.dir/CMakeCCompilerABI.c.o -lgcc --push-state --as-needed -lgcc_s --pop-state -lc -lgcc --push-state --as-needed -lgcc_s --pop-state /opt/poky/3.3+snapshot/sysroots/loongarch64-poky-linux/usr/lib/../lib/loongarch64-poky-linux/8.3.0/crtendS.o /opt/poky/3.3+snapshot/sysroots/loongarch64-poky-linux/usr/lib/../lib/crtn.o]
    arg [/opt/poky/3.3+snapshot/sysroots/x86_64-pokysdk-linux/usr/libexec/loongarch64-poky-linux/gcc/loongarch64-poky-linux/8.3.0/collect2] ==> ignore
    arg [-plugin] ==> ignore
    arg [/opt/poky/3.3+snapshot/sysroots/x86_64-pokysdk-linux/usr/libexec/loongarch64-poky-linux/gcc/loongarch64-poky-linux/8.3.0/liblto_plugin.so] ==> ignore
    arg [-plugin-opt=/opt/poky/3.3+snapshot/sysroots/x86_64-pokysdk-linux/usr/libexec/loongarch64-poky-linux/gcc/loongarch64-poky-linux/8.3.0/lto-wrapper] ==> ignore
    arg [-plugin-opt=-fresolution=/tmp/cc64KxY3.res] ==> ignore
    arg [-plugin-opt=-pass-through=-lgcc] ==> ignore
    arg [-plugin-opt=-pass-through=-lgcc_s] ==> ignore
    arg [-plugin-opt=-pass-through=-lc] ==> ignore
    arg [-plugin-opt=-pass-through=-lgcc] ==> ignore
    arg [-plugin-opt=-pass-through=-lgcc_s] ==> ignore
    arg [--sysroot=/opt/poky/3.3+snapshot/sysroots/loongarch64-poky-linux] ==> ignore
    arg [--build-id] ==> ignore
    arg [--eh-frame-hdr] ==> ignore
    arg [--hash-style=gnu] ==> ignore
    arg [-EL] ==> ignore
    arg [-dynamic-linker] ==> ignore
    arg [/lib/ld.so.1] ==> ignore
    arg [-melf64loongarch] ==> ignore
    arg [-pie] ==> ignore
    arg [-o] ==> ignore
    arg [cmTC_35d1d] ==> ignore
    arg [/opt/poky/3.3+snapshot/sysroots/loongarch64-poky-linux/usr/lib/../lib/Scrt1.o] ==> obj [/opt/poky/3.3+snapshot/sysroots/loongarch64-poky-linux/usr/lib/../lib/Scrt1.o]
    arg [/opt/poky/3.3+snapshot/sysroots/loongarch64-poky-linux/usr/lib/../lib/crti.o] ==> obj [/opt/poky/3.3+snapshot/sysroots/loongarch64-poky-linux/usr/lib/../lib/crti.o]
    arg [/opt/poky/3.3+snapshot/sysroots/loongarch64-poky-linux/usr/lib/../lib/loongarch64-poky-linux/8.3.0/crtbeginS.o] ==> obj [/opt/poky/3.3+snapshot/sysroots/loongarch64-poky-linux/usr/lib/../lib/loongarch64-poky-linux/8.3.0/crtbeginS.o]
    arg [-L/opt/poky/3.3+snapshot/sysroots/x86_64-pokysdk-linux/usr/lib/loongarch64-poky-linux/gcc/loongarch64-poky-linux/8.3.0] ==> dir [/opt/poky/3.3+snapshot/sysroots/x86_64-pokysdk-linux/usr/lib/loongarch64-poky-linux/gcc/loongarch64-poky-linux/8.3.0]
    arg [-L/opt/poky/3.3+snapshot/sysroots/loongarch64-poky-linux/lib/../lib] ==> dir [/opt/poky/3.3+snapshot/sysroots/loongarch64-poky-linux/lib/../lib]
    arg [-L/opt/poky/3.3+snapshot/sysroots/loongarch64-poky-linux/usr/lib/../lib/loongarch64-poky-linux/8.3.0] ==> dir [/opt/poky/3.3+snapshot/sysroots/loongarch64-poky-linux/usr/lib/../lib/loongarch64-poky-linux/8.3.0]
    arg [-L/opt/poky/3.3+snapshot/sysroots/loongarch64-poky-linux/usr/lib/loongarch64-poky-linux/8.3.0] ==> dir [/opt/poky/3.3+snapshot/sysroots/loongarch64-poky-linux/usr/lib/loongarch64-poky-linux/8.3.0]
    arg [-L/opt/poky/3.3+snapshot/sysroots/loongarch64-poky-linux/usr/lib/../lib] ==> dir [/opt/poky/3.3+snapshot/sysroots/loongarch64-poky-linux/usr/lib/../lib]
    arg [-L/opt/poky/3.3+snapshot/sysroots/loongarch64-poky-linux/lib] ==> dir [/opt/poky/3.3+snapshot/sysroots/loongarch64-poky-linux/lib]
    arg [-L/opt/poky/3.3+snapshot/sysroots/loongarch64-poky-linux/usr/lib] ==> dir [/opt/poky/3.3+snapshot/sysroots/loongarch64-poky-linux/usr/lib]
    arg [-O1] ==> ignore
    arg [--hash-style=gnu] ==> ignore
    arg [--as-needed] ==> ignore
    arg [-zrelro] ==> ignore
    arg [-znow] ==> ignore
    arg [CMakeFiles/cmTC_35d1d.dir/CMakeCCompilerABI.c.o] ==> ignore
    arg [-lgcc] ==> lib [gcc]
    arg [--push-state] ==> ignore
    arg [--as-needed] ==> ignore
    arg [-lgcc_s] ==> lib [gcc_s]
    arg [--pop-state] ==> ignore
    arg [-lc] ==> lib [c]
    arg [-lgcc] ==> lib [gcc]
    arg [--push-state] ==> ignore
    arg [--as-needed] ==> ignore
    arg [-lgcc_s] ==> lib [gcc_s]
    arg [--pop-state] ==> ignore
    arg [/opt/poky/3.3+snapshot/sysroots/loongarch64-poky-linux/usr/lib/../lib/loongarch64-poky-linux/8.3.0/crtendS.o] ==> obj [/opt/poky/3.3+snapshot/sysroots/loongarch64-poky-linux/usr/lib/../lib/loongarch64-poky-linux/8.3.0/crtendS.o]
    arg [/opt/poky/3.3+snapshot/sysroots/loongarch64-poky-linux/usr/lib/../lib/crtn.o] ==> obj [/opt/poky/3.3+snapshot/sysroots/loongarch64-poky-linux/usr/lib/../lib/crtn.o]
  collapse obj [/opt/poky/3.3+snapshot/sysroots/loongarch64-poky-linux/usr/lib/../lib/Scrt1.o] ==> [/opt/poky/3.3+snapshot/sysroots/loongarch64-poky-linux/usr/lib/Scrt1.o]
  collapse obj [/opt/poky/3.3+snapshot/sysroots/loongarch64-poky-linux/usr/lib/../lib/crti.o] ==> [/opt/poky/3.3+snapshot/sysroots/loongarch64-poky-linux/usr/lib/crti.o]
  collapse obj [/opt/poky/3.3+snapshot/sysroots/loongarch64-poky-linux/usr/lib/../lib/loongarch64-poky-linux/8.3.0/crtbeginS.o] ==> [/opt/poky/3.3+snapshot/sysroots/loongarch64-poky-linux/usr/lib/loongarch64-poky-linux/8.3.0/crtbeginS.o]
  collapse obj [/opt/poky/3.3+snapshot/sysroots/loongarch64-poky-linux/usr/lib/../lib/loongarch64-poky-linux/8.3.0/crtendS.o] ==> [/opt/poky/3.3+snapshot/sysroots/loongarch64-poky-linux/usr/lib/loongarch64-poky-linux/8.3.0/crtendS.o]
  collapse obj [/opt/poky/3.3+snapshot/sysroots/loongarch64-poky-linux/usr/lib/../lib/crtn.o] ==> [/opt/poky/3.3+snapshot/sysroots/loongarch64-poky-linux/usr/lib/crtn.o]
  collapse library dir [/opt/poky/3.3+snapshot/sysroots/x86_64-pokysdk-linux/usr/lib/loongarch64-poky-linux/gcc/loongarch64-poky-linux/8.3.0] ==> [/opt/poky/3.3+snapshot/sysroots/x86_64-pokysdk-linux/usr/lib/loongarch64-poky-linux/gcc/loongarch64-poky-linux/8.3.0]
  collapse library dir [/opt/poky/3.3+snapshot/sysroots/loongarch64-poky-linux/lib/../lib] ==> [/opt/poky/3.3+snapshot/sysroots/loongarch64-poky-linux/lib]
  collapse library dir [/opt/poky/3.3+snapshot/sysroots/loongarch64-poky-linux/usr/lib/../lib/loongarch64-poky-linux/8.3.0] ==> [/opt/poky/3.3+snapshot/sysroots/loongarch64-poky-linux/usr/lib/loongarch64-poky-linux/8.3.0]
  collapse library dir [/opt/poky/3.3+snapshot/sysroots/loongarch64-poky-linux/usr/lib/loongarch64-poky-linux/8.3.0] ==> [/opt/poky/3.3+snapshot/sysroots/loongarch64-poky-linux/usr/lib/loongarch64-poky-linux/8.3.0]
  collapse library dir [/opt/poky/3.3+snapshot/sysroots/loongarch64-poky-linux/usr/lib/../lib] ==> [/opt/poky/3.3+snapshot/sysroots/loongarch64-poky-linux/usr/lib]
  collapse library dir [/opt/poky/3.3+snapshot/sysroots/loongarch64-poky-linux/lib] ==> [/opt/poky/3.3+snapshot/sysroots/loongarch64-poky-linux/lib]
  collapse library dir [/opt/poky/3.3+snapshot/sysroots/loongarch64-poky-linux/usr/lib] ==> [/opt/poky/3.3+snapshot/sysroots/loongarch64-poky-linux/usr/lib]
  implicit libs: [gcc;gcc_s;c;gcc;gcc_s]
  implicit objs: [/opt/poky/3.3+snapshot/sysroots/loongarch64-poky-linux/usr/lib/Scrt1.o;/opt/poky/3.3+snapshot/sysroots/loongarch64-poky-linux/usr/lib/crti.o;/opt/poky/3.3+snapshot/sysroots/loongarch64-poky-linux/usr/lib/loongarch64-poky-linux/8.3.0/crtbeginS.o;/opt/poky/3.3+snapshot/sysroots/loongarch64-poky-linux/usr/lib/loongarch64-poky-linux/8.3.0/crtendS.o;/opt/poky/3.3+snapshot/sysroots/loongarch64-poky-linux/usr/lib/crtn.o]
  implicit dirs: [/opt/poky/3.3+snapshot/sysroots/x86_64-pokysdk-linux/usr/lib/loongarch64-poky-linux/gcc/loongarch64-poky-linux/8.3.0;/opt/poky/3.3+snapshot/sysroots/loongarch64-poky-linux/lib;/opt/poky/3.3+snapshot/sysroots/loongarch64-poky-linux/usr/lib/loongarch64-poky-linux/8.3.0;/opt/poky/3.3+snapshot/sysroots/loongarch64-poky-linux/usr/lib]
  implicit fwks: []


Detecting CXX compiler ABI info compiled with the following output:
Change Dir: /root/loongarch/project/src/CS/CMakeFiles/CMakeTmp

Run Build Command(s):/usr/bin/make -f Makefile cmTC_4264b/fast && /usr/bin/make  -f CMakeFiles/cmTC_4264b.dir/build.make CMakeFiles/cmTC_4264b.dir/build
make[1]: Entering directory '/root/loongarch/project/src/CS/CMakeFiles/CMakeTmp'
Building CXX object CMakeFiles/cmTC_4264b.dir/CMakeCXXCompilerABI.cpp.o
/opt/poky/3.3+snapshot/sysroots/x86_64-pokysdk-linux/usr/bin/loongarch64-poky-linux/loongarch64-poky-linux-g++   -march=loongarch64 -mabi=lp64 -fstack-protector-strong  -O2 -D_FORTIFY_SOURCE=2 -Wformat -Wformat-security -Werror=format-security --sysroot=/opt/poky/3.3+snapshot/sysroots/loongarch64-poky-linux --sysroot=/opt/poky/3.3+snapshot/sysroots/loongarch64-poky-linux   -O2 -pipe -g -feliminate-unused-debug-types     -v -o CMakeFiles/cmTC_4264b.dir/CMakeCXXCompilerABI.cpp.o -c /opt/poky/3.3+snapshot/sysroots/x86_64-pokysdk-linux/usr/share/cmake-3.20/Modules/CMakeCXXCompilerABI.cpp
Using built-in specs.
COLLECT_GCC=/opt/poky/3.3+snapshot/sysroots/x86_64-pokysdk-linux/usr/bin/loongarch64-poky-linux/loongarch64-poky-linux-g++
Target: loongarch64-poky-linux
Configured with: ../../../../../../work-shared/gcc-8.3.0-r0/git/configure --build=x86_64-linux --host=x86_64-pokysdk-linux --target=loongarch64-poky-linux --prefix=/opt/poky/3.3+snapshot/sysroots/x86_64-pokysdk-linux/usr --exec_prefix=/opt/poky/3.3+snapshot/sysroots/x86_64-pokysdk-linux/usr --bindir=/opt/poky/3.3+snapshot/sysroots/x86_64-pokysdk-linux/usr/bin/loongarch64-poky-linux --sbindir=/opt/poky/3.3+snapshot/sysroots/x86_64-pokysdk-linux/usr/bin/loongarch64-poky-linux --libexecdir=/opt/poky/3.3+snapshot/sysroots/x86_64-pokysdk-linux/usr/libexec/loongarch64-poky-linux --datadir=/opt/poky/3.3+snapshot/sysroots/x86_64-pokysdk-linux/usr/share --sysconfdir=/opt/poky/3.3+snapshot/sysroots/x86_64-pokysdk-linux/etc --sharedstatedir=/opt/poky/3.3+snapshot/sysroots/x86_64-pokysdk-linux/com --localstatedir=/opt/poky/3.3+snapshot/sysroots/x86_64-pokysdk-linux/var --libdir=/opt/poky/3.3+snapshot/sysroots/x86_64-pokysdk-linux/usr/lib/loongarch64-poky-linux --includedir=/opt/poky/3.3+snapshot/sysroots/x86_64-pokysdk-linux/usr/include --oldincludedir=/opt/poky/3.3+snapshot/sysroots/x86_64-pokysdk-linux/usr/include --infodir=/opt/poky/3.3+snapshot/sysroots/x86_64-pokysdk-linux/usr/share/info --mandir=/opt/poky/3.3+snapshot/sysroots/x86_64-pokysdk-linux/usr/share/man --disable-silent-rules --disable-dependency-tracking --with-libtool-sysroot=/media/fsy/mywork/loongson/LoongArch/yocto/poky/build/tmp/work/x86_64-nativesdk-pokysdk-linux/gcc-cross-canadian-loongarch64/8.3.0-r0/recipe-sysroot --enable-shared --enable-languages=c,c++ --enable-threads=posix --enable-multilib --enable-default-pie --enable-c99 --enable-long-long --enable-symvers=gnu --enable-libstdcxx-pch --program-prefix=loongarch64-poky-linux- --without-local-prefix --disable-install-libiberty --with-newlib --enable-tls --disable-libstdcxx --disable-gcov --enable-initfini-array --disable-libatomic --disable-libmudflap --disable-libssp --disable-libvtv --disable-libquadmath --disable-libgomp --disable-libmpx --disable-nls --disable-bootstrap --disable-libssp --enable-libitm --enable-lto --disable-bootstrap --with-system-zlib --with-linker-hash-style=gnu --enable-linker-build-id --with-ppl=no --with-cloog=no --enable-checking=release --enable-cheaders=c_global --without-isl --with-gxx-include-dir=/not/exist/usr/include/c++/8.3.0 --with-build-time-tools=/media/fsy/mywork/loongson/LoongArch/yocto/poky/build/tmp/work/x86_64-nativesdk-pokysdk-linux/gcc-cross-canadian-loongarch64/8.3.0-r0/recipe-sysroot-native/usr/loongarch64-poky-linux/bin --with-sysroot=/not/exist --with-build-sysroot=/media/fsy/mywork/loongson/LoongArch/yocto/poky/build/tmp/work/x86_64-nativesdk-pokysdk-linux/gcc-cross-canadian-loongarch64/8.3.0-r0/recipe-sysroot --enable-poison-system-directories --enable-nls --with-glibc-version=2.28 --enable-initfini-array --enable-__cxa_atexit --with-abi=lp64 --with-arch=loongarch64
Thread model: posix
gcc version 8.3.0 (GCC) 
COLLECT_GCC_OPTIONS='--sysroot=/opt/poky/3.3+snapshot/sysroots/loongarch64-poky-linux' '-march=loongarch64' '-mabi=lp64' '-fstack-protector-strong' '-O2' '-D' '_FORTIFY_SOURCE=2' '-Wformat=1' '-Wformat-security' '-Werror=format-security' '-O2' '-pipe' '-g' '-feliminate-unused-debug-types' '-v' '-o' 'CMakeFiles/cmTC_4264b.dir/CMakeCXXCompilerABI.cpp.o' '-c' '-shared-libgcc' '-EL'
 /opt/poky/3.3+snapshot/sysroots/x86_64-pokysdk-linux/usr/libexec/loongarch64-poky-linux/gcc/loongarch64-poky-linux/8.3.0/cc1plus -quiet -v -isysroot /opt/poky/3.3+snapshot/sysroots/loongarch64-poky-linux -D_GNU_SOURCE -D _FORTIFY_SOURCE=2 /opt/poky/3.3+snapshot/sysroots/x86_64-pokysdk-linux/usr/share/cmake-3.20/Modules/CMakeCXXCompilerABI.cpp -mel -quiet -dumpbase CMakeCXXCompilerABI.cpp -march=loongarch64 -mabi=lp64 -auxbase-strip CMakeFiles/cmTC_4264b.dir/CMakeCXXCompilerABI.cpp.o -g -O2 -O2 -Wformat=1 -Wformat-security -Werror=format-security -version -fstack-protector-strong -feliminate-unused-debug-types -o - |
 /opt/poky/3.3+snapshot/sysroots/x86_64-pokysdk-linux/usr/libexec/loongarch64-poky-linux/gcc/loongarch64-poky-linux/8.3.0/as -v -mabi=lp64 -o CMakeFiles/cmTC_4264b.dir/CMakeCXXCompilerABI.cpp.o
GNU C++14 (GCC) version 8.3.0 (loongarch64-poky-linux)
	compiled by GNU C version 8.3.0, GMP version 6.2.1, MPFR version 4.1.0, MPC version 1.2.1, isl version none
GGC heuristics: --param ggc-min-expand=100 --param ggc-min-heapsize=131072
ignoring nonexistent directory "/opt/poky/3.3+snapshot/sysroots/loongarch64-poky-linux/usr/include/c++/8.3.0/loongarch64-poky-linux"
ignoring nonexistent directory "/opt/poky/3.3+snapshot/sysroots/loongarch64-poky-linux/usr/lib/gcc/loongarch64-poky-linux/8.3.0/include"
ignoring nonexistent directory "/opt/poky/3.3+snapshot/sysroots/loongarch64-poky-linux/usr/local/include"
ignoring nonexistent directory "/opt/poky/3.3+snapshot/sysroots/x86_64-pokysdk-linux/usr/lib/loongarch64-poky-linux/gcc/loongarch64-poky-linux/8.3.0/../../../../../loongarch64-poky-linux/include"
#include "..." search starts here:
#include <...> search starts here:
 /opt/poky/3.3+snapshot/sysroots/loongarch64-poky-linux/usr/include/c++/8.3.0
 /opt/poky/3.3+snapshot/sysroots/loongarch64-poky-linux/usr/include/c++/8.3.0/backward
 /opt/poky/3.3+snapshot/sysroots/x86_64-pokysdk-linux/usr/lib/loongarch64-poky-linux/gcc/loongarch64-poky-linux/8.3.0/include
 /opt/poky/3.3+snapshot/sysroots/x86_64-pokysdk-linux/usr/lib/loongarch64-poky-linux/gcc/loongarch64-poky-linux/8.3.0/include-fixed
 /opt/poky/3.3+snapshot/sysroots/loongarch64-poky-linux/usr/include
End of search list.
GNU C++14 (GCC) version 8.3.0 (loongarch64-poky-linux)
	compiled by GNU C version 8.3.0, GMP version 6.2.1, MPFR version 4.1.0, MPC version 1.2.1, isl version none
GGC heuristics: --param ggc-min-expand=100 --param ggc-min-heapsize=131072
Compiler executable checksum: 9cb8debb756d70137a79e0fb205cdf3b
GNU assembler version 2.31.1 (loongarch64-poky-linux) using BFD version (GNU Binutils) 2.31.1.20190122
COMPILER_PATH=/opt/poky/3.3+snapshot/sysroots/x86_64-pokysdk-linux/usr/libexec/loongarch64-poky-linux/gcc/loongarch64-poky-linux/8.3.0/:/opt/poky/3.3+snapshot/sysroots/x86_64-pokysdk-linux/usr/libexec/loongarch64-poky-linux/gcc/loongarch64-poky-linux/8.3.0/:/opt/poky/3.3+snapshot/sysroots/x86_64-pokysdk-linux/usr/libexec/loongarch64-poky-linux/gcc/loongarch64-poky-linux/:/opt/poky/3.3+snapshot/sysroots/x86_64-pokysdk-linux/usr/lib/loongarch64-poky-linux/gcc/loongarch64-poky-linux/8.3.0/:/opt/poky/3.3+snapshot/sysroots/x86_64-pokysdk-linux/usr/lib/loongarch64-poky-linux/gcc/loongarch64-poky-linux/
LIBRARY_PATH=/opt/poky/3.3+snapshot/sysroots/x86_64-pokysdk-linux/usr/lib/loongarch64-poky-linux/gcc/loongarch64-poky-linux/8.3.0/:/opt/poky/3.3+snapshot/sysroots/loongarch64-poky-linux/lib/../lib/:/opt/poky/3.3+snapshot/sysroots/loongarch64-poky-linux/usr/lib/../lib/loongarch64-poky-linux/8.3.0/:/opt/poky/3.3+snapshot/sysroots/loongarch64-poky-linux/usr/lib/loongarch64-poky-linux/8.3.0/:/opt/poky/3.3+snapshot/sysroots/loongarch64-poky-linux/usr/lib/../lib/:/opt/poky/3.3+snapshot/sysroots/loongarch64-poky-linux/lib/:/opt/poky/3.3+snapshot/sysroots/loongarch64-poky-linux/usr/lib/
COLLECT_GCC_OPTIONS='--sysroot=/opt/poky/3.3+snapshot/sysroots/loongarch64-poky-linux' '-march=loongarch64' '-mabi=lp64' '-fstack-protector-strong' '-O2' '-D' '_FORTIFY_SOURCE=2' '-Wformat=1' '-Wformat-security' '-Werror=format-security' '-O2' '-pipe' '-g' '-feliminate-unused-debug-types' '-v' '-o' 'CMakeFiles/cmTC_4264b.dir/CMakeCXXCompilerABI.cpp.o' '-c' '-shared-libgcc' '-EL'
Linking CXX executable cmTC_4264b
/opt/poky/3.3+snapshot/sysroots/x86_64-pokysdk-linux/usr/bin/cmake -E cmake_link_script CMakeFiles/cmTC_4264b.dir/link.txt --verbose=1
/opt/poky/3.3+snapshot/sysroots/x86_64-pokysdk-linux/usr/bin/loongarch64-poky-linux/loongarch64-poky-linux-g++   -march=loongarch64 -mabi=lp64 -fstack-protector-strong  -O2 -D_FORTIFY_SOURCE=2 -Wformat -Wformat-security -Werror=format-security --sysroot=/opt/poky/3.3+snapshot/sysroots/loongarch64-poky-linux --sysroot=/opt/poky/3.3+snapshot/sysroots/loongarch64-poky-linux  -O2 -pipe -g -feliminate-unused-debug-types   -Wl,-O1 -Wl,--hash-style=gnu -Wl,--as-needed -Wl,-z,relro,-z,now -v CMakeFiles/cmTC_4264b.dir/CMakeCXXCompilerABI.cpp.o -o cmTC_4264b 
Using built-in specs.
COLLECT_GCC=/opt/poky/3.3+snapshot/sysroots/x86_64-pokysdk-linux/usr/bin/loongarch64-poky-linux/loongarch64-poky-linux-g++
COLLECT_LTO_WRAPPER=/opt/poky/3.3+snapshot/sysroots/x86_64-pokysdk-linux/usr/libexec/loongarch64-poky-linux/gcc/loongarch64-poky-linux/8.3.0/lto-wrapper
Target: loongarch64-poky-linux
Configured with: ../../../../../../work-shared/gcc-8.3.0-r0/git/configure --build=x86_64-linux --host=x86_64-pokysdk-linux --target=loongarch64-poky-linux --prefix=/opt/poky/3.3+snapshot/sysroots/x86_64-pokysdk-linux/usr --exec_prefix=/opt/poky/3.3+snapshot/sysroots/x86_64-pokysdk-linux/usr --bindir=/opt/poky/3.3+snapshot/sysroots/x86_64-pokysdk-linux/usr/bin/loongarch64-poky-linux --sbindir=/opt/poky/3.3+snapshot/sysroots/x86_64-pokysdk-linux/usr/bin/loongarch64-poky-linux --libexecdir=/opt/poky/3.3+snapshot/sysroots/x86_64-pokysdk-linux/usr/libexec/loongarch64-poky-linux --datadir=/opt/poky/3.3+snapshot/sysroots/x86_64-pokysdk-linux/usr/share --sysconfdir=/opt/poky/3.3+snapshot/sysroots/x86_64-pokysdk-linux/etc --sharedstatedir=/opt/poky/3.3+snapshot/sysroots/x86_64-pokysdk-linux/com --localstatedir=/opt/poky/3.3+snapshot/sysroots/x86_64-pokysdk-linux/var --libdir=/opt/poky/3.3+snapshot/sysroots/x86_64-pokysdk-linux/usr/lib/loongarch64-poky-linux --includedir=/opt/poky/3.3+snapshot/sysroots/x86_64-pokysdk-linux/usr/include --oldincludedir=/opt/poky/3.3+snapshot/sysroots/x86_64-pokysdk-linux/usr/include --infodir=/opt/poky/3.3+snapshot/sysroots/x86_64-pokysdk-linux/usr/share/info --mandir=/opt/poky/3.3+snapshot/sysroots/x86_64-pokysdk-linux/usr/share/man --disable-silent-rules --disable-dependency-tracking --with-libtool-sysroot=/media/fsy/mywork/loongson/LoongArch/yocto/poky/build/tmp/work/x86_64-nativesdk-pokysdk-linux/gcc-cross-canadian-loongarch64/8.3.0-r0/recipe-sysroot --enable-shared --enable-languages=c,c++ --enable-threads=posix --enable-multilib --enable-default-pie --enable-c99 --enable-long-long --enable-symvers=gnu --enable-libstdcxx-pch --program-prefix=loongarch64-poky-linux- --without-local-prefix --disable-install-libiberty --with-newlib --enable-tls --disable-libstdcxx --disable-gcov --enable-initfini-array --disable-libatomic --disable-libmudflap --disable-libssp --disable-libvtv --disable-libquadmath --disable-libgomp --disable-libmpx --disable-nls --disable-bootstrap --disable-libssp --enable-libitm --enable-lto --disable-bootstrap --with-system-zlib --with-linker-hash-style=gnu --enable-linker-build-id --with-ppl=no --with-cloog=no --enable-checking=release --enable-cheaders=c_global --without-isl --with-gxx-include-dir=/not/exist/usr/include/c++/8.3.0 --with-build-time-tools=/media/fsy/mywork/loongson/LoongArch/yocto/poky/build/tmp/work/x86_64-nativesdk-pokysdk-linux/gcc-cross-canadian-loongarch64/8.3.0-r0/recipe-sysroot-native/usr/loongarch64-poky-linux/bin --with-sysroot=/not/exist --with-build-sysroot=/media/fsy/mywork/loongson/LoongArch/yocto/poky/build/tmp/work/x86_64-nativesdk-pokysdk-linux/gcc-cross-canadian-loongarch64/8.3.0-r0/recipe-sysroot --enable-poison-system-directories --enable-nls --with-glibc-version=2.28 --enable-initfini-array --enable-__cxa_atexit --with-abi=lp64 --with-arch=loongarch64
Thread model: posix
gcc version 8.3.0 (GCC) 
COMPILER_PATH=/opt/poky/3.3+snapshot/sysroots/x86_64-pokysdk-linux/usr/libexec/loongarch64-poky-linux/gcc/loongarch64-poky-linux/8.3.0/:/opt/poky/3.3+snapshot/sysroots/x86_64-pokysdk-linux/usr/libexec/loongarch64-poky-linux/gcc/loongarch64-poky-linux/8.3.0/:/opt/poky/3.3+snapshot/sysroots/x86_64-pokysdk-linux/usr/libexec/loongarch64-poky-linux/gcc/loongarch64-poky-linux/:/opt/poky/3.3+snapshot/sysroots/x86_64-pokysdk-linux/usr/lib/loongarch64-poky-linux/gcc/loongarch64-poky-linux/8.3.0/:/opt/poky/3.3+snapshot/sysroots/x86_64-pokysdk-linux/usr/lib/loongarch64-poky-linux/gcc/loongarch64-poky-linux/
LIBRARY_PATH=/opt/poky/3.3+snapshot/sysroots/x86_64-pokysdk-linux/usr/lib/loongarch64-poky-linux/gcc/loongarch64-poky-linux/8.3.0/:/opt/poky/3.3+snapshot/sysroots/loongarch64-poky-linux/lib/../lib/:/opt/poky/3.3+snapshot/sysroots/loongarch64-poky-linux/usr/lib/../lib/loongarch64-poky-linux/8.3.0/:/opt/poky/3.3+snapshot/sysroots/loongarch64-poky-linux/usr/lib/loongarch64-poky-linux/8.3.0/:/opt/poky/3.3+snapshot/sysroots/loongarch64-poky-linux/usr/lib/../lib/:/opt/poky/3.3+snapshot/sysroots/loongarch64-poky-linux/lib/:/opt/poky/3.3+snapshot/sysroots/loongarch64-poky-linux/usr/lib/
COLLECT_GCC_OPTIONS='--sysroot=/opt/poky/3.3+snapshot/sysroots/loongarch64-poky-linux' '-march=loongarch64' '-mabi=lp64' '-fstack-protector-strong' '-O2' '-D' '_FORTIFY_SOURCE=2' '-Wformat=1' '-Wformat-security' '-Werror=format-security' '-O2' '-pipe' '-g' '-feliminate-unused-debug-types' '-v' '-o' 'cmTC_4264b' '-shared-libgcc' '-EL'
 /opt/poky/3.3+snapshot/sysroots/x86_64-pokysdk-linux/usr/libexec/loongarch64-poky-linux/gcc/loongarch64-poky-linux/8.3.0/collect2 -plugin /opt/poky/3.3+snapshot/sysroots/x86_64-pokysdk-linux/usr/libexec/loongarch64-poky-linux/gcc/loongarch64-poky-linux/8.3.0/liblto_plugin.so -plugin-opt=/opt/poky/3.3+snapshot/sysroots/x86_64-pokysdk-linux/usr/libexec/loongarch64-poky-linux/gcc/loongarch64-poky-linux/8.3.0/lto-wrapper -plugin-opt=-fresolution=/tmp/ccnhV1O7.res -plugin-opt=-pass-through=-lgcc_s -plugin-opt=-pass-through=-lgcc -plugin-opt=-pass-through=-lc -plugin-opt=-pass-through=-lgcc_s -plugin-opt=-pass-through=-lgcc --sysroot=/opt/poky/3.3+snapshot/sysroots/loongarch64-poky-linux --build-id --eh-frame-hdr --hash-style=gnu -EL -dynamic-linker /lib/ld.so.1 -melf64loongarch -pie -o cmTC_4264b /opt/poky/3.3+snapshot/sysroots/loongarch64-poky-linux/usr/lib/../lib/Scrt1.o /opt/poky/3.3+snapshot/sysroots/loongarch64-poky-linux/usr/lib/../lib/crti.o /opt/poky/3.3+snapshot/sysroots/loongarch64-poky-linux/usr/lib/../lib/loongarch64-poky-linux/8.3.0/crtbeginS.o -L/opt/poky/3.3+snapshot/sysroots/x86_64-pokysdk-linux/usr/lib/loongarch64-poky-linux/gcc/loongarch64-poky-linux/8.3.0 -L/opt/poky/3.3+snapshot/sysroots/loongarch64-poky-linux/lib/../lib -L/opt/poky/3.3+snapshot/sysroots/loongarch64-poky-linux/usr/lib/../lib/loongarch64-poky-linux/8.3.0 -L/opt/poky/3.3+snapshot/sysroots/loongarch64-poky-linux/usr/lib/loongarch64-poky-linux/8.3.0 -L/opt/poky/3.3+snapshot/sysroots/loongarch64-poky-linux/usr/lib/../lib -L/opt/poky/3.3+snapshot/sysroots/loongarch64-poky-linux/lib -L/opt/poky/3.3+snapshot/sysroots/loongarch64-poky-linux/usr/lib -O1 --hash-style=gnu --as-needed -z relro -z now CMakeFiles/cmTC_4264b.dir/CMakeCXXCompilerABI.cpp.o -lstdc++ -lm -lgcc_s -lgcc -lc -lgcc_s -lgcc /opt/poky/3.3+snapshot/sysroots/loongarch64-poky-linux/usr/lib/../lib/loongarch64-poky-linux/8.3.0/crtendS.o /opt/poky/3.3+snapshot/sysroots/loongarch64-poky-linux/usr/lib/../lib/crtn.o
COLLECT_GCC_OPTIONS='--sysroot=/opt/poky/3.3+snapshot/sysroots/loongarch64-poky-linux' '-march=loongarch64' '-mabi=lp64' '-fstack-protector-strong' '-O2' '-D' '_FORTIFY_SOURCE=2' '-Wformat=1' '-Wformat-security' '-Werror=format-security' '-O2' '-pipe' '-g' '-feliminate-unused-debug-types' '-v' '-o' 'cmTC_4264b' '-shared-libgcc' '-EL'
make[1]: Leaving directory '/root/loongarch/project/src/CS/CMakeFiles/CMakeTmp'



Parsed CXX implicit include dir info from above output: rv=done
  found start of include info
  found start of implicit include info
    add: [/opt/poky/3.3+snapshot/sysroots/loongarch64-poky-linux/usr/include/c++/8.3.0]
    add: [/opt/poky/3.3+snapshot/sysroots/loongarch64-poky-linux/usr/include/c++/8.3.0/backward]
    add: [/opt/poky/3.3+snapshot/sysroots/x86_64-pokysdk-linux/usr/lib/loongarch64-poky-linux/gcc/loongarch64-poky-linux/8.3.0/include]
    add: [/opt/poky/3.3+snapshot/sysroots/x86_64-pokysdk-linux/usr/lib/loongarch64-poky-linux/gcc/loongarch64-poky-linux/8.3.0/include-fixed]
    add: [/opt/poky/3.3+snapshot/sysroots/loongarch64-poky-linux/usr/include]
  end of search list found
  collapse include dir [/opt/poky/3.3+snapshot/sysroots/loongarch64-poky-linux/usr/include/c++/8.3.0] ==> [/opt/poky/3.3+snapshot/sysroots/loongarch64-poky-linux/usr/include/c++/8.3.0]
  collapse include dir [/opt/poky/3.3+snapshot/sysroots/loongarch64-poky-linux/usr/include/c++/8.3.0/backward] ==> [/opt/poky/3.3+snapshot/sysroots/loongarch64-poky-linux/usr/include/c++/8.3.0/backward]
  collapse include dir [/opt/poky/3.3+snapshot/sysroots/x86_64-pokysdk-linux/usr/lib/loongarch64-poky-linux/gcc/loongarch64-poky-linux/8.3.0/include] ==> [/opt/poky/3.3+snapshot/sysroots/x86_64-pokysdk-linux/usr/lib/loongarch64-poky-linux/gcc/loongarch64-poky-linux/8.3.0/include]
  collapse include dir [/opt/poky/3.3+snapshot/sysroots/x86_64-pokysdk-linux/usr/lib/loongarch64-poky-linux/gcc/loongarch64-poky-linux/8.3.0/include-fixed] ==> [/opt/poky/3.3+snapshot/sysroots/x86_64-pokysdk-linux/usr/lib/loongarch64-poky-linux/gcc/loongarch64-poky-linux/8.3.0/include-fixed]
  collapse include dir [/opt/poky/3.3+snapshot/sysroots/loongarch64-poky-linux/usr/include] ==> [/opt/poky/3.3+snapshot/sysroots/loongarch64-poky-linux/usr/include]
  implicit include dirs: [/opt/poky/3.3+snapshot/sysroots/loongarch64-poky-linux/usr/include/c++/8.3.0;/opt/poky/3.3+snapshot/sysroots/loongarch64-poky-linux/usr/include/c++/8.3.0/backward;/opt/poky/3.3+snapshot/sysroots/x86_64-pokysdk-linux/usr/lib/loongarch64-poky-linux/gcc/loongarch64-poky-linux/8.3.0/include;/opt/poky/3.3+snapshot/sysroots/x86_64-pokysdk-linux/usr/lib/loongarch64-poky-linux/gcc/loongarch64-poky-linux/8.3.0/include-fixed;/opt/poky/3.3+snapshot/sysroots/loongarch64-poky-linux/usr/include]


Parsed CXX implicit link information from above output:
  link line regex: [^( *|.*[/\])(loongarch64-poky-linux-ld|CMAKE_LINK_STARTFILE-NOTFOUND|([^/\]+-)?ld|collect2)[^/\]*( |$)]
  ignore line: [Change Dir: /root/loongarch/project/src/CS/CMakeFiles/CMakeTmp]
  ignore line: []
  ignore line: [Run Build Command(s):/usr/bin/make -f Makefile cmTC_4264b/fast && /usr/bin/make  -f CMakeFiles/cmTC_4264b.dir/build.make CMakeFiles/cmTC_4264b.dir/build]
  ignore line: [make[1]: Entering directory '/root/loongarch/project/src/CS/CMakeFiles/CMakeTmp']
  ignore line: [Building CXX object CMakeFiles/cmTC_4264b.dir/CMakeCXXCompilerABI.cpp.o]
  ignore line: [/opt/poky/3.3+snapshot/sysroots/x86_64-pokysdk-linux/usr/bin/loongarch64-poky-linux/loongarch64-poky-linux-g++   -march=loongarch64 -mabi=lp64 -fstack-protector-strong  -O2 -D_FORTIFY_SOURCE=2 -Wformat -Wformat-security -Werror=format-security --sysroot=/opt/poky/3.3+snapshot/sysroots/loongarch64-poky-linux --sysroot=/opt/poky/3.3+snapshot/sysroots/loongarch64-poky-linux   -O2 -pipe -g -feliminate-unused-debug-types     -v -o CMakeFiles/cmTC_4264b.dir/CMakeCXXCompilerABI.cpp.o -c /opt/poky/3.3+snapshot/sysroots/x86_64-pokysdk-linux/usr/share/cmake-3.20/Modules/CMakeCXXCompilerABI.cpp]
  ignore line: [Using built-in specs.]
  ignore line: [COLLECT_GCC=/opt/poky/3.3+snapshot/sysroots/x86_64-pokysdk-linux/usr/bin/loongarch64-poky-linux/loongarch64-poky-linux-g++]
  ignore line: [Target: loongarch64-poky-linux]
  ignore line: [Configured with: ../../../../../../work-shared/gcc-8.3.0-r0/git/configure --build=x86_64-linux --host=x86_64-pokysdk-linux --target=loongarch64-poky-linux --prefix=/opt/poky/3.3+snapshot/sysroots/x86_64-pokysdk-linux/usr --exec_prefix=/opt/poky/3.3+snapshot/sysroots/x86_64-pokysdk-linux/usr --bindir=/opt/poky/3.3+snapshot/sysroots/x86_64-pokysdk-linux/usr/bin/loongarch64-poky-linux --sbindir=/opt/poky/3.3+snapshot/sysroots/x86_64-pokysdk-linux/usr/bin/loongarch64-poky-linux --libexecdir=/opt/poky/3.3+snapshot/sysroots/x86_64-pokysdk-linux/usr/libexec/loongarch64-poky-linux --datadir=/opt/poky/3.3+snapshot/sysroots/x86_64-pokysdk-linux/usr/share --sysconfdir=/opt/poky/3.3+snapshot/sysroots/x86_64-pokysdk-linux/etc --sharedstatedir=/opt/poky/3.3+snapshot/sysroots/x86_64-pokysdk-linux/com --localstatedir=/opt/poky/3.3+snapshot/sysroots/x86_64-pokysdk-linux/var --libdir=/opt/poky/3.3+snapshot/sysroots/x86_64-pokysdk-linux/usr/lib/loongarch64-poky-linux --includedir=/opt/poky/3.3+snapshot/sysroots/x86_64-pokysdk-linux/usr/include --oldincludedir=/opt/poky/3.3+snapshot/sysroots/x86_64-pokysdk-linux/usr/include --infodir=/opt/poky/3.3+snapshot/sysroots/x86_64-pokysdk-linux/usr/share/info --mandir=/opt/poky/3.3+snapshot/sysroots/x86_64-pokysdk-linux/usr/share/man --disable-silent-rules --disable-dependency-tracking --with-libtool-sysroot=/media/fsy/mywork/loongson/LoongArch/yocto/poky/build/tmp/work/x86_64-nativesdk-pokysdk-linux/gcc-cross-canadian-loongarch64/8.3.0-r0/recipe-sysroot --enable-shared --enable-languages=c c++ --enable-threads=posix --enable-multilib --enable-default-pie --enable-c99 --enable-long-long --enable-symvers=gnu --enable-libstdcxx-pch --program-prefix=loongarch64-poky-linux- --without-local-prefix --disable-install-libiberty --with-newlib --enable-tls --disable-libstdcxx --disable-gcov --enable-initfini-array --disable-libatomic --disable-libmudflap --disable-libssp --disable-libvtv --disable-libquadmath --disable-libgomp --disable-libmpx --disable-nls --disable-bootstrap --disable-libssp --enable-libitm --enable-lto --disable-bootstrap --with-system-zlib --with-linker-hash-style=gnu --enable-linker-build-id --with-ppl=no --with-cloog=no --enable-checking=release --enable-cheaders=c_global --without-isl --with-gxx-include-dir=/not/exist/usr/include/c++/8.3.0 --with-build-time-tools=/media/fsy/mywork/loongson/LoongArch/yocto/poky/build/tmp/work/x86_64-nativesdk-pokysdk-linux/gcc-cross-canadian-loongarch64/8.3.0-r0/recipe-sysroot-native/usr/loongarch64-poky-linux/bin --with-sysroot=/not/exist --with-build-sysroot=/media/fsy/mywork/loongson/LoongArch/yocto/poky/build/tmp/work/x86_64-nativesdk-pokysdk-linux/gcc-cross-canadian-loongarch64/8.3.0-r0/recipe-sysroot --enable-poison-system-directories --enable-nls --with-glibc-version=2.28 --enable-initfini-array --enable-__cxa_atexit --with-abi=lp64 --with-arch=loongarch64]
  ignore line: [Thread model: posix]
  ignore line: [gcc version 8.3.0 (GCC) ]
  ignore line: [COLLECT_GCC_OPTIONS='--sysroot=/opt/poky/3.3+snapshot/sysroots/loongarch64-poky-linux' '-march=loongarch64' '-mabi=lp64' '-fstack-protector-strong' '-O2' '-D' '_FORTIFY_SOURCE=2' '-Wformat=1' '-Wformat-security' '-Werror=format-security' '-O2' '-pipe' '-g' '-feliminate-unused-debug-types' '-v' '-o' 'CMakeFiles/cmTC_4264b.dir/CMakeCXXCompilerABI.cpp.o' '-c' '-shared-libgcc' '-EL']
  ignore line: [ /opt/poky/3.3+snapshot/sysroots/x86_64-pokysdk-linux/usr/libexec/loongarch64-poky-linux/gcc/loongarch64-poky-linux/8.3.0/cc1plus -quiet -v -isysroot /opt/poky/3.3+snapshot/sysroots/loongarch64-poky-linux -D_GNU_SOURCE -D _FORTIFY_SOURCE=2 /opt/poky/3.3+snapshot/sysroots/x86_64-pokysdk-linux/usr/share/cmake-3.20/Modules/CMakeCXXCompilerABI.cpp -mel -quiet -dumpbase CMakeCXXCompilerABI.cpp -march=loongarch64 -mabi=lp64 -auxbase-strip CMakeFiles/cmTC_4264b.dir/CMakeCXXCompilerABI.cpp.o -g -O2 -O2 -Wformat=1 -Wformat-security -Werror=format-security -version -fstack-protector-strong -feliminate-unused-debug-types -o - |]
  ignore line: [ /opt/poky/3.3+snapshot/sysroots/x86_64-pokysdk-linux/usr/libexec/loongarch64-poky-linux/gcc/loongarch64-poky-linux/8.3.0/as -v -mabi=lp64 -o CMakeFiles/cmTC_4264b.dir/CMakeCXXCompilerABI.cpp.o]
  ignore line: [GNU C++14 (GCC) version 8.3.0 (loongarch64-poky-linux)]
  ignore line: [	compiled by GNU C version 8.3.0  GMP version 6.2.1  MPFR version 4.1.0  MPC version 1.2.1  isl version none]
  ignore line: [GGC heuristics: --param ggc-min-expand=100 --param ggc-min-heapsize=131072]
  ignore line: [ignoring nonexistent directory "/opt/poky/3.3+snapshot/sysroots/loongarch64-poky-linux/usr/include/c++/8.3.0/loongarch64-poky-linux"]
  ignore line: [ignoring nonexistent directory "/opt/poky/3.3+snapshot/sysroots/loongarch64-poky-linux/usr/lib/gcc/loongarch64-poky-linux/8.3.0/include"]
  ignore line: [ignoring nonexistent directory "/opt/poky/3.3+snapshot/sysroots/loongarch64-poky-linux/usr/local/include"]
  ignore line: [ignoring nonexistent directory "/opt/poky/3.3+snapshot/sysroots/x86_64-pokysdk-linux/usr/lib/loongarch64-poky-linux/gcc/loongarch64-poky-linux/8.3.0/../../../../../loongarch64-poky-linux/include"]
  ignore line: [#include "..." search starts here:]
  ignore line: [#include <...> search starts here:]
  ignore line: [ /opt/poky/3.3+snapshot/sysroots/loongarch64-poky-linux/usr/include/c++/8.3.0]
  ignore line: [ /opt/poky/3.3+snapshot/sysroots/loongarch64-poky-linux/usr/include/c++/8.3.0/backward]
  ignore line: [ /opt/poky/3.3+snapshot/sysroots/x86_64-pokysdk-linux/usr/lib/loongarch64-poky-linux/gcc/loongarch64-poky-linux/8.3.0/include]
  ignore line: [ /opt/poky/3.3+snapshot/sysroots/x86_64-pokysdk-linux/usr/lib/loongarch64-poky-linux/gcc/loongarch64-poky-linux/8.3.0/include-fixed]
  ignore line: [ /opt/poky/3.3+snapshot/sysroots/loongarch64-poky-linux/usr/include]
  ignore line: [End of search list.]
  ignore line: [GNU C++14 (GCC) version 8.3.0 (loongarch64-poky-linux)]
  ignore line: [	compiled by GNU C version 8.3.0  GMP version 6.2.1  MPFR version 4.1.0  MPC version 1.2.1  isl version none]
  ignore line: [GGC heuristics: --param ggc-min-expand=100 --param ggc-min-heapsize=131072]
  ignore line: [Compiler executable checksum: 9cb8debb756d70137a79e0fb205cdf3b]
  ignore line: [GNU assembler version 2.31.1 (loongarch64-poky-linux) using BFD version (GNU Binutils) 2.31.1.20190122]
  ignore line: [COMPILER_PATH=/opt/poky/3.3+snapshot/sysroots/x86_64-pokysdk-linux/usr/libexec/loongarch64-poky-linux/gcc/loongarch64-poky-linux/8.3.0/:/opt/poky/3.3+snapshot/sysroots/x86_64-pokysdk-linux/usr/libexec/loongarch64-poky-linux/gcc/loongarch64-poky-linux/8.3.0/:/opt/poky/3.3+snapshot/sysroots/x86_64-pokysdk-linux/usr/libexec/loongarch64-poky-linux/gcc/loongarch64-poky-linux/:/opt/poky/3.3+snapshot/sysroots/x86_64-pokysdk-linux/usr/lib/loongarch64-poky-linux/gcc/loongarch64-poky-linux/8.3.0/:/opt/poky/3.3+snapshot/sysroots/x86_64-pokysdk-linux/usr/lib/loongarch64-poky-linux/gcc/loongarch64-poky-linux/]
  ignore line: [LIBRARY_PATH=/opt/poky/3.3+snapshot/sysroots/x86_64-pokysdk-linux/usr/lib/loongarch64-poky-linux/gcc/loongarch64-poky-linux/8.3.0/:/opt/poky/3.3+snapshot/sysroots/loongarch64-poky-linux/lib/../lib/:/opt/poky/3.3+snapshot/sysroots/loongarch64-poky-linux/usr/lib/../lib/loongarch64-poky-linux/8.3.0/:/opt/poky/3.3+snapshot/sysroots/loongarch64-poky-linux/usr/lib/loongarch64-poky-linux/8.3.0/:/opt/poky/3.3+snapshot/sysroots/loongarch64-poky-linux/usr/lib/../lib/:/opt/poky/3.3+snapshot/sysroots/loongarch64-poky-linux/lib/:/opt/poky/3.3+snapshot/sysroots/loongarch64-poky-linux/usr/lib/]
  ignore line: [COLLECT_GCC_OPTIONS='--sysroot=/opt/poky/3.3+snapshot/sysroots/loongarch64-poky-linux' '-march=loongarch64' '-mabi=lp64' '-fstack-protector-strong' '-O2' '-D' '_FORTIFY_SOURCE=2' '-Wformat=1' '-Wformat-security' '-Werror=format-security' '-O2' '-pipe' '-g' '-feliminate-unused-debug-types' '-v' '-o' 'CMakeFiles/cmTC_4264b.dir/CMakeCXXCompilerABI.cpp.o' '-c' '-shared-libgcc' '-EL']
  ignore line: [Linking CXX executable cmTC_4264b]
  ignore line: [/opt/poky/3.3+snapshot/sysroots/x86_64-pokysdk-linux/usr/bin/cmake -E cmake_link_script CMakeFiles/cmTC_4264b.dir/link.txt --verbose=1]
  ignore line: [/opt/poky/3.3+snapshot/sysroots/x86_64-pokysdk-linux/usr/bin/loongarch64-poky-linux/loongarch64-poky-linux-g++   -march=loongarch64 -mabi=lp64 -fstack-protector-strong  -O2 -D_FORTIFY_SOURCE=2 -Wformat -Wformat-security -Werror=format-security --sysroot=/opt/poky/3.3+snapshot/sysroots/loongarch64-poky-linux --sysroot=/opt/poky/3.3+snapshot/sysroots/loongarch64-poky-linux  -O2 -pipe -g -feliminate-unused-debug-types   -Wl -O1 -Wl --hash-style=gnu -Wl --as-needed -Wl -z relro -z now -v CMakeFiles/cmTC_4264b.dir/CMakeCXXCompilerABI.cpp.o -o cmTC_4264b ]
  ignore line: [Using built-in specs.]
  ignore line: [COLLECT_GCC=/opt/poky/3.3+snapshot/sysroots/x86_64-pokysdk-linux/usr/bin/loongarch64-poky-linux/loongarch64-poky-linux-g++]
  ignore line: [COLLECT_LTO_WRAPPER=/opt/poky/3.3+snapshot/sysroots/x86_64-pokysdk-linux/usr/libexec/loongarch64-poky-linux/gcc/loongarch64-poky-linux/8.3.0/lto-wrapper]
  ignore line: [Target: loongarch64-poky-linux]
  ignore line: [Configured with: ../../../../../../work-shared/gcc-8.3.0-r0/git/configure --build=x86_64-linux --host=x86_64-pokysdk-linux --target=loongarch64-poky-linux --prefix=/opt/poky/3.3+snapshot/sysroots/x86_64-pokysdk-linux/usr --exec_prefix=/opt/poky/3.3+snapshot/sysroots/x86_64-pokysdk-linux/usr --bindir=/opt/poky/3.3+snapshot/sysroots/x86_64-pokysdk-linux/usr/bin/loongarch64-poky-linux --sbindir=/opt/poky/3.3+snapshot/sysroots/x86_64-pokysdk-linux/usr/bin/loongarch64-poky-linux --libexecdir=/opt/poky/3.3+snapshot/sysroots/x86_64-pokysdk-linux/usr/libexec/loongarch64-poky-linux --datadir=/opt/poky/3.3+snapshot/sysroots/x86_64-pokysdk-linux/usr/share --sysconfdir=/opt/poky/3.3+snapshot/sysroots/x86_64-pokysdk-linux/etc --sharedstatedir=/opt/poky/3.3+snapshot/sysroots/x86_64-pokysdk-linux/com --localstatedir=/opt/poky/3.3+snapshot/sysroots/x86_64-pokysdk-linux/var --libdir=/opt/poky/3.3+snapshot/sysroots/x86_64-pokysdk-linux/usr/lib/loongarch64-poky-linux --includedir=/opt/poky/3.3+snapshot/sysroots/x86_64-pokysdk-linux/usr/include --oldincludedir=/opt/poky/3.3+snapshot/sysroots/x86_64-pokysdk-linux/usr/include --infodir=/opt/poky/3.3+snapshot/sysroots/x86_64-pokysdk-linux/usr/share/info --mandir=/opt/poky/3.3+snapshot/sysroots/x86_64-pokysdk-linux/usr/share/man --disable-silent-rules --disable-dependency-tracking --with-libtool-sysroot=/media/fsy/mywork/loongson/LoongArch/yocto/poky/build/tmp/work/x86_64-nativesdk-pokysdk-linux/gcc-cross-canadian-loongarch64/8.3.0-r0/recipe-sysroot --enable-shared --enable-languages=c c++ --enable-threads=posix --enable-multilib --enable-default-pie --enable-c99 --enable-long-long --enable-symvers=gnu --enable-libstdcxx-pch --program-prefix=loongarch64-poky-linux- --without-local-prefix --disable-install-libiberty --with-newlib --enable-tls --disable-libstdcxx --disable-gcov --enable-initfini-array --disable-libatomic --disable-libmudflap --disable-libssp --disable-libvtv --disable-libquadmath --disable-libgomp --disable-libmpx --disable-nls --disable-bootstrap --disable-libssp --enable-libitm --enable-lto --disable-bootstrap --with-system-zlib --with-linker-hash-style=gnu --enable-linker-build-id --with-ppl=no --with-cloog=no --enable-checking=release --enable-cheaders=c_global --without-isl --with-gxx-include-dir=/not/exist/usr/include/c++/8.3.0 --with-build-time-tools=/media/fsy/mywork/loongson/LoongArch/yocto/poky/build/tmp/work/x86_64-nativesdk-pokysdk-linux/gcc-cross-canadian-loongarch64/8.3.0-r0/recipe-sysroot-native/usr/loongarch64-poky-linux/bin --with-sysroot=/not/exist --with-build-sysroot=/media/fsy/mywork/loongson/LoongArch/yocto/poky/build/tmp/work/x86_64-nativesdk-pokysdk-linux/gcc-cross-canadian-loongarch64/8.3.0-r0/recipe-sysroot --enable-poison-system-directories --enable-nls --with-glibc-version=2.28 --enable-initfini-array --enable-__cxa_atexit --with-abi=lp64 --with-arch=loongarch64]
  ignore line: [Thread model: posix]
  ignore line: [gcc version 8.3.0 (GCC) ]
  ignore line: [COMPILER_PATH=/opt/poky/3.3+snapshot/sysroots/x86_64-pokysdk-linux/usr/libexec/loongarch64-poky-linux/gcc/loongarch64-poky-linux/8.3.0/:/opt/poky/3.3+snapshot/sysroots/x86_64-pokysdk-linux/usr/libexec/loongarch64-poky-linux/gcc/loongarch64-poky-linux/8.3.0/:/opt/poky/3.3+snapshot/sysroots/x86_64-pokysdk-linux/usr/libexec/loongarch64-poky-linux/gcc/loongarch64-poky-linux/:/opt/poky/3.3+snapshot/sysroots/x86_64-pokysdk-linux/usr/lib/loongarch64-poky-linux/gcc/loongarch64-poky-linux/8.3.0/:/opt/poky/3.3+snapshot/sysroots/x86_64-pokysdk-linux/usr/lib/loongarch64-poky-linux/gcc/loongarch64-poky-linux/]
  ignore line: [LIBRARY_PATH=/opt/poky/3.3+snapshot/sysroots/x86_64-pokysdk-linux/usr/lib/loongarch64-poky-linux/gcc/loongarch64-poky-linux/8.3.0/:/opt/poky/3.3+snapshot/sysroots/loongarch64-poky-linux/lib/../lib/:/opt/poky/3.3+snapshot/sysroots/loongarch64-poky-linux/usr/lib/../lib/loongarch64-poky-linux/8.3.0/:/opt/poky/3.3+snapshot/sysroots/loongarch64-poky-linux/usr/lib/loongarch64-poky-linux/8.3.0/:/opt/poky/3.3+snapshot/sysroots/loongarch64-poky-linux/usr/lib/../lib/:/opt/poky/3.3+snapshot/sysroots/loongarch64-poky-linux/lib/:/opt/poky/3.3+snapshot/sysroots/loongarch64-poky-linux/usr/lib/]
  ignore line: [COLLECT_GCC_OPTIONS='--sysroot=/opt/poky/3.3+snapshot/sysroots/loongarch64-poky-linux' '-march=loongarch64' '-mabi=lp64' '-fstack-protector-strong' '-O2' '-D' '_FORTIFY_SOURCE=2' '-Wformat=1' '-Wformat-security' '-Werror=format-security' '-O2' '-pipe' '-g' '-feliminate-unused-debug-types' '-v' '-o' 'cmTC_4264b' '-shared-libgcc' '-EL']
  link line: [ /opt/poky/3.3+snapshot/sysroots/x86_64-pokysdk-linux/usr/libexec/loongarch64-poky-linux/gcc/loongarch64-poky-linux/8.3.0/collect2 -plugin /opt/poky/3.3+snapshot/sysroots/x86_64-pokysdk-linux/usr/libexec/loongarch64-poky-linux/gcc/loongarch64-poky-linux/8.3.0/liblto_plugin.so -plugin-opt=/opt/poky/3.3+snapshot/sysroots/x86_64-pokysdk-linux/usr/libexec/loongarch64-poky-linux/gcc/loongarch64-poky-linux/8.3.0/lto-wrapper -plugin-opt=-fresolution=/tmp/ccnhV1O7.res -plugin-opt=-pass-through=-lgcc_s -plugin-opt=-pass-through=-lgcc -plugin-opt=-pass-through=-lc -plugin-opt=-pass-through=-lgcc_s -plugin-opt=-pass-through=-lgcc --sysroot=/opt/poky/3.3+snapshot/sysroots/loongarch64-poky-linux --build-id --eh-frame-hdr --hash-style=gnu -EL -dynamic-linker /lib/ld.so.1 -melf64loongarch -pie -o cmTC_4264b /opt/poky/3.3+snapshot/sysroots/loongarch64-poky-linux/usr/lib/../lib/Scrt1.o /opt/poky/3.3+snapshot/sysroots/loongarch64-poky-linux/usr/lib/../lib/crti.o /opt/poky/3.3+snapshot/sysroots/loongarch64-poky-linux/usr/lib/../lib/loongarch64-poky-linux/8.3.0/crtbeginS.o -L/opt/poky/3.3+snapshot/sysroots/x86_64-pokysdk-linux/usr/lib/loongarch64-poky-linux/gcc/loongarch64-poky-linux/8.3.0 -L/opt/poky/3.3+snapshot/sysroots/loongarch64-poky-linux/lib/../lib -L/opt/poky/3.3+snapshot/sysroots/loongarch64-poky-linux/usr/lib/../lib/loongarch64-poky-linux/8.3.0 -L/opt/poky/3.3+snapshot/sysroots/loongarch64-poky-linux/usr/lib/loongarch64-poky-linux/8.3.0 -L/opt/poky/3.3+snapshot/sysroots/loongarch64-poky-linux/usr/lib/../lib -L/opt/poky/3.3+snapshot/sysroots/loongarch64-poky-linux/lib -L/opt/poky/3.3+snapshot/sysroots/loongarch64-poky-linux/usr/lib -O1 --hash-style=gnu --as-needed -z relro -z now CMakeFiles/cmTC_4264b.dir/CMakeCXXCompilerABI.cpp.o -lstdc++ -lm -lgcc_s -lgcc -lc -lgcc_s -lgcc /opt/poky/3.3+snapshot/sysroots/loongarch64-poky-linux/usr/lib/../lib/loongarch64-poky-linux/8.3.0/crtendS.o /opt/poky/3.3+snapshot/sysroots/loongarch64-poky-linux/usr/lib/../lib/crtn.o]
    arg [/opt/poky/3.3+snapshot/sysroots/x86_64-pokysdk-linux/usr/libexec/loongarch64-poky-linux/gcc/loongarch64-poky-linux/8.3.0/collect2] ==> ignore
    arg [-plugin] ==> ignore
    arg [/opt/poky/3.3+snapshot/sysroots/x86_64-pokysdk-linux/usr/libexec/loongarch64-poky-linux/gcc/loongarch64-poky-linux/8.3.0/liblto_plugin.so] ==> ignore
    arg [-plugin-opt=/opt/poky/3.3+snapshot/sysroots/x86_64-pokysdk-linux/usr/libexec/loongarch64-poky-linux/gcc/loongarch64-poky-linux/8.3.0/lto-wrapper] ==> ignore
    arg [-plugin-opt=-fresolution=/tmp/ccnhV1O7.res] ==> ignore
    arg [-plugin-opt=-pass-through=-lgcc_s] ==> ignore
    arg [-plugin-opt=-pass-through=-lgcc] ==> ignore
    arg [-plugin-opt=-pass-through=-lc] ==> ignore
    arg [-plugin-opt=-pass-through=-lgcc_s] ==> ignore
    arg [-plugin-opt=-pass-through=-lgcc] ==> ignore
    arg [--sysroot=/opt/poky/3.3+snapshot/sysroots/loongarch64-poky-linux] ==> ignore
    arg [--build-id] ==> ignore
    arg [--eh-frame-hdr] ==> ignore
    arg [--hash-style=gnu] ==> ignore
    arg [-EL] ==> ignore
    arg [-dynamic-linker] ==> ignore
    arg [/lib/ld.so.1] ==> ignore
    arg [-melf64loongarch] ==> ignore
    arg [-pie] ==> ignore
    arg [-o] ==> ignore
    arg [cmTC_4264b] ==> ignore
    arg [/opt/poky/3.3+snapshot/sysroots/loongarch64-poky-linux/usr/lib/../lib/Scrt1.o] ==> obj [/opt/poky/3.3+snapshot/sysroots/loongarch64-poky-linux/usr/lib/../lib/Scrt1.o]
    arg [/opt/poky/3.3+snapshot/sysroots/loongarch64-poky-linux/usr/lib/../lib/crti.o] ==> obj [/opt/poky/3.3+snapshot/sysroots/loongarch64-poky-linux/usr/lib/../lib/crti.o]
    arg [/opt/poky/3.3+snapshot/sysroots/loongarch64-poky-linux/usr/lib/../lib/loongarch64-poky-linux/8.3.0/crtbeginS.o] ==> obj [/opt/poky/3.3+snapshot/sysroots/loongarch64-poky-linux/usr/lib/../lib/loongarch64-poky-linux/8.3.0/crtbeginS.o]
    arg [-L/opt/poky/3.3+snapshot/sysroots/x86_64-pokysdk-linux/usr/lib/loongarch64-poky-linux/gcc/loongarch64-poky-linux/8.3.0] ==> dir [/opt/poky/3.3+snapshot/sysroots/x86_64-pokysdk-linux/usr/lib/loongarch64-poky-linux/gcc/loongarch64-poky-linux/8.3.0]
    arg [-L/opt/poky/3.3+snapshot/sysroots/loongarch64-poky-linux/lib/../lib] ==> dir [/opt/poky/3.3+snapshot/sysroots/loongarch64-poky-linux/lib/../lib]
    arg [-L/opt/poky/3.3+snapshot/sysroots/loongarch64-poky-linux/usr/lib/../lib/loongarch64-poky-linux/8.3.0] ==> dir [/opt/poky/3.3+snapshot/sysroots/loongarch64-poky-linux/usr/lib/../lib/loongarch64-poky-linux/8.3.0]
    arg [-L/opt/poky/3.3+snapshot/sysroots/loongarch64-poky-linux/usr/lib/loongarch64-poky-linux/8.3.0] ==> dir [/opt/poky/3.3+snapshot/sysroots/loongarch64-poky-linux/usr/lib/loongarch64-poky-linux/8.3.0]
    arg [-L/opt/poky/3.3+snapshot/sysroots/loongarch64-poky-linux/usr/lib/../lib] ==> dir [/opt/poky/3.3+snapshot/sysroots/loongarch64-poky-linux/usr/lib/../lib]
    arg [-L/opt/poky/3.3+snapshot/sysroots/loongarch64-poky-linux/lib] ==> dir [/opt/poky/3.3+snapshot/sysroots/loongarch64-poky-linux/lib]
    arg [-L/opt/poky/3.3+snapshot/sysroots/loongarch64-poky-linux/usr/lib] ==> dir [/opt/poky/3.3+snapshot/sysroots/loongarch64-poky-linux/usr/lib]
    arg [-O1] ==> ignore
    arg [--hash-style=gnu] ==> ignore
    arg [--as-needed] ==> ignore
    arg [-zrelro] ==> ignore
    arg [-znow] ==> ignore
    arg [CMakeFiles/cmTC_4264b.dir/CMakeCXXCompilerABI.cpp.o] ==> ignore
    arg [-lstdc++] ==> lib [stdc++]
    arg [-lm] ==> lib [m]
    arg [-lgcc_s] ==> lib [gcc_s]
    arg [-lgcc] ==> lib [gcc]
    arg [-lc] ==> lib [c]
    arg [-lgcc_s] ==> lib [gcc_s]
    arg [-lgcc] ==> lib [gcc]
    arg [/opt/poky/3.3+snapshot/sysroots/loongarch64-poky-linux/usr/lib/../lib/loongarch64-poky-linux/8.3.0/crtendS.o] ==> obj [/opt/poky/3.3+snapshot/sysroots/loongarch64-poky-linux/usr/lib/../lib/loongarch64-poky-linux/8.3.0/crtendS.o]
    arg [/opt/poky/3.3+snapshot/sysroots/loongarch64-poky-linux/usr/lib/../lib/crtn.o] ==> obj [/opt/poky/3.3+snapshot/sysroots/loongarch64-poky-linux/usr/lib/../lib/crtn.o]
  collapse obj [/opt/poky/3.3+snapshot/sysroots/loongarch64-poky-linux/usr/lib/../lib/Scrt1.o] ==> [/opt/poky/3.3+snapshot/sysroots/loongarch64-poky-linux/usr/lib/Scrt1.o]
  collapse obj [/opt/poky/3.3+snapshot/sysroots/loongarch64-poky-linux/usr/lib/../lib/crti.o] ==> [/opt/poky/3.3+snapshot/sysroots/loongarch64-poky-linux/usr/lib/crti.o]
  collapse obj [/opt/poky/3.3+snapshot/sysroots/loongarch64-poky-linux/usr/lib/../lib/loongarch64-poky-linux/8.3.0/crtbeginS.o] ==> [/opt/poky/3.3+snapshot/sysroots/loongarch64-poky-linux/usr/lib/loongarch64-poky-linux/8.3.0/crtbeginS.o]
  collapse obj [/opt/poky/3.3+snapshot/sysroots/loongarch64-poky-linux/usr/lib/../lib/loongarch64-poky-linux/8.3.0/crtendS.o] ==> [/opt/poky/3.3+snapshot/sysroots/loongarch64-poky-linux/usr/lib/loongarch64-poky-linux/8.3.0/crtendS.o]
  collapse obj [/opt/poky/3.3+snapshot/sysroots/loongarch64-poky-linux/usr/lib/../lib/crtn.o] ==> [/opt/poky/3.3+snapshot/sysroots/loongarch64-poky-linux/usr/lib/crtn.o]
  collapse library dir [/opt/poky/3.3+snapshot/sysroots/x86_64-pokysdk-linux/usr/lib/loongarch64-poky-linux/gcc/loongarch64-poky-linux/8.3.0] ==> [/opt/poky/3.3+snapshot/sysroots/x86_64-pokysdk-linux/usr/lib/loongarch64-poky-linux/gcc/loongarch64-poky-linux/8.3.0]
  collapse library dir [/opt/poky/3.3+snapshot/sysroots/loongarch64-poky-linux/lib/../lib] ==> [/opt/poky/3.3+snapshot/sysroots/loongarch64-poky-linux/lib]
  collapse library dir [/opt/poky/3.3+snapshot/sysroots/loongarch64-poky-linux/usr/lib/../lib/loongarch64-poky-linux/8.3.0] ==> [/opt/poky/3.3+snapshot/sysroots/loongarch64-poky-linux/usr/lib/loongarch64-poky-linux/8.3.0]
  collapse library dir [/opt/poky/3.3+snapshot/sysroots/loongarch64-poky-linux/usr/lib/loongarch64-poky-linux/8.3.0] ==> [/opt/poky/3.3+snapshot/sysroots/loongarch64-poky-linux/usr/lib/loongarch64-poky-linux/8.3.0]
  collapse library dir [/opt/poky/3.3+snapshot/sysroots/loongarch64-poky-linux/usr/lib/../lib] ==> [/opt/poky/3.3+snapshot/sysroots/loongarch64-poky-linux/usr/lib]
  collapse library dir [/opt/poky/3.3+snapshot/sysroots/loongarch64-poky-linux/lib] ==> [/opt/poky/3.3+snapshot/sysroots/loongarch64-poky-linux/lib]
  collapse library dir [/opt/poky/3.3+snapshot/sysroots/loongarch64-poky-linux/usr/lib] ==> [/opt/poky/3.3+snapshot/sysroots/loongarch64-poky-linux/usr/lib]
  implicit libs: [stdc++;m;gcc_s;gcc;c;gcc_s;gcc]
  implicit objs: [/opt/poky/3.3+snapshot/sysroots/loongarch64-poky-linux/usr/lib/Scrt1.o;/opt/poky/3.3+snapshot/sysroots/loongarch64-poky-linux/usr/lib/crti.o;/opt/poky/3.3+snapshot/sysroots/loongarch64-poky-linux/usr/lib/loongarch64-poky-linux/8.3.0/crtbeginS.o;/opt/poky/3.3+snapshot/sysroots/loongarch64-poky-linux/usr/lib/loongarch64-poky-linux/8.3.0/crtendS.o;/opt/poky/3.3+snapshot/sysroots/loongarch64-poky-linux/usr/lib/crtn.o]
  implicit dirs: [/opt/poky/3.3+snapshot/sysroots/x86_64-pokysdk-linux/usr/lib/loongarch64-poky-linux/gcc/loongarch64-poky-linux/8.3.0;/opt/poky/3.3+snapshot/sysroots/loongarch64-poky-linux/lib;/opt/poky/3.3+snapshot/sysroots/loongarch64-poky-linux/usr/lib/loongarch64-poky-linux/8.3.0;/opt/poky/3.3+snapshot/sysroots/loongarch64-poky-linux/usr/lib]
  implicit fwks: []


