The system is: Linux - 5.15.0-74-generic - x86_64
Compiling the C compiler identification source file "CMakeCCompilerId.c" succeeded.
Compiler: /home/ubuntu/Embedded-system-competition/loongson-gnu-toolchain-8.3-x86_64-loongarch64-linux-gnu-rc1.1/bin/loongarch64-linux-gnu-gcc 
Build flags: 
Id flags:  

The output was:
0


Compilation of the C compiler identification source "CMakeCCompilerId.c" produced "a.out"

The C compiler identification is GNU, found in "/home/ubuntu/Embedded-system-competition/build/CMakeFiles/3.22.1/CompilerIdC/a.out"

Compiling the CXX compiler identification source file "CMakeCXXCompilerId.cpp" succeeded.
Compiler: /home/ubuntu/Embedded-system-competition/loongson-gnu-toolchain-8.3-x86_64-loongarch64-linux-gnu-rc1.1/bin/loongarch64-linux-gnu-g++ 
Build flags: 
Id flags:  

The output was:
0


Compilation of the CXX compiler identification source "CMakeCXXCompilerId.cpp" produced "a.out"

The CXX compiler identification is GNU, found in "/home/ubuntu/Embedded-system-competition/build/CMakeFiles/3.22.1/CompilerIdCXX/a.out"

Detecting C compiler ABI info compiled with the following output:
Change Dir: /home/ubuntu/Embedded-system-competition/build/CMakeFiles/CMakeTmp

Run Build Command(s):/usr/bin/ninja cmTC_00e4c && [1/2] Building C object CMakeFiles/cmTC_00e4c.dir/CMakeCCompilerABI.c.o
Using built-in specs.
COLLECT_GCC=/home/ubuntu/Embedded-system-competition/loongson-gnu-toolchain-8.3-x86_64-loongarch64-linux-gnu-rc1.1/bin/loongarch64-linux-gnu-gcc
Target: loongarch64-linux-gnu
Configured with: /dev/shm/build_loongarch64_gcc8-host-x86_64-rc1.1_2022-09-14/src/gcc/configure --build=x86_64-unknown-linux-gnu --host=x86_64-unknown-linux-gnu --target=loongarch64-linux-gnu --program-prefix=loongarch64-linux-gnu- --prefix=/dev/shm/build_loongarch64_gcc8-host-x86_64-rc1.1_2022-09-14/cross --libdir=/dev/shm/build_loongarch64_gcc8-host-x86_64-rc1.1_2022-09-14/cross/lib --with-gxx-include-dir=/dev/shm/build_loongarch64_gcc8-host-x86_64-rc1.1_2022-09-14/cross/sysroot/usr/include/c++ --with-sysroot=/dev/shm/build_loongarch64_gcc8-host-x86_64-rc1.1_2022-09-14/cross/sysroot --with-native-system-header-dir=/usr/include --with-slibdir=/dev/shm/build_loongarch64_gcc8-host-x86_64-rc1.1_2022-09-14/cross/sysroot/usr/lib --with-pkgversion='LoongArch GNU toolchain rc1.1 (20220914)' --with-arch=loongarch64 --with-abi=lp64d --with-multilib-list=lp64d,lp64s --enable-checking=release --disable-linker-build-id --enable-languages=c,c++,fortran --disable-libgcc --disable-libstdc++ --disable-libgfortran --disable-gcov --enable-libcc1 --enable-threads=posix --enable-tls --enable-initfini-array --enable-__cxa_atexit --disable-libatomic --disable-libmudflap --disable-libvtv --disable-libgomp --disable-libmpx --disable-nls --disable-bootstrap
Thread model: posix
gcc version 8.3.0 (LoongArch GNU toolchain rc1.1 (20220914)) 
COLLECT_GCC_OPTIONS='-v' '-o' 'CMakeFiles/cmTC_00e4c.dir/CMakeCCompilerABI.c.o' '-c' '-mabi=lp64d' '-march=loongarch64' '-mfpu=64' '-mcmodel=normal' '-mtune=la464'
 /home/ubuntu/Embedded-system-competition/loongson-gnu-toolchain-8.3-x86_64-loongarch64-linux-gnu-rc1.1/bin/../libexec/gcc/loongarch64-linux-gnu/8.3.0/cc1 -quiet -v -imultilib . -iprefix /home/ubuntu/Embedded-system-competition/loongson-gnu-toolchain-8.3-x86_64-loongarch64-linux-gnu-rc1.1/bin/../lib/gcc/loongarch64-linux-gnu/8.3.0/ -isysroot /home/ubuntu/Embedded-system-competition/loongson-gnu-toolchain-8.3-x86_64-loongarch64-linux-gnu-rc1.1/bin/../sysroot /usr/share/cmake-3.22/Modules/CMakeCCompilerABI.c -quiet -dumpbase CMakeCCompilerABI.c -mabi=lp64d -march=loongarch64 -mfpu=64 -mcmodel=normal -mtune=la464 -auxbase-strip CMakeFiles/cmTC_00e4c.dir/CMakeCCompilerABI.c.o -version -o /tmp/ccQd0fYG.s
GNU C17 (LoongArch GNU toolchain rc1.1 (20220914)) version 8.3.0 (loongarch64-linux-gnu)
	compiled by GNU C version 4.8.5, GMP version 6.1.0, MPFR version 3.1.4, MPC version 1.0.3, isl version isl-0.18-GMP

GGC heuristics: --param ggc-min-expand=100 --param ggc-min-heapsize=131072
ignoring nonexistent directory "/home/ubuntu/Embedded-system-competition/loongson-gnu-toolchain-8.3-x86_64-loongarch64-linux-gnu-rc1.1/bin/../lib/gcc/loongarch64-linux-gnu/8.3.0/../../../../loongarch64-linux-gnu/include"
ignoring duplicate directory "/home/ubuntu/Embedded-system-competition/loongson-gnu-toolchain-8.3-x86_64-loongarch64-linux-gnu-rc1.1/lib/gcc/loongarch64-linux-gnu/8.3.0/include"
ignoring nonexistent directory "/home/ubuntu/Embedded-system-competition/loongson-gnu-toolchain-8.3-x86_64-loongarch64-linux-gnu-rc1.1/bin/../sysroot/usr/local/include"
ignoring duplicate directory "/home/ubuntu/Embedded-system-competition/loongson-gnu-toolchain-8.3-x86_64-loongarch64-linux-gnu-rc1.1/lib/gcc/loongarch64-linux-gnu/8.3.0/include-fixed"
ignoring nonexistent directory "/home/ubuntu/Embedded-system-competition/loongson-gnu-toolchain-8.3-x86_64-loongarch64-linux-gnu-rc1.1/bin/../lib/gcc/../../lib/gcc/loongarch64-linux-gnu/8.3.0/../../../../loongarch64-linux-gnu/include"
#include "..." search starts here:
#include <...> search starts here:
 /home/ubuntu/Embedded-system-competition/loongson-gnu-toolchain-8.3-x86_64-loongarch64-linux-gnu-rc1.1/lib/gcc/loongarch64-linux-gnu/8.3.0/include
 /home/ubuntu/Embedded-system-competition/loongson-gnu-toolchain-8.3-x86_64-loongarch64-linux-gnu-rc1.1/lib/gcc/loongarch64-linux-gnu/8.3.0/include-fixed
 /home/ubuntu/Embedded-system-competition/loongson-gnu-toolchain-8.3-x86_64-loongarch64-linux-gnu-rc1.1/sysroot/usr/include
End of search list.
GNU C17 (LoongArch GNU toolchain rc1.1 (20220914)) version 8.3.0 (loongarch64-linux-gnu)
	compiled by GNU C version 4.8.5, GMP version 6.1.0, MPFR version 3.1.4, MPC version 1.0.3, isl version isl-0.18-GMP

GGC heuristics: --param ggc-min-expand=100 --param ggc-min-heapsize=131072
Compiler executable checksum: 7f1838ab266e4af695294ce37bfac079
COLLECT_GCC_OPTIONS='-v' '-o' 'CMakeFiles/cmTC_00e4c.dir/CMakeCCompilerABI.c.o' '-c' '-mabi=lp64d' '-march=loongarch64' '-mfpu=64' '-mcmodel=normal' '-mtune=la464'
 /home/ubuntu/Embedded-system-competition/loongson-gnu-toolchain-8.3-x86_64-loongarch64-linux-gnu-rc1.1/bin/../lib/gcc/loongarch64-linux-gnu/8.3.0/../../../../loongarch64-linux-gnu/bin/as -v -mabi=lp64 -o CMakeFiles/cmTC_00e4c.dir/CMakeCCompilerABI.c.o /tmp/ccQd0fYG.s
GNU assembler version 2.31.1 (loongarch64-linux-gnu) using BFD version (LoongArch GNU toolchain rc1.1 (20220914)) 2.31.1.20190122
COMPILER_PATH=/home/ubuntu/Embedded-system-competition/loongson-gnu-toolchain-8.3-x86_64-loongarch64-linux-gnu-rc1.1/bin/../libexec/gcc/loongarch64-linux-gnu/8.3.0/:/home/ubuntu/Embedded-system-competition/loongson-gnu-toolchain-8.3-x86_64-loongarch64-linux-gnu-rc1.1/bin/../libexec/gcc/:/home/ubuntu/Embedded-system-competition/loongson-gnu-toolchain-8.3-x86_64-loongarch64-linux-gnu-rc1.1/bin/../lib/gcc/loongarch64-linux-gnu/8.3.0/../../../../loongarch64-linux-gnu/bin/
LIBRARY_PATH=/home/ubuntu/Embedded-system-competition/loongson-gnu-toolchain-8.3-x86_64-loongarch64-linux-gnu-rc1.1/bin/../lib/gcc/loongarch64-linux-gnu/8.3.0/:/home/ubuntu/Embedded-system-competition/loongson-gnu-toolchain-8.3-x86_64-loongarch64-linux-gnu-rc1.1/bin/../lib/gcc/:/home/ubuntu/Embedded-system-competition/loongson-gnu-toolchain-8.3-x86_64-loongarch64-linux-gnu-rc1.1/bin/../sysroot/lib/../lib64/:/home/ubuntu/Embedded-system-competition/loongson-gnu-toolchain-8.3-x86_64-loongarch64-linux-gnu-rc1.1/bin/../sysroot/usr/lib/../lib64/:/home/ubuntu/Embedded-system-competition/loongson-gnu-toolchain-8.3-x86_64-loongarch64-linux-gnu-rc1.1/bin/../lib/gcc/loongarch64-linux-gnu/8.3.0/../../../../loongarch64-linux-gnu/lib/:/home/ubuntu/Embedded-system-competition/loongson-gnu-toolchain-8.3-x86_64-loongarch64-linux-gnu-rc1.1/bin/../sysroot/lib/:/home/ubuntu/Embedded-system-competition/loongson-gnu-toolchain-8.3-x86_64-loongarch64-linux-gnu-rc1.1/bin/../sysroot/usr/lib/
COLLECT_GCC_OPTIONS='-v' '-o' 'CMakeFiles/cmTC_00e4c.dir/CMakeCCompilerABI.c.o' '-c' '-mabi=lp64d' '-march=loongarch64' '-mfpu=64' '-mcmodel=normal' '-mtune=la464'
[2/2] Linking C executable cmTC_00e4c
Using built-in specs.
COLLECT_GCC=/home/ubuntu/Embedded-system-competition/loongson-gnu-toolchain-8.3-x86_64-loongarch64-linux-gnu-rc1.1/bin/loongarch64-linux-gnu-gcc
COLLECT_LTO_WRAPPER=/home/ubuntu/Embedded-system-competition/loongson-gnu-toolchain-8.3-x86_64-loongarch64-linux-gnu-rc1.1/bin/../libexec/gcc/loongarch64-linux-gnu/8.3.0/lto-wrapper
Target: loongarch64-linux-gnu
Configured with: /dev/shm/build_loongarch64_gcc8-host-x86_64-rc1.1_2022-09-14/src/gcc/configure --build=x86_64-unknown-linux-gnu --host=x86_64-unknown-linux-gnu --target=loongarch64-linux-gnu --program-prefix=loongarch64-linux-gnu- --prefix=/dev/shm/build_loongarch64_gcc8-host-x86_64-rc1.1_2022-09-14/cross --libdir=/dev/shm/build_loongarch64_gcc8-host-x86_64-rc1.1_2022-09-14/cross/lib --with-gxx-include-dir=/dev/shm/build_loongarch64_gcc8-host-x86_64-rc1.1_2022-09-14/cross/sysroot/usr/include/c++ --with-sysroot=/dev/shm/build_loongarch64_gcc8-host-x86_64-rc1.1_2022-09-14/cross/sysroot --with-native-system-header-dir=/usr/include --with-slibdir=/dev/shm/build_loongarch64_gcc8-host-x86_64-rc1.1_2022-09-14/cross/sysroot/usr/lib --with-pkgversion='LoongArch GNU toolchain rc1.1 (20220914)' --with-arch=loongarch64 --with-abi=lp64d --with-multilib-list=lp64d,lp64s --enable-checking=release --disable-linker-build-id --enable-languages=c,c++,fortran --disable-libgcc --disable-libstdc++ --disable-libgfortran --disable-gcov --enable-libcc1 --enable-threads=posix --enable-tls --enable-initfini-array --enable-__cxa_atexit --disable-libatomic --disable-libmudflap --disable-libvtv --disable-libgomp --disable-libmpx --disable-nls --disable-bootstrap
Thread model: posix
gcc version 8.3.0 (LoongArch GNU toolchain rc1.1 (20220914)) 
COMPILER_PATH=/home/ubuntu/Embedded-system-competition/loongson-gnu-toolchain-8.3-x86_64-loongarch64-linux-gnu-rc1.1/bin/../libexec/gcc/loongarch64-linux-gnu/8.3.0/:/home/ubuntu/Embedded-system-competition/loongson-gnu-toolchain-8.3-x86_64-loongarch64-linux-gnu-rc1.1/bin/../libexec/gcc/:/home/ubuntu/Embedded-system-competition/loongson-gnu-toolchain-8.3-x86_64-loongarch64-linux-gnu-rc1.1/bin/../lib/gcc/loongarch64-linux-gnu/8.3.0/../../../../loongarch64-linux-gnu/bin/
LIBRARY_PATH=/home/ubuntu/Embedded-system-competition/loongson-gnu-toolchain-8.3-x86_64-loongarch64-linux-gnu-rc1.1/bin/../lib/gcc/loongarch64-linux-gnu/8.3.0/:/home/ubuntu/Embedded-system-competition/loongson-gnu-toolchain-8.3-x86_64-loongarch64-linux-gnu-rc1.1/bin/../lib/gcc/:/home/ubuntu/Embedded-system-competition/loongson-gnu-toolchain-8.3-x86_64-loongarch64-linux-gnu-rc1.1/bin/../sysroot/lib/../lib64/:/home/ubuntu/Embedded-system-competition/loongson-gnu-toolchain-8.3-x86_64-loongarch64-linux-gnu-rc1.1/bin/../sysroot/usr/lib/../lib64/:/home/ubuntu/Embedded-system-competition/loongson-gnu-toolchain-8.3-x86_64-loongarch64-linux-gnu-rc1.1/bin/../lib/gcc/loongarch64-linux-gnu/8.3.0/../../../../loongarch64-linux-gnu/lib/:/home/ubuntu/Embedded-system-competition/loongson-gnu-toolchain-8.3-x86_64-loongarch64-linux-gnu-rc1.1/bin/../sysroot/lib/:/home/ubuntu/Embedded-system-competition/loongson-gnu-toolchain-8.3-x86_64-loongarch64-linux-gnu-rc1.1/bin/../sysroot/usr/lib/
COLLECT_GCC_OPTIONS='-v' '-o' 'cmTC_00e4c' '-mabi=lp64d' '-march=loongarch64' '-mfpu=64' '-mcmodel=normal' '-mtune=la464'
 /home/ubuntu/Embedded-system-competition/loongson-gnu-toolchain-8.3-x86_64-loongarch64-linux-gnu-rc1.1/bin/../libexec/gcc/loongarch64-linux-gnu/8.3.0/collect2 -plugin /home/ubuntu/Embedded-system-competition/loongson-gnu-toolchain-8.3-x86_64-loongarch64-linux-gnu-rc1.1/bin/../libexec/gcc/loongarch64-linux-gnu/8.3.0/liblto_plugin.so -plugin-opt=/home/ubuntu/Embedded-system-competition/loongson-gnu-toolchain-8.3-x86_64-loongarch64-linux-gnu-rc1.1/bin/../libexec/gcc/loongarch64-linux-gnu/8.3.0/lto-wrapper -plugin-opt=-fresolution=/tmp/ccnJwN3w.res -plugin-opt=-pass-through=-lgcc -plugin-opt=-pass-through=-lgcc_s -plugin-opt=-pass-through=-lc -plugin-opt=-pass-through=-lgcc -plugin-opt=-pass-through=-lgcc_s --sysroot=/home/ubuntu/Embedded-system-competition/loongson-gnu-toolchain-8.3-x86_64-loongarch64-linux-gnu-rc1.1/bin/../sysroot --eh-frame-hdr -m elf64loongarch -dynamic-linker /lib64/ld.so.1 -o cmTC_00e4c /home/ubuntu/Embedded-system-competition/loongson-gnu-toolchain-8.3-x86_64-loongarch64-linux-gnu-rc1.1/bin/../sysroot/lib/../lib64/crt1.o /home/ubuntu/Embedded-system-competition/loongson-gnu-toolchain-8.3-x86_64-loongarch64-linux-gnu-rc1.1/bin/../sysroot/lib/../lib64/crti.o /home/ubuntu/Embedded-system-competition/loongson-gnu-toolchain-8.3-x86_64-loongarch64-linux-gnu-rc1.1/bin/../lib/gcc/loongarch64-linux-gnu/8.3.0/crtbegin.o -L/home/ubuntu/Embedded-system-competition/loongson-gnu-toolchain-8.3-x86_64-loongarch64-linux-gnu-rc1.1/bin/../lib/gcc/loongarch64-linux-gnu/8.3.0 -L/home/ubuntu/Embedded-system-competition/loongson-gnu-toolchain-8.3-x86_64-loongarch64-linux-gnu-rc1.1/bin/../lib/gcc -L/home/ubuntu/Embedded-system-competition/loongson-gnu-toolchain-8.3-x86_64-loongarch64-linux-gnu-rc1.1/bin/../sysroot/lib/../lib64 -L/home/ubuntu/Embedded-system-competition/loongson-gnu-toolchain-8.3-x86_64-loongarch64-linux-gnu-rc1.1/bin/../sysroot/usr/lib/../lib64 -L/home/ubuntu/Embedded-system-competition/loongson-gnu-toolchain-8.3-x86_64-loongarch64-linux-gnu-rc1.1/bin/../lib/gcc/loongarch64-linux-gnu/8.3.0/../../../../loongarch64-linux-gnu/lib -L/home/ubuntu/Embedded-system-competition/loongson-gnu-toolchain-8.3-x86_64-loongarch64-linux-gnu-rc1.1/bin/../sysroot/lib -L/home/ubuntu/Embedded-system-competition/loongson-gnu-toolchain-8.3-x86_64-loongarch64-linux-gnu-rc1.1/bin/../sysroot/usr/lib CMakeFiles/cmTC_00e4c.dir/CMakeCCompilerABI.c.o -lgcc --push-state --as-needed -lgcc_s --pop-state -lc -lgcc --push-state --as-needed -lgcc_s --pop-state /home/ubuntu/Embedded-system-competition/loongson-gnu-toolchain-8.3-x86_64-loongarch64-linux-gnu-rc1.1/bin/../lib/gcc/loongarch64-linux-gnu/8.3.0/crtend.o /home/ubuntu/Embedded-system-competition/loongson-gnu-toolchain-8.3-x86_64-loongarch64-linux-gnu-rc1.1/bin/../sysroot/lib/../lib64/crtn.o
COLLECT_GCC_OPTIONS='-v' '-o' 'cmTC_00e4c' '-mabi=lp64d' '-march=loongarch64' '-mfpu=64' '-mcmodel=normal' '-mtune=la464'



Parsed C implicit include dir info from above output: rv=done
  found start of include info
  found start of implicit include info
    add: [/home/ubuntu/Embedded-system-competition/loongson-gnu-toolchain-8.3-x86_64-loongarch64-linux-gnu-rc1.1/lib/gcc/loongarch64-linux-gnu/8.3.0/include]
    add: [/home/ubuntu/Embedded-system-competition/loongson-gnu-toolchain-8.3-x86_64-loongarch64-linux-gnu-rc1.1/lib/gcc/loongarch64-linux-gnu/8.3.0/include-fixed]
    add: [/home/ubuntu/Embedded-system-competition/loongson-gnu-toolchain-8.3-x86_64-loongarch64-linux-gnu-rc1.1/sysroot/usr/include]
  end of search list found
  collapse include dir [/home/ubuntu/Embedded-system-competition/loongson-gnu-toolchain-8.3-x86_64-loongarch64-linux-gnu-rc1.1/lib/gcc/loongarch64-linux-gnu/8.3.0/include] ==> [/home/ubuntu/Embedded-system-competition/loongson-gnu-toolchain-8.3-x86_64-loongarch64-linux-gnu-rc1.1/lib/gcc/loongarch64-linux-gnu/8.3.0/include]
  collapse include dir [/home/ubuntu/Embedded-system-competition/loongson-gnu-toolchain-8.3-x86_64-loongarch64-linux-gnu-rc1.1/lib/gcc/loongarch64-linux-gnu/8.3.0/include-fixed] ==> [/home/ubuntu/Embedded-system-competition/loongson-gnu-toolchain-8.3-x86_64-loongarch64-linux-gnu-rc1.1/lib/gcc/loongarch64-linux-gnu/8.3.0/include-fixed]
  collapse include dir [/home/ubuntu/Embedded-system-competition/loongson-gnu-toolchain-8.3-x86_64-loongarch64-linux-gnu-rc1.1/sysroot/usr/include] ==> [/home/ubuntu/Embedded-system-competition/loongson-gnu-toolchain-8.3-x86_64-loongarch64-linux-gnu-rc1.1/sysroot/usr/include]
  implicit include dirs: [/home/ubuntu/Embedded-system-competition/loongson-gnu-toolchain-8.3-x86_64-loongarch64-linux-gnu-rc1.1/lib/gcc/loongarch64-linux-gnu/8.3.0/include;/home/ubuntu/Embedded-system-competition/loongson-gnu-toolchain-8.3-x86_64-loongarch64-linux-gnu-rc1.1/lib/gcc/loongarch64-linux-gnu/8.3.0/include-fixed;/home/ubuntu/Embedded-system-competition/loongson-gnu-toolchain-8.3-x86_64-loongarch64-linux-gnu-rc1.1/sysroot/usr/include]


Parsed C implicit link information from above output:
  link line regex: [^( *|.*[/\])(loongarch64-linux-gnu-ld|CMAKE_LINK_STARTFILE-NOTFOUND|([^/\]+-)?ld|collect2)[^/\]*( |$)]
  ignore line: [Change Dir: /home/ubuntu/Embedded-system-competition/build/CMakeFiles/CMakeTmp]
  ignore line: []
  ignore line: [Run Build Command(s):/usr/bin/ninja cmTC_00e4c && [1/2] Building C object CMakeFiles/cmTC_00e4c.dir/CMakeCCompilerABI.c.o]
  ignore line: [Using built-in specs.]
  ignore line: [COLLECT_GCC=/home/ubuntu/Embedded-system-competition/loongson-gnu-toolchain-8.3-x86_64-loongarch64-linux-gnu-rc1.1/bin/loongarch64-linux-gnu-gcc]
  ignore line: [Target: loongarch64-linux-gnu]
  ignore line: [Configured with: /dev/shm/build_loongarch64_gcc8-host-x86_64-rc1.1_2022-09-14/src/gcc/configure --build=x86_64-unknown-linux-gnu --host=x86_64-unknown-linux-gnu --target=loongarch64-linux-gnu --program-prefix=loongarch64-linux-gnu- --prefix=/dev/shm/build_loongarch64_gcc8-host-x86_64-rc1.1_2022-09-14/cross --libdir=/dev/shm/build_loongarch64_gcc8-host-x86_64-rc1.1_2022-09-14/cross/lib --with-gxx-include-dir=/dev/shm/build_loongarch64_gcc8-host-x86_64-rc1.1_2022-09-14/cross/sysroot/usr/include/c++ --with-sysroot=/dev/shm/build_loongarch64_gcc8-host-x86_64-rc1.1_2022-09-14/cross/sysroot --with-native-system-header-dir=/usr/include --with-slibdir=/dev/shm/build_loongarch64_gcc8-host-x86_64-rc1.1_2022-09-14/cross/sysroot/usr/lib --with-pkgversion='LoongArch GNU toolchain rc1.1 (20220914)' --with-arch=loongarch64 --with-abi=lp64d --with-multilib-list=lp64d lp64s --enable-checking=release --disable-linker-build-id --enable-languages=c c++ fortran --disable-libgcc --disable-libstdc++ --disable-libgfortran --disable-gcov --enable-libcc1 --enable-threads=posix --enable-tls --enable-initfini-array --enable-__cxa_atexit --disable-libatomic --disable-libmudflap --disable-libvtv --disable-libgomp --disable-libmpx --disable-nls --disable-bootstrap]
  ignore line: [Thread model: posix]
  ignore line: [gcc version 8.3.0 (LoongArch GNU toolchain rc1.1 (20220914)) ]
  ignore line: [COLLECT_GCC_OPTIONS='-v' '-o' 'CMakeFiles/cmTC_00e4c.dir/CMakeCCompilerABI.c.o' '-c' '-mabi=lp64d' '-march=loongarch64' '-mfpu=64' '-mcmodel=normal' '-mtune=la464']
  ignore line: [ /home/ubuntu/Embedded-system-competition/loongson-gnu-toolchain-8.3-x86_64-loongarch64-linux-gnu-rc1.1/bin/../libexec/gcc/loongarch64-linux-gnu/8.3.0/cc1 -quiet -v -imultilib . -iprefix /home/ubuntu/Embedded-system-competition/loongson-gnu-toolchain-8.3-x86_64-loongarch64-linux-gnu-rc1.1/bin/../lib/gcc/loongarch64-linux-gnu/8.3.0/ -isysroot /home/ubuntu/Embedded-system-competition/loongson-gnu-toolchain-8.3-x86_64-loongarch64-linux-gnu-rc1.1/bin/../sysroot /usr/share/cmake-3.22/Modules/CMakeCCompilerABI.c -quiet -dumpbase CMakeCCompilerABI.c -mabi=lp64d -march=loongarch64 -mfpu=64 -mcmodel=normal -mtune=la464 -auxbase-strip CMakeFiles/cmTC_00e4c.dir/CMakeCCompilerABI.c.o -version -o /tmp/ccQd0fYG.s]
  ignore line: [GNU C17 (LoongArch GNU toolchain rc1.1 (20220914)) version 8.3.0 (loongarch64-linux-gnu)]
  ignore line: [	compiled by GNU C version 4.8.5  GMP version 6.1.0  MPFR version 3.1.4  MPC version 1.0.3  isl version isl-0.18-GMP]
  ignore line: []
  ignore line: [GGC heuristics: --param ggc-min-expand=100 --param ggc-min-heapsize=131072]
  ignore line: [ignoring nonexistent directory "/home/ubuntu/Embedded-system-competition/loongson-gnu-toolchain-8.3-x86_64-loongarch64-linux-gnu-rc1.1/bin/../lib/gcc/loongarch64-linux-gnu/8.3.0/../../../../loongarch64-linux-gnu/include"]
  ignore line: [ignoring duplicate directory "/home/ubuntu/Embedded-system-competition/loongson-gnu-toolchain-8.3-x86_64-loongarch64-linux-gnu-rc1.1/lib/gcc/loongarch64-linux-gnu/8.3.0/include"]
  ignore line: [ignoring nonexistent directory "/home/ubuntu/Embedded-system-competition/loongson-gnu-toolchain-8.3-x86_64-loongarch64-linux-gnu-rc1.1/bin/../sysroot/usr/local/include"]
  ignore line: [ignoring duplicate directory "/home/ubuntu/Embedded-system-competition/loongson-gnu-toolchain-8.3-x86_64-loongarch64-linux-gnu-rc1.1/lib/gcc/loongarch64-linux-gnu/8.3.0/include-fixed"]
  ignore line: [ignoring nonexistent directory "/home/ubuntu/Embedded-system-competition/loongson-gnu-toolchain-8.3-x86_64-loongarch64-linux-gnu-rc1.1/bin/../lib/gcc/../../lib/gcc/loongarch64-linux-gnu/8.3.0/../../../../loongarch64-linux-gnu/include"]
  ignore line: [#include "..." search starts here:]
  ignore line: [#include <...> search starts here:]
  ignore line: [ /home/ubuntu/Embedded-system-competition/loongson-gnu-toolchain-8.3-x86_64-loongarch64-linux-gnu-rc1.1/lib/gcc/loongarch64-linux-gnu/8.3.0/include]
  ignore line: [ /home/ubuntu/Embedded-system-competition/loongson-gnu-toolchain-8.3-x86_64-loongarch64-linux-gnu-rc1.1/lib/gcc/loongarch64-linux-gnu/8.3.0/include-fixed]
  ignore line: [ /home/ubuntu/Embedded-system-competition/loongson-gnu-toolchain-8.3-x86_64-loongarch64-linux-gnu-rc1.1/sysroot/usr/include]
  ignore line: [End of search list.]
  ignore line: [GNU C17 (LoongArch GNU toolchain rc1.1 (20220914)) version 8.3.0 (loongarch64-linux-gnu)]
  ignore line: [	compiled by GNU C version 4.8.5  GMP version 6.1.0  MPFR version 3.1.4  MPC version 1.0.3  isl version isl-0.18-GMP]
  ignore line: []
  ignore line: [GGC heuristics: --param ggc-min-expand=100 --param ggc-min-heapsize=131072]
  ignore line: [Compiler executable checksum: 7f1838ab266e4af695294ce37bfac079]
  ignore line: [COLLECT_GCC_OPTIONS='-v' '-o' 'CMakeFiles/cmTC_00e4c.dir/CMakeCCompilerABI.c.o' '-c' '-mabi=lp64d' '-march=loongarch64' '-mfpu=64' '-mcmodel=normal' '-mtune=la464']
  ignore line: [ /home/ubuntu/Embedded-system-competition/loongson-gnu-toolchain-8.3-x86_64-loongarch64-linux-gnu-rc1.1/bin/../lib/gcc/loongarch64-linux-gnu/8.3.0/../../../../loongarch64-linux-gnu/bin/as -v -mabi=lp64 -o CMakeFiles/cmTC_00e4c.dir/CMakeCCompilerABI.c.o /tmp/ccQd0fYG.s]
  ignore line: [GNU assembler version 2.31.1 (loongarch64-linux-gnu) using BFD version (LoongArch GNU toolchain rc1.1 (20220914)) 2.31.1.20190122]
  ignore line: [COMPILER_PATH=/home/ubuntu/Embedded-system-competition/loongson-gnu-toolchain-8.3-x86_64-loongarch64-linux-gnu-rc1.1/bin/../libexec/gcc/loongarch64-linux-gnu/8.3.0/:/home/ubuntu/Embedded-system-competition/loongson-gnu-toolchain-8.3-x86_64-loongarch64-linux-gnu-rc1.1/bin/../libexec/gcc/:/home/ubuntu/Embedded-system-competition/loongson-gnu-toolchain-8.3-x86_64-loongarch64-linux-gnu-rc1.1/bin/../lib/gcc/loongarch64-linux-gnu/8.3.0/../../../../loongarch64-linux-gnu/bin/]
  ignore line: [LIBRARY_PATH=/home/ubuntu/Embedded-system-competition/loongson-gnu-toolchain-8.3-x86_64-loongarch64-linux-gnu-rc1.1/bin/../lib/gcc/loongarch64-linux-gnu/8.3.0/:/home/ubuntu/Embedded-system-competition/loongson-gnu-toolchain-8.3-x86_64-loongarch64-linux-gnu-rc1.1/bin/../lib/gcc/:/home/ubuntu/Embedded-system-competition/loongson-gnu-toolchain-8.3-x86_64-loongarch64-linux-gnu-rc1.1/bin/../sysroot/lib/../lib64/:/home/ubuntu/Embedded-system-competition/loongson-gnu-toolchain-8.3-x86_64-loongarch64-linux-gnu-rc1.1/bin/../sysroot/usr/lib/../lib64/:/home/ubuntu/Embedded-system-competition/loongson-gnu-toolchain-8.3-x86_64-loongarch64-linux-gnu-rc1.1/bin/../lib/gcc/loongarch64-linux-gnu/8.3.0/../../../../loongarch64-linux-gnu/lib/:/home/ubuntu/Embedded-system-competition/loongson-gnu-toolchain-8.3-x86_64-loongarch64-linux-gnu-rc1.1/bin/../sysroot/lib/:/home/ubuntu/Embedded-system-competition/loongson-gnu-toolchain-8.3-x86_64-loongarch64-linux-gnu-rc1.1/bin/../sysroot/usr/lib/]
  ignore line: [COLLECT_GCC_OPTIONS='-v' '-o' 'CMakeFiles/cmTC_00e4c.dir/CMakeCCompilerABI.c.o' '-c' '-mabi=lp64d' '-march=loongarch64' '-mfpu=64' '-mcmodel=normal' '-mtune=la464']
  ignore line: [[2/2] Linking C executable cmTC_00e4c]
  ignore line: [Using built-in specs.]
  ignore line: [COLLECT_GCC=/home/ubuntu/Embedded-system-competition/loongson-gnu-toolchain-8.3-x86_64-loongarch64-linux-gnu-rc1.1/bin/loongarch64-linux-gnu-gcc]
  ignore line: [COLLECT_LTO_WRAPPER=/home/ubuntu/Embedded-system-competition/loongson-gnu-toolchain-8.3-x86_64-loongarch64-linux-gnu-rc1.1/bin/../libexec/gcc/loongarch64-linux-gnu/8.3.0/lto-wrapper]
  ignore line: [Target: loongarch64-linux-gnu]
  ignore line: [Configured with: /dev/shm/build_loongarch64_gcc8-host-x86_64-rc1.1_2022-09-14/src/gcc/configure --build=x86_64-unknown-linux-gnu --host=x86_64-unknown-linux-gnu --target=loongarch64-linux-gnu --program-prefix=loongarch64-linux-gnu- --prefix=/dev/shm/build_loongarch64_gcc8-host-x86_64-rc1.1_2022-09-14/cross --libdir=/dev/shm/build_loongarch64_gcc8-host-x86_64-rc1.1_2022-09-14/cross/lib --with-gxx-include-dir=/dev/shm/build_loongarch64_gcc8-host-x86_64-rc1.1_2022-09-14/cross/sysroot/usr/include/c++ --with-sysroot=/dev/shm/build_loongarch64_gcc8-host-x86_64-rc1.1_2022-09-14/cross/sysroot --with-native-system-header-dir=/usr/include --with-slibdir=/dev/shm/build_loongarch64_gcc8-host-x86_64-rc1.1_2022-09-14/cross/sysroot/usr/lib --with-pkgversion='LoongArch GNU toolchain rc1.1 (20220914)' --with-arch=loongarch64 --with-abi=lp64d --with-multilib-list=lp64d lp64s --enable-checking=release --disable-linker-build-id --enable-languages=c c++ fortran --disable-libgcc --disable-libstdc++ --disable-libgfortran --disable-gcov --enable-libcc1 --enable-threads=posix --enable-tls --enable-initfini-array --enable-__cxa_atexit --disable-libatomic --disable-libmudflap --disable-libvtv --disable-libgomp --disable-libmpx --disable-nls --disable-bootstrap]
  ignore line: [Thread model: posix]
  ignore line: [gcc version 8.3.0 (LoongArch GNU toolchain rc1.1 (20220914)) ]
  ignore line: [COMPILER_PATH=/home/ubuntu/Embedded-system-competition/loongson-gnu-toolchain-8.3-x86_64-loongarch64-linux-gnu-rc1.1/bin/../libexec/gcc/loongarch64-linux-gnu/8.3.0/:/home/ubuntu/Embedded-system-competition/loongson-gnu-toolchain-8.3-x86_64-loongarch64-linux-gnu-rc1.1/bin/../libexec/gcc/:/home/ubuntu/Embedded-system-competition/loongson-gnu-toolchain-8.3-x86_64-loongarch64-linux-gnu-rc1.1/bin/../lib/gcc/loongarch64-linux-gnu/8.3.0/../../../../loongarch64-linux-gnu/bin/]
  ignore line: [LIBRARY_PATH=/home/ubuntu/Embedded-system-competition/loongson-gnu-toolchain-8.3-x86_64-loongarch64-linux-gnu-rc1.1/bin/../lib/gcc/loongarch64-linux-gnu/8.3.0/:/home/ubuntu/Embedded-system-competition/loongson-gnu-toolchain-8.3-x86_64-loongarch64-linux-gnu-rc1.1/bin/../lib/gcc/:/home/ubuntu/Embedded-system-competition/loongson-gnu-toolchain-8.3-x86_64-loongarch64-linux-gnu-rc1.1/bin/../sysroot/lib/../lib64/:/home/ubuntu/Embedded-system-competition/loongson-gnu-toolchain-8.3-x86_64-loongarch64-linux-gnu-rc1.1/bin/../sysroot/usr/lib/../lib64/:/home/ubuntu/Embedded-system-competition/loongson-gnu-toolchain-8.3-x86_64-loongarch64-linux-gnu-rc1.1/bin/../lib/gcc/loongarch64-linux-gnu/8.3.0/../../../../loongarch64-linux-gnu/lib/:/home/ubuntu/Embedded-system-competition/loongson-gnu-toolchain-8.3-x86_64-loongarch64-linux-gnu-rc1.1/bin/../sysroot/lib/:/home/ubuntu/Embedded-system-competition/loongson-gnu-toolchain-8.3-x86_64-loongarch64-linux-gnu-rc1.1/bin/../sysroot/usr/lib/]
  ignore line: [COLLECT_GCC_OPTIONS='-v' '-o' 'cmTC_00e4c' '-mabi=lp64d' '-march=loongarch64' '-mfpu=64' '-mcmodel=normal' '-mtune=la464']
  link line: [ /home/ubuntu/Embedded-system-competition/loongson-gnu-toolchain-8.3-x86_64-loongarch64-linux-gnu-rc1.1/bin/../libexec/gcc/loongarch64-linux-gnu/8.3.0/collect2 -plugin /home/ubuntu/Embedded-system-competition/loongson-gnu-toolchain-8.3-x86_64-loongarch64-linux-gnu-rc1.1/bin/../libexec/gcc/loongarch64-linux-gnu/8.3.0/liblto_plugin.so -plugin-opt=/home/ubuntu/Embedded-system-competition/loongson-gnu-toolchain-8.3-x86_64-loongarch64-linux-gnu-rc1.1/bin/../libexec/gcc/loongarch64-linux-gnu/8.3.0/lto-wrapper -plugin-opt=-fresolution=/tmp/ccnJwN3w.res -plugin-opt=-pass-through=-lgcc -plugin-opt=-pass-through=-lgcc_s -plugin-opt=-pass-through=-lc -plugin-opt=-pass-through=-lgcc -plugin-opt=-pass-through=-lgcc_s --sysroot=/home/ubuntu/Embedded-system-competition/loongson-gnu-toolchain-8.3-x86_64-loongarch64-linux-gnu-rc1.1/bin/../sysroot --eh-frame-hdr -m elf64loongarch -dynamic-linker /lib64/ld.so.1 -o cmTC_00e4c /home/ubuntu/Embedded-system-competition/loongson-gnu-toolchain-8.3-x86_64-loongarch64-linux-gnu-rc1.1/bin/../sysroot/lib/../lib64/crt1.o /home/ubuntu/Embedded-system-competition/loongson-gnu-toolchain-8.3-x86_64-loongarch64-linux-gnu-rc1.1/bin/../sysroot/lib/../lib64/crti.o /home/ubuntu/Embedded-system-competition/loongson-gnu-toolchain-8.3-x86_64-loongarch64-linux-gnu-rc1.1/bin/../lib/gcc/loongarch64-linux-gnu/8.3.0/crtbegin.o -L/home/ubuntu/Embedded-system-competition/loongson-gnu-toolchain-8.3-x86_64-loongarch64-linux-gnu-rc1.1/bin/../lib/gcc/loongarch64-linux-gnu/8.3.0 -L/home/ubuntu/Embedded-system-competition/loongson-gnu-toolchain-8.3-x86_64-loongarch64-linux-gnu-rc1.1/bin/../lib/gcc -L/home/ubuntu/Embedded-system-competition/loongson-gnu-toolchain-8.3-x86_64-loongarch64-linux-gnu-rc1.1/bin/../sysroot/lib/../lib64 -L/home/ubuntu/Embedded-system-competition/loongson-gnu-toolchain-8.3-x86_64-loongarch64-linux-gnu-rc1.1/bin/../sysroot/usr/lib/../lib64 -L/home/ubuntu/Embedded-system-competition/loongson-gnu-toolchain-8.3-x86_64-loongarch64-linux-gnu-rc1.1/bin/../lib/gcc/loongarch64-linux-gnu/8.3.0/../../../../loongarch64-linux-gnu/lib -L/home/ubuntu/Embedded-system-competition/loongson-gnu-toolchain-8.3-x86_64-loongarch64-linux-gnu-rc1.1/bin/../sysroot/lib -L/home/ubuntu/Embedded-system-competition/loongson-gnu-toolchain-8.3-x86_64-loongarch64-linux-gnu-rc1.1/bin/../sysroot/usr/lib CMakeFiles/cmTC_00e4c.dir/CMakeCCompilerABI.c.o -lgcc --push-state --as-needed -lgcc_s --pop-state -lc -lgcc --push-state --as-needed -lgcc_s --pop-state /home/ubuntu/Embedded-system-competition/loongson-gnu-toolchain-8.3-x86_64-loongarch64-linux-gnu-rc1.1/bin/../lib/gcc/loongarch64-linux-gnu/8.3.0/crtend.o /home/ubuntu/Embedded-system-competition/loongson-gnu-toolchain-8.3-x86_64-loongarch64-linux-gnu-rc1.1/bin/../sysroot/lib/../lib64/crtn.o]
    arg [/home/ubuntu/Embedded-system-competition/loongson-gnu-toolchain-8.3-x86_64-loongarch64-linux-gnu-rc1.1/bin/../libexec/gcc/loongarch64-linux-gnu/8.3.0/collect2] ==> ignore
    arg [-plugin] ==> ignore
    arg [/home/ubuntu/Embedded-system-competition/loongson-gnu-toolchain-8.3-x86_64-loongarch64-linux-gnu-rc1.1/bin/../libexec/gcc/loongarch64-linux-gnu/8.3.0/liblto_plugin.so] ==> ignore
    arg [-plugin-opt=/home/ubuntu/Embedded-system-competition/loongson-gnu-toolchain-8.3-x86_64-loongarch64-linux-gnu-rc1.1/bin/../libexec/gcc/loongarch64-linux-gnu/8.3.0/lto-wrapper] ==> ignore
    arg [-plugin-opt=-fresolution=/tmp/ccnJwN3w.res] ==> ignore
    arg [-plugin-opt=-pass-through=-lgcc] ==> ignore
    arg [-plugin-opt=-pass-through=-lgcc_s] ==> ignore
    arg [-plugin-opt=-pass-through=-lc] ==> ignore
    arg [-plugin-opt=-pass-through=-lgcc] ==> ignore
    arg [-plugin-opt=-pass-through=-lgcc_s] ==> ignore
    arg [--sysroot=/home/ubuntu/Embedded-system-competition/loongson-gnu-toolchain-8.3-x86_64-loongarch64-linux-gnu-rc1.1/bin/../sysroot] ==> ignore
    arg [--eh-frame-hdr] ==> ignore
    arg [-m] ==> ignore
    arg [elf64loongarch] ==> ignore
    arg [-dynamic-linker] ==> ignore
    arg [/lib64/ld.so.1] ==> ignore
    arg [-o] ==> ignore
    arg [cmTC_00e4c] ==> ignore
    arg [/home/ubuntu/Embedded-system-competition/loongson-gnu-toolchain-8.3-x86_64-loongarch64-linux-gnu-rc1.1/bin/../sysroot/lib/../lib64/crt1.o] ==> obj [/home/ubuntu/Embedded-system-competition/loongson-gnu-toolchain-8.3-x86_64-loongarch64-linux-gnu-rc1.1/bin/../sysroot/lib/../lib64/crt1.o]
    arg [/home/ubuntu/Embedded-system-competition/loongson-gnu-toolchain-8.3-x86_64-loongarch64-linux-gnu-rc1.1/bin/../sysroot/lib/../lib64/crti.o] ==> obj [/home/ubuntu/Embedded-system-competition/loongson-gnu-toolchain-8.3-x86_64-loongarch64-linux-gnu-rc1.1/bin/../sysroot/lib/../lib64/crti.o]
    arg [/home/ubuntu/Embedded-system-competition/loongson-gnu-toolchain-8.3-x86_64-loongarch64-linux-gnu-rc1.1/bin/../lib/gcc/loongarch64-linux-gnu/8.3.0/crtbegin.o] ==> obj [/home/ubuntu/Embedded-system-competition/loongson-gnu-toolchain-8.3-x86_64-loongarch64-linux-gnu-rc1.1/bin/../lib/gcc/loongarch64-linux-gnu/8.3.0/crtbegin.o]
    arg [-L/home/ubuntu/Embedded-system-competition/loongson-gnu-toolchain-8.3-x86_64-loongarch64-linux-gnu-rc1.1/bin/../lib/gcc/loongarch64-linux-gnu/8.3.0] ==> dir [/home/ubuntu/Embedded-system-competition/loongson-gnu-toolchain-8.3-x86_64-loongarch64-linux-gnu-rc1.1/bin/../lib/gcc/loongarch64-linux-gnu/8.3.0]
    arg [-L/home/ubuntu/Embedded-system-competition/loongson-gnu-toolchain-8.3-x86_64-loongarch64-linux-gnu-rc1.1/bin/../lib/gcc] ==> dir [/home/ubuntu/Embedded-system-competition/loongson-gnu-toolchain-8.3-x86_64-loongarch64-linux-gnu-rc1.1/bin/../lib/gcc]
    arg [-L/home/ubuntu/Embedded-system-competition/loongson-gnu-toolchain-8.3-x86_64-loongarch64-linux-gnu-rc1.1/bin/../sysroot/lib/../lib64] ==> dir [/home/ubuntu/Embedded-system-competition/loongson-gnu-toolchain-8.3-x86_64-loongarch64-linux-gnu-rc1.1/bin/../sysroot/lib/../lib64]
    arg [-L/home/ubuntu/Embedded-system-competition/loongson-gnu-toolchain-8.3-x86_64-loongarch64-linux-gnu-rc1.1/bin/../sysroot/usr/lib/../lib64] ==> dir [/home/ubuntu/Embedded-system-competition/loongson-gnu-toolchain-8.3-x86_64-loongarch64-linux-gnu-rc1.1/bin/../sysroot/usr/lib/../lib64]
    arg [-L/home/ubuntu/Embedded-system-competition/loongson-gnu-toolchain-8.3-x86_64-loongarch64-linux-gnu-rc1.1/bin/../lib/gcc/loongarch64-linux-gnu/8.3.0/../../../../loongarch64-linux-gnu/lib] ==> dir [/home/ubuntu/Embedded-system-competition/loongson-gnu-toolchain-8.3-x86_64-loongarch64-linux-gnu-rc1.1/bin/../lib/gcc/loongarch64-linux-gnu/8.3.0/../../../../loongarch64-linux-gnu/lib]
    arg [-L/home/ubuntu/Embedded-system-competition/loongson-gnu-toolchain-8.3-x86_64-loongarch64-linux-gnu-rc1.1/bin/../sysroot/lib] ==> dir [/home/ubuntu/Embedded-system-competition/loongson-gnu-toolchain-8.3-x86_64-loongarch64-linux-gnu-rc1.1/bin/../sysroot/lib]
    arg [-L/home/ubuntu/Embedded-system-competition/loongson-gnu-toolchain-8.3-x86_64-loongarch64-linux-gnu-rc1.1/bin/../sysroot/usr/lib] ==> dir [/home/ubuntu/Embedded-system-competition/loongson-gnu-toolchain-8.3-x86_64-loongarch64-linux-gnu-rc1.1/bin/../sysroot/usr/lib]
    arg [CMakeFiles/cmTC_00e4c.dir/CMakeCCompilerABI.c.o] ==> ignore
    arg [-lgcc] ==> lib [gcc]
    arg [--push-state] ==> ignore
    arg [--as-needed] ==> ignore
    arg [-lgcc_s] ==> lib [gcc_s]
    arg [--pop-state] ==> ignore
    arg [-lc] ==> lib [c]
    arg [-lgcc] ==> lib [gcc]
    arg [--push-state] ==> ignore
    arg [--as-needed] ==> ignore
    arg [-lgcc_s] ==> lib [gcc_s]
    arg [--pop-state] ==> ignore
    arg [/home/ubuntu/Embedded-system-competition/loongson-gnu-toolchain-8.3-x86_64-loongarch64-linux-gnu-rc1.1/bin/../lib/gcc/loongarch64-linux-gnu/8.3.0/crtend.o] ==> obj [/home/ubuntu/Embedded-system-competition/loongson-gnu-toolchain-8.3-x86_64-loongarch64-linux-gnu-rc1.1/bin/../lib/gcc/loongarch64-linux-gnu/8.3.0/crtend.o]
    arg [/home/ubuntu/Embedded-system-competition/loongson-gnu-toolchain-8.3-x86_64-loongarch64-linux-gnu-rc1.1/bin/../sysroot/lib/../lib64/crtn.o] ==> obj [/home/ubuntu/Embedded-system-competition/loongson-gnu-toolchain-8.3-x86_64-loongarch64-linux-gnu-rc1.1/bin/../sysroot/lib/../lib64/crtn.o]
  collapse obj [/home/ubuntu/Embedded-system-competition/loongson-gnu-toolchain-8.3-x86_64-loongarch64-linux-gnu-rc1.1/bin/../sysroot/lib/../lib64/crt1.o] ==> [/home/ubuntu/Embedded-system-competition/loongson-gnu-toolchain-8.3-x86_64-loongarch64-linux-gnu-rc1.1/sysroot/lib64/crt1.o]
  collapse obj [/home/ubuntu/Embedded-system-competition/loongson-gnu-toolchain-8.3-x86_64-loongarch64-linux-gnu-rc1.1/bin/../sysroot/lib/../lib64/crti.o] ==> [/home/ubuntu/Embedded-system-competition/loongson-gnu-toolchain-8.3-x86_64-loongarch64-linux-gnu-rc1.1/sysroot/lib64/crti.o]
  collapse obj [/home/ubuntu/Embedded-system-competition/loongson-gnu-toolchain-8.3-x86_64-loongarch64-linux-gnu-rc1.1/bin/../lib/gcc/loongarch64-linux-gnu/8.3.0/crtbegin.o] ==> [/home/ubuntu/Embedded-system-competition/loongson-gnu-toolchain-8.3-x86_64-loongarch64-linux-gnu-rc1.1/lib/gcc/loongarch64-linux-gnu/8.3.0/crtbegin.o]
  collapse obj [/home/ubuntu/Embedded-system-competition/loongson-gnu-toolchain-8.3-x86_64-loongarch64-linux-gnu-rc1.1/bin/../lib/gcc/loongarch64-linux-gnu/8.3.0/crtend.o] ==> [/home/ubuntu/Embedded-system-competition/loongson-gnu-toolchain-8.3-x86_64-loongarch64-linux-gnu-rc1.1/lib/gcc/loongarch64-linux-gnu/8.3.0/crtend.o]
  collapse obj [/home/ubuntu/Embedded-system-competition/loongson-gnu-toolchain-8.3-x86_64-loongarch64-linux-gnu-rc1.1/bin/../sysroot/lib/../lib64/crtn.o] ==> [/home/ubuntu/Embedded-system-competition/loongson-gnu-toolchain-8.3-x86_64-loongarch64-linux-gnu-rc1.1/sysroot/lib64/crtn.o]
  collapse library dir [/home/ubuntu/Embedded-system-competition/loongson-gnu-toolchain-8.3-x86_64-loongarch64-linux-gnu-rc1.1/bin/../lib/gcc/loongarch64-linux-gnu/8.3.0] ==> [/home/ubuntu/Embedded-system-competition/loongson-gnu-toolchain-8.3-x86_64-loongarch64-linux-gnu-rc1.1/lib/gcc/loongarch64-linux-gnu/8.3.0]
  collapse library dir [/home/ubuntu/Embedded-system-competition/loongson-gnu-toolchain-8.3-x86_64-loongarch64-linux-gnu-rc1.1/bin/../lib/gcc] ==> [/home/ubuntu/Embedded-system-competition/loongson-gnu-toolchain-8.3-x86_64-loongarch64-linux-gnu-rc1.1/lib/gcc]
  collapse library dir [/home/ubuntu/Embedded-system-competition/loongson-gnu-toolchain-8.3-x86_64-loongarch64-linux-gnu-rc1.1/bin/../sysroot/lib/../lib64] ==> [/home/ubuntu/Embedded-system-competition/loongson-gnu-toolchain-8.3-x86_64-loongarch64-linux-gnu-rc1.1/sysroot/lib64]
  collapse library dir [/home/ubuntu/Embedded-system-competition/loongson-gnu-toolchain-8.3-x86_64-loongarch64-linux-gnu-rc1.1/bin/../sysroot/usr/lib/../lib64] ==> [/home/ubuntu/Embedded-system-competition/loongson-gnu-toolchain-8.3-x86_64-loongarch64-linux-gnu-rc1.1/sysroot/usr/lib64]
  collapse library dir [/home/ubuntu/Embedded-system-competition/loongson-gnu-toolchain-8.3-x86_64-loongarch64-linux-gnu-rc1.1/bin/../lib/gcc/loongarch64-linux-gnu/8.3.0/../../../../loongarch64-linux-gnu/lib] ==> [/home/ubuntu/Embedded-system-competition/loongson-gnu-toolchain-8.3-x86_64-loongarch64-linux-gnu-rc1.1/loongarch64-linux-gnu/lib]
  collapse library dir [/home/ubuntu/Embedded-system-competition/loongson-gnu-toolchain-8.3-x86_64-loongarch64-linux-gnu-rc1.1/bin/../sysroot/lib] ==> [/home/ubuntu/Embedded-system-competition/loongson-gnu-toolchain-8.3-x86_64-loongarch64-linux-gnu-rc1.1/sysroot/lib]
  collapse library dir [/home/ubuntu/Embedded-system-competition/loongson-gnu-toolchain-8.3-x86_64-loongarch64-linux-gnu-rc1.1/bin/../sysroot/usr/lib] ==> [/home/ubuntu/Embedded-system-competition/loongson-gnu-toolchain-8.3-x86_64-loongarch64-linux-gnu-rc1.1/sysroot/usr/lib]
  implicit libs: [gcc;gcc_s;c;gcc;gcc_s]
  implicit objs: [/home/ubuntu/Embedded-system-competition/loongson-gnu-toolchain-8.3-x86_64-loongarch64-linux-gnu-rc1.1/sysroot/lib64/crt1.o;/home/ubuntu/Embedded-system-competition/loongson-gnu-toolchain-8.3-x86_64-loongarch64-linux-gnu-rc1.1/sysroot/lib64/crti.o;/home/ubuntu/Embedded-system-competition/loongson-gnu-toolchain-8.3-x86_64-loongarch64-linux-gnu-rc1.1/lib/gcc/loongarch64-linux-gnu/8.3.0/crtbegin.o;/home/ubuntu/Embedded-system-competition/loongson-gnu-toolchain-8.3-x86_64-loongarch64-linux-gnu-rc1.1/lib/gcc/loongarch64-linux-gnu/8.3.0/crtend.o;/home/ubuntu/Embedded-system-competition/loongson-gnu-toolchain-8.3-x86_64-loongarch64-linux-gnu-rc1.1/sysroot/lib64/crtn.o]
  implicit dirs: [/home/ubuntu/Embedded-system-competition/loongson-gnu-toolchain-8.3-x86_64-loongarch64-linux-gnu-rc1.1/lib/gcc/loongarch64-linux-gnu/8.3.0;/home/ubuntu/Embedded-system-competition/loongson-gnu-toolchain-8.3-x86_64-loongarch64-linux-gnu-rc1.1/lib/gcc;/home/ubuntu/Embedded-system-competition/loongson-gnu-toolchain-8.3-x86_64-loongarch64-linux-gnu-rc1.1/sysroot/lib64;/home/ubuntu/Embedded-system-competition/loongson-gnu-toolchain-8.3-x86_64-loongarch64-linux-gnu-rc1.1/sysroot/usr/lib64;/home/ubuntu/Embedded-system-competition/loongson-gnu-toolchain-8.3-x86_64-loongarch64-linux-gnu-rc1.1/loongarch64-linux-gnu/lib;/home/ubuntu/Embedded-system-competition/loongson-gnu-toolchain-8.3-x86_64-loongarch64-linux-gnu-rc1.1/sysroot/lib;/home/ubuntu/Embedded-system-competition/loongson-gnu-toolchain-8.3-x86_64-loongarch64-linux-gnu-rc1.1/sysroot/usr/lib]
  implicit fwks: []


Detecting CXX compiler ABI info compiled with the following output:
Change Dir: /home/ubuntu/Embedded-system-competition/build/CMakeFiles/CMakeTmp

Run Build Command(s):/usr/bin/ninja cmTC_78ad7 && [1/2] Building CXX object CMakeFiles/cmTC_78ad7.dir/CMakeCXXCompilerABI.cpp.o
Using built-in specs.
COLLECT_GCC=/home/ubuntu/Embedded-system-competition/loongson-gnu-toolchain-8.3-x86_64-loongarch64-linux-gnu-rc1.1/bin/loongarch64-linux-gnu-g++
Target: loongarch64-linux-gnu
Configured with: /dev/shm/build_loongarch64_gcc8-host-x86_64-rc1.1_2022-09-14/src/gcc/configure --build=x86_64-unknown-linux-gnu --host=x86_64-unknown-linux-gnu --target=loongarch64-linux-gnu --program-prefix=loongarch64-linux-gnu- --prefix=/dev/shm/build_loongarch64_gcc8-host-x86_64-rc1.1_2022-09-14/cross --libdir=/dev/shm/build_loongarch64_gcc8-host-x86_64-rc1.1_2022-09-14/cross/lib --with-gxx-include-dir=/dev/shm/build_loongarch64_gcc8-host-x86_64-rc1.1_2022-09-14/cross/sysroot/usr/include/c++ --with-sysroot=/dev/shm/build_loongarch64_gcc8-host-x86_64-rc1.1_2022-09-14/cross/sysroot --with-native-system-header-dir=/usr/include --with-slibdir=/dev/shm/build_loongarch64_gcc8-host-x86_64-rc1.1_2022-09-14/cross/sysroot/usr/lib --with-pkgversion='LoongArch GNU toolchain rc1.1 (20220914)' --with-arch=loongarch64 --with-abi=lp64d --with-multilib-list=lp64d,lp64s --enable-checking=release --disable-linker-build-id --enable-languages=c,c++,fortran --disable-libgcc --disable-libstdc++ --disable-libgfortran --disable-gcov --enable-libcc1 --enable-threads=posix --enable-tls --enable-initfini-array --enable-__cxa_atexit --disable-libatomic --disable-libmudflap --disable-libvtv --disable-libgomp --disable-libmpx --disable-nls --disable-bootstrap
Thread model: posix
gcc version 8.3.0 (LoongArch GNU toolchain rc1.1 (20220914)) 
COLLECT_GCC_OPTIONS='-v' '-o' 'CMakeFiles/cmTC_78ad7.dir/CMakeCXXCompilerABI.cpp.o' '-c' '-shared-libgcc' '-mabi=lp64d' '-march=loongarch64' '-mfpu=64' '-mcmodel=normal' '-mtune=la464'
 /home/ubuntu/Embedded-system-competition/loongson-gnu-toolchain-8.3-x86_64-loongarch64-linux-gnu-rc1.1/bin/../libexec/gcc/loongarch64-linux-gnu/8.3.0/cc1plus -quiet -v -imultilib . -iprefix /home/ubuntu/Embedded-system-competition/loongson-gnu-toolchain-8.3-x86_64-loongarch64-linux-gnu-rc1.1/bin/../lib/gcc/loongarch64-linux-gnu/8.3.0/ -isysroot /home/ubuntu/Embedded-system-competition/loongson-gnu-toolchain-8.3-x86_64-loongarch64-linux-gnu-rc1.1/bin/../sysroot -D_GNU_SOURCE /usr/share/cmake-3.22/Modules/CMakeCXXCompilerABI.cpp -quiet -dumpbase CMakeCXXCompilerABI.cpp -mabi=lp64d -march=loongarch64 -mfpu=64 -mcmodel=normal -mtune=la464 -auxbase-strip CMakeFiles/cmTC_78ad7.dir/CMakeCXXCompilerABI.cpp.o -version -o /tmp/ccVfNmqL.s
GNU C++14 (LoongArch GNU toolchain rc1.1 (20220914)) version 8.3.0 (loongarch64-linux-gnu)
	compiled by GNU C version 4.8.5, GMP version 6.1.0, MPFR version 3.1.4, MPC version 1.0.3, isl version isl-0.18-GMP

GGC heuristics: --param ggc-min-expand=100 --param ggc-min-heapsize=131072
ignoring nonexistent directory "/home/ubuntu/Embedded-system-competition/loongson-gnu-toolchain-8.3-x86_64-loongarch64-linux-gnu-rc1.1/bin/../lib/gcc/loongarch64-linux-gnu/8.3.0/../../../../loongarch64-linux-gnu/include"
ignoring nonexistent directory "/home/ubuntu/Embedded-system-competition/loongson-gnu-toolchain-8.3-x86_64-loongarch64-linux-gnu-rc1.1/bin/../sysroot/usr/include/c++/loongarch64-linux-gnu/."
ignoring duplicate directory "/home/ubuntu/Embedded-system-competition/loongson-gnu-toolchain-8.3-x86_64-loongarch64-linux-gnu-rc1.1/lib/gcc/loongarch64-linux-gnu/8.3.0/include"
ignoring nonexistent directory "/home/ubuntu/Embedded-system-competition/loongson-gnu-toolchain-8.3-x86_64-loongarch64-linux-gnu-rc1.1/bin/../sysroot/usr/local/include"
ignoring duplicate directory "/home/ubuntu/Embedded-system-competition/loongson-gnu-toolchain-8.3-x86_64-loongarch64-linux-gnu-rc1.1/lib/gcc/loongarch64-linux-gnu/8.3.0/include-fixed"
ignoring nonexistent directory "/home/ubuntu/Embedded-system-competition/loongson-gnu-toolchain-8.3-x86_64-loongarch64-linux-gnu-rc1.1/bin/../lib/gcc/../../lib/gcc/loongarch64-linux-gnu/8.3.0/../../../../loongarch64-linux-gnu/include"
#include "..." search starts here:
#include <...> search starts here:
 /home/ubuntu/Embedded-system-competition/loongson-gnu-toolchain-8.3-x86_64-loongarch64-linux-gnu-rc1.1/lib/gcc/loongarch64-linux-gnu/8.3.0/include
 /home/ubuntu/Embedded-system-competition/loongson-gnu-toolchain-8.3-x86_64-loongarch64-linux-gnu-rc1.1/lib/gcc/loongarch64-linux-gnu/8.3.0/include-fixed
 /home/ubuntu/Embedded-system-competition/loongson-gnu-toolchain-8.3-x86_64-loongarch64-linux-gnu-rc1.1/sysroot/usr/include/c++
 /home/ubuntu/Embedded-system-competition/loongson-gnu-toolchain-8.3-x86_64-loongarch64-linux-gnu-rc1.1/sysroot/usr/include/c++/backward
 /home/ubuntu/Embedded-system-competition/loongson-gnu-toolchain-8.3-x86_64-loongarch64-linux-gnu-rc1.1/sysroot/usr/include
End of search list.
GNU C++14 (LoongArch GNU toolchain rc1.1 (20220914)) version 8.3.0 (loongarch64-linux-gnu)
	compiled by GNU C version 4.8.5, GMP version 6.1.0, MPFR version 3.1.4, MPC version 1.0.3, isl version isl-0.18-GMP

GGC heuristics: --param ggc-min-expand=100 --param ggc-min-heapsize=131072
Compiler executable checksum: a62351687c8ec4e46bd1f7ec753f12db
COLLECT_GCC_OPTIONS='-v' '-o' 'CMakeFiles/cmTC_78ad7.dir/CMakeCXXCompilerABI.cpp.o' '-c' '-shared-libgcc' '-mabi=lp64d' '-march=loongarch64' '-mfpu=64' '-mcmodel=normal' '-mtune=la464'
 /home/ubuntu/Embedded-system-competition/loongson-gnu-toolchain-8.3-x86_64-loongarch64-linux-gnu-rc1.1/bin/../lib/gcc/loongarch64-linux-gnu/8.3.0/../../../../loongarch64-linux-gnu/bin/as -v -mabi=lp64 -o CMakeFiles/cmTC_78ad7.dir/CMakeCXXCompilerABI.cpp.o /tmp/ccVfNmqL.s
GNU assembler version 2.31.1 (loongarch64-linux-gnu) using BFD version (LoongArch GNU toolchain rc1.1 (20220914)) 2.31.1.20190122
COMPILER_PATH=/home/ubuntu/Embedded-system-competition/loongson-gnu-toolchain-8.3-x86_64-loongarch64-linux-gnu-rc1.1/bin/../libexec/gcc/loongarch64-linux-gnu/8.3.0/:/home/ubuntu/Embedded-system-competition/loongson-gnu-toolchain-8.3-x86_64-loongarch64-linux-gnu-rc1.1/bin/../libexec/gcc/:/home/ubuntu/Embedded-system-competition/loongson-gnu-toolchain-8.3-x86_64-loongarch64-linux-gnu-rc1.1/bin/../lib/gcc/loongarch64-linux-gnu/8.3.0/../../../../loongarch64-linux-gnu/bin/
LIBRARY_PATH=/home/ubuntu/Embedded-system-competition/loongson-gnu-toolchain-8.3-x86_64-loongarch64-linux-gnu-rc1.1/bin/../lib/gcc/loongarch64-linux-gnu/8.3.0/:/home/ubuntu/Embedded-system-competition/loongson-gnu-toolchain-8.3-x86_64-loongarch64-linux-gnu-rc1.1/bin/../lib/gcc/:/home/ubuntu/Embedded-system-competition/loongson-gnu-toolchain-8.3-x86_64-loongarch64-linux-gnu-rc1.1/bin/../sysroot/lib/../lib64/:/home/ubuntu/Embedded-system-competition/loongson-gnu-toolchain-8.3-x86_64-loongarch64-linux-gnu-rc1.1/bin/../sysroot/usr/lib/../lib64/:/home/ubuntu/Embedded-system-competition/loongson-gnu-toolchain-8.3-x86_64-loongarch64-linux-gnu-rc1.1/bin/../lib/gcc/loongarch64-linux-gnu/8.3.0/../../../../loongarch64-linux-gnu/lib/:/home/ubuntu/Embedded-system-competition/loongson-gnu-toolchain-8.3-x86_64-loongarch64-linux-gnu-rc1.1/bin/../sysroot/lib/:/home/ubuntu/Embedded-system-competition/loongson-gnu-toolchain-8.3-x86_64-loongarch64-linux-gnu-rc1.1/bin/../sysroot/usr/lib/
COLLECT_GCC_OPTIONS='-v' '-o' 'CMakeFiles/cmTC_78ad7.dir/CMakeCXXCompilerABI.cpp.o' '-c' '-shared-libgcc' '-mabi=lp64d' '-march=loongarch64' '-mfpu=64' '-mcmodel=normal' '-mtune=la464'
[2/2] Linking CXX executable cmTC_78ad7
Using built-in specs.
COLLECT_GCC=/home/ubuntu/Embedded-system-competition/loongson-gnu-toolchain-8.3-x86_64-loongarch64-linux-gnu-rc1.1/bin/loongarch64-linux-gnu-g++
COLLECT_LTO_WRAPPER=/home/ubuntu/Embedded-system-competition/loongson-gnu-toolchain-8.3-x86_64-loongarch64-linux-gnu-rc1.1/bin/../libexec/gcc/loongarch64-linux-gnu/8.3.0/lto-wrapper
Target: loongarch64-linux-gnu
Configured with: /dev/shm/build_loongarch64_gcc8-host-x86_64-rc1.1_2022-09-14/src/gcc/configure --build=x86_64-unknown-linux-gnu --host=x86_64-unknown-linux-gnu --target=loongarch64-linux-gnu --program-prefix=loongarch64-linux-gnu- --prefix=/dev/shm/build_loongarch64_gcc8-host-x86_64-rc1.1_2022-09-14/cross --libdir=/dev/shm/build_loongarch64_gcc8-host-x86_64-rc1.1_2022-09-14/cross/lib --with-gxx-include-dir=/dev/shm/build_loongarch64_gcc8-host-x86_64-rc1.1_2022-09-14/cross/sysroot/usr/include/c++ --with-sysroot=/dev/shm/build_loongarch64_gcc8-host-x86_64-rc1.1_2022-09-14/cross/sysroot --with-native-system-header-dir=/usr/include --with-slibdir=/dev/shm/build_loongarch64_gcc8-host-x86_64-rc1.1_2022-09-14/cross/sysroot/usr/lib --with-pkgversion='LoongArch GNU toolchain rc1.1 (20220914)' --with-arch=loongarch64 --with-abi=lp64d --with-multilib-list=lp64d,lp64s --enable-checking=release --disable-linker-build-id --enable-languages=c,c++,fortran --disable-libgcc --disable-libstdc++ --disable-libgfortran --disable-gcov --enable-libcc1 --enable-threads=posix --enable-tls --enable-initfini-array --enable-__cxa_atexit --disable-libatomic --disable-libmudflap --disable-libvtv --disable-libgomp --disable-libmpx --disable-nls --disable-bootstrap
Thread model: posix
gcc version 8.3.0 (LoongArch GNU toolchain rc1.1 (20220914)) 
COMPILER_PATH=/home/ubuntu/Embedded-system-competition/loongson-gnu-toolchain-8.3-x86_64-loongarch64-linux-gnu-rc1.1/bin/../libexec/gcc/loongarch64-linux-gnu/8.3.0/:/home/ubuntu/Embedded-system-competition/loongson-gnu-toolchain-8.3-x86_64-loongarch64-linux-gnu-rc1.1/bin/../libexec/gcc/:/home/ubuntu/Embedded-system-competition/loongson-gnu-toolchain-8.3-x86_64-loongarch64-linux-gnu-rc1.1/bin/../lib/gcc/loongarch64-linux-gnu/8.3.0/../../../../loongarch64-linux-gnu/bin/
LIBRARY_PATH=/home/ubuntu/Embedded-system-competition/loongson-gnu-toolchain-8.3-x86_64-loongarch64-linux-gnu-rc1.1/bin/../lib/gcc/loongarch64-linux-gnu/8.3.0/:/home/ubuntu/Embedded-system-competition/loongson-gnu-toolchain-8.3-x86_64-loongarch64-linux-gnu-rc1.1/bin/../lib/gcc/:/home/ubuntu/Embedded-system-competition/loongson-gnu-toolchain-8.3-x86_64-loongarch64-linux-gnu-rc1.1/bin/../sysroot/lib/../lib64/:/home/ubuntu/Embedded-system-competition/loongson-gnu-toolchain-8.3-x86_64-loongarch64-linux-gnu-rc1.1/bin/../sysroot/usr/lib/../lib64/:/home/ubuntu/Embedded-system-competition/loongson-gnu-toolchain-8.3-x86_64-loongarch64-linux-gnu-rc1.1/bin/../lib/gcc/loongarch64-linux-gnu/8.3.0/../../../../loongarch64-linux-gnu/lib/:/home/ubuntu/Embedded-system-competition/loongson-gnu-toolchain-8.3-x86_64-loongarch64-linux-gnu-rc1.1/bin/../sysroot/lib/:/home/ubuntu/Embedded-system-competition/loongson-gnu-toolchain-8.3-x86_64-loongarch64-linux-gnu-rc1.1/bin/../sysroot/usr/lib/
COLLECT_GCC_OPTIONS='-v' '-o' 'cmTC_78ad7' '-shared-libgcc' '-mabi=lp64d' '-march=loongarch64' '-mfpu=64' '-mcmodel=normal' '-mtune=la464'
 /home/ubuntu/Embedded-system-competition/loongson-gnu-toolchain-8.3-x86_64-loongarch64-linux-gnu-rc1.1/bin/../libexec/gcc/loongarch64-linux-gnu/8.3.0/collect2 -plugin /home/ubuntu/Embedded-system-competition/loongson-gnu-toolchain-8.3-x86_64-loongarch64-linux-gnu-rc1.1/bin/../libexec/gcc/loongarch64-linux-gnu/8.3.0/liblto_plugin.so -plugin-opt=/home/ubuntu/Embedded-system-competition/loongson-gnu-toolchain-8.3-x86_64-loongarch64-linux-gnu-rc1.1/bin/../libexec/gcc/loongarch64-linux-gnu/8.3.0/lto-wrapper -plugin-opt=-fresolution=/tmp/cckXhkki.res -plugin-opt=-pass-through=-lgcc_s -plugin-opt=-pass-through=-lgcc -plugin-opt=-pass-through=-lc -plugin-opt=-pass-through=-lgcc_s -plugin-opt=-pass-through=-lgcc --sysroot=/home/ubuntu/Embedded-system-competition/loongson-gnu-toolchain-8.3-x86_64-loongarch64-linux-gnu-rc1.1/bin/../sysroot --eh-frame-hdr -m elf64loongarch -dynamic-linker /lib64/ld.so.1 -o cmTC_78ad7 /home/ubuntu/Embedded-system-competition/loongson-gnu-toolchain-8.3-x86_64-loongarch64-linux-gnu-rc1.1/bin/../sysroot/lib/../lib64/crt1.o /home/ubuntu/Embedded-system-competition/loongson-gnu-toolchain-8.3-x86_64-loongarch64-linux-gnu-rc1.1/bin/../sysroot/lib/../lib64/crti.o /home/ubuntu/Embedded-system-competition/loongson-gnu-toolchain-8.3-x86_64-loongarch64-linux-gnu-rc1.1/bin/../lib/gcc/loongarch64-linux-gnu/8.3.0/crtbegin.o -L/home/ubuntu/Embedded-system-competition/loongson-gnu-toolchain-8.3-x86_64-loongarch64-linux-gnu-rc1.1/bin/../lib/gcc/loongarch64-linux-gnu/8.3.0 -L/home/ubuntu/Embedded-system-competition/loongson-gnu-toolchain-8.3-x86_64-loongarch64-linux-gnu-rc1.1/bin/../lib/gcc -L/home/ubuntu/Embedded-system-competition/loongson-gnu-toolchain-8.3-x86_64-loongarch64-linux-gnu-rc1.1/bin/../sysroot/lib/../lib64 -L/home/ubuntu/Embedded-system-competition/loongson-gnu-toolchain-8.3-x86_64-loongarch64-linux-gnu-rc1.1/bin/../sysroot/usr/lib/../lib64 -L/home/ubuntu/Embedded-system-competition/loongson-gnu-toolchain-8.3-x86_64-loongarch64-linux-gnu-rc1.1/bin/../lib/gcc/loongarch64-linux-gnu/8.3.0/../../../../loongarch64-linux-gnu/lib -L/home/ubuntu/Embedded-system-competition/loongson-gnu-toolchain-8.3-x86_64-loongarch64-linux-gnu-rc1.1/bin/../sysroot/lib -L/home/ubuntu/Embedded-system-competition/loongson-gnu-toolchain-8.3-x86_64-loongarch64-linux-gnu-rc1.1/bin/../sysroot/usr/lib CMakeFiles/cmTC_78ad7.dir/CMakeCXXCompilerABI.cpp.o -lstdc++ -lm -lgcc_s -lgcc -lc -lgcc_s -lgcc /home/ubuntu/Embedded-system-competition/loongson-gnu-toolchain-8.3-x86_64-loongarch64-linux-gnu-rc1.1/bin/../lib/gcc/loongarch64-linux-gnu/8.3.0/crtend.o /home/ubuntu/Embedded-system-competition/loongson-gnu-toolchain-8.3-x86_64-loongarch64-linux-gnu-rc1.1/bin/../sysroot/lib/../lib64/crtn.o
COLLECT_GCC_OPTIONS='-v' '-o' 'cmTC_78ad7' '-shared-libgcc' '-mabi=lp64d' '-march=loongarch64' '-mfpu=64' '-mcmodel=normal' '-mtune=la464'



Parsed CXX implicit include dir info from above output: rv=done
  found start of include info
  found start of implicit include info
    add: [/home/ubuntu/Embedded-system-competition/loongson-gnu-toolchain-8.3-x86_64-loongarch64-linux-gnu-rc1.1/lib/gcc/loongarch64-linux-gnu/8.3.0/include]
    add: [/home/ubuntu/Embedded-system-competition/loongson-gnu-toolchain-8.3-x86_64-loongarch64-linux-gnu-rc1.1/lib/gcc/loongarch64-linux-gnu/8.3.0/include-fixed]
    add: [/home/ubuntu/Embedded-system-competition/loongson-gnu-toolchain-8.3-x86_64-loongarch64-linux-gnu-rc1.1/sysroot/usr/include/c++]
    add: [/home/ubuntu/Embedded-system-competition/loongson-gnu-toolchain-8.3-x86_64-loongarch64-linux-gnu-rc1.1/sysroot/usr/include/c++/backward]
    add: [/home/ubuntu/Embedded-system-competition/loongson-gnu-toolchain-8.3-x86_64-loongarch64-linux-gnu-rc1.1/sysroot/usr/include]
  end of search list found
  collapse include dir [/home/ubuntu/Embedded-system-competition/loongson-gnu-toolchain-8.3-x86_64-loongarch64-linux-gnu-rc1.1/lib/gcc/loongarch64-linux-gnu/8.3.0/include] ==> [/home/ubuntu/Embedded-system-competition/loongson-gnu-toolchain-8.3-x86_64-loongarch64-linux-gnu-rc1.1/lib/gcc/loongarch64-linux-gnu/8.3.0/include]
  collapse include dir [/home/ubuntu/Embedded-system-competition/loongson-gnu-toolchain-8.3-x86_64-loongarch64-linux-gnu-rc1.1/lib/gcc/loongarch64-linux-gnu/8.3.0/include-fixed] ==> [/home/ubuntu/Embedded-system-competition/loongson-gnu-toolchain-8.3-x86_64-loongarch64-linux-gnu-rc1.1/lib/gcc/loongarch64-linux-gnu/8.3.0/include-fixed]
  collapse include dir [/home/ubuntu/Embedded-system-competition/loongson-gnu-toolchain-8.3-x86_64-loongarch64-linux-gnu-rc1.1/sysroot/usr/include/c++] ==> [/home/ubuntu/Embedded-system-competition/loongson-gnu-toolchain-8.3-x86_64-loongarch64-linux-gnu-rc1.1/sysroot/usr/include/c++]
  collapse include dir [/home/ubuntu/Embedded-system-competition/loongson-gnu-toolchain-8.3-x86_64-loongarch64-linux-gnu-rc1.1/sysroot/usr/include/c++/backward] ==> [/home/ubuntu/Embedded-system-competition/loongson-gnu-toolchain-8.3-x86_64-loongarch64-linux-gnu-rc1.1/sysroot/usr/include/c++/backward]
  collapse include dir [/home/ubuntu/Embedded-system-competition/loongson-gnu-toolchain-8.3-x86_64-loongarch64-linux-gnu-rc1.1/sysroot/usr/include] ==> [/home/ubuntu/Embedded-system-competition/loongson-gnu-toolchain-8.3-x86_64-loongarch64-linux-gnu-rc1.1/sysroot/usr/include]
  implicit include dirs: [/home/ubuntu/Embedded-system-competition/loongson-gnu-toolchain-8.3-x86_64-loongarch64-linux-gnu-rc1.1/lib/gcc/loongarch64-linux-gnu/8.3.0/include;/home/ubuntu/Embedded-system-competition/loongson-gnu-toolchain-8.3-x86_64-loongarch64-linux-gnu-rc1.1/lib/gcc/loongarch64-linux-gnu/8.3.0/include-fixed;/home/ubuntu/Embedded-system-competition/loongson-gnu-toolchain-8.3-x86_64-loongarch64-linux-gnu-rc1.1/sysroot/usr/include/c++;/home/ubuntu/Embedded-system-competition/loongson-gnu-toolchain-8.3-x86_64-loongarch64-linux-gnu-rc1.1/sysroot/usr/include/c++/backward;/home/ubuntu/Embedded-system-competition/loongson-gnu-toolchain-8.3-x86_64-loongarch64-linux-gnu-rc1.1/sysroot/usr/include]


Parsed CXX implicit link information from above output:
  link line regex: [^( *|.*[/\])(loongarch64-linux-gnu-ld|CMAKE_LINK_STARTFILE-NOTFOUND|([^/\]+-)?ld|collect2)[^/\]*( |$)]
  ignore line: [Change Dir: /home/ubuntu/Embedded-system-competition/build/CMakeFiles/CMakeTmp]
  ignore line: []
  ignore line: [Run Build Command(s):/usr/bin/ninja cmTC_78ad7 && [1/2] Building CXX object CMakeFiles/cmTC_78ad7.dir/CMakeCXXCompilerABI.cpp.o]
  ignore line: [Using built-in specs.]
  ignore line: [COLLECT_GCC=/home/ubuntu/Embedded-system-competition/loongson-gnu-toolchain-8.3-x86_64-loongarch64-linux-gnu-rc1.1/bin/loongarch64-linux-gnu-g++]
  ignore line: [Target: loongarch64-linux-gnu]
  ignore line: [Configured with: /dev/shm/build_loongarch64_gcc8-host-x86_64-rc1.1_2022-09-14/src/gcc/configure --build=x86_64-unknown-linux-gnu --host=x86_64-unknown-linux-gnu --target=loongarch64-linux-gnu --program-prefix=loongarch64-linux-gnu- --prefix=/dev/shm/build_loongarch64_gcc8-host-x86_64-rc1.1_2022-09-14/cross --libdir=/dev/shm/build_loongarch64_gcc8-host-x86_64-rc1.1_2022-09-14/cross/lib --with-gxx-include-dir=/dev/shm/build_loongarch64_gcc8-host-x86_64-rc1.1_2022-09-14/cross/sysroot/usr/include/c++ --with-sysroot=/dev/shm/build_loongarch64_gcc8-host-x86_64-rc1.1_2022-09-14/cross/sysroot --with-native-system-header-dir=/usr/include --with-slibdir=/dev/shm/build_loongarch64_gcc8-host-x86_64-rc1.1_2022-09-14/cross/sysroot/usr/lib --with-pkgversion='LoongArch GNU toolchain rc1.1 (20220914)' --with-arch=loongarch64 --with-abi=lp64d --with-multilib-list=lp64d lp64s --enable-checking=release --disable-linker-build-id --enable-languages=c c++ fortran --disable-libgcc --disable-libstdc++ --disable-libgfortran --disable-gcov --enable-libcc1 --enable-threads=posix --enable-tls --enable-initfini-array --enable-__cxa_atexit --disable-libatomic --disable-libmudflap --disable-libvtv --disable-libgomp --disable-libmpx --disable-nls --disable-bootstrap]
  ignore line: [Thread model: posix]
  ignore line: [gcc version 8.3.0 (LoongArch GNU toolchain rc1.1 (20220914)) ]
  ignore line: [COLLECT_GCC_OPTIONS='-v' '-o' 'CMakeFiles/cmTC_78ad7.dir/CMakeCXXCompilerABI.cpp.o' '-c' '-shared-libgcc' '-mabi=lp64d' '-march=loongarch64' '-mfpu=64' '-mcmodel=normal' '-mtune=la464']
  ignore line: [ /home/ubuntu/Embedded-system-competition/loongson-gnu-toolchain-8.3-x86_64-loongarch64-linux-gnu-rc1.1/bin/../libexec/gcc/loongarch64-linux-gnu/8.3.0/cc1plus -quiet -v -imultilib . -iprefix /home/ubuntu/Embedded-system-competition/loongson-gnu-toolchain-8.3-x86_64-loongarch64-linux-gnu-rc1.1/bin/../lib/gcc/loongarch64-linux-gnu/8.3.0/ -isysroot /home/ubuntu/Embedded-system-competition/loongson-gnu-toolchain-8.3-x86_64-loongarch64-linux-gnu-rc1.1/bin/../sysroot -D_GNU_SOURCE /usr/share/cmake-3.22/Modules/CMakeCXXCompilerABI.cpp -quiet -dumpbase CMakeCXXCompilerABI.cpp -mabi=lp64d -march=loongarch64 -mfpu=64 -mcmodel=normal -mtune=la464 -auxbase-strip CMakeFiles/cmTC_78ad7.dir/CMakeCXXCompilerABI.cpp.o -version -o /tmp/ccVfNmqL.s]
  ignore line: [GNU C++14 (LoongArch GNU toolchain rc1.1 (20220914)) version 8.3.0 (loongarch64-linux-gnu)]
  ignore line: [	compiled by GNU C version 4.8.5  GMP version 6.1.0  MPFR version 3.1.4  MPC version 1.0.3  isl version isl-0.18-GMP]
  ignore line: []
  ignore line: [GGC heuristics: --param ggc-min-expand=100 --param ggc-min-heapsize=131072]
  ignore line: [ignoring nonexistent directory "/home/ubuntu/Embedded-system-competition/loongson-gnu-toolchain-8.3-x86_64-loongarch64-linux-gnu-rc1.1/bin/../lib/gcc/loongarch64-linux-gnu/8.3.0/../../../../loongarch64-linux-gnu/include"]
  ignore line: [ignoring nonexistent directory "/home/ubuntu/Embedded-system-competition/loongson-gnu-toolchain-8.3-x86_64-loongarch64-linux-gnu-rc1.1/bin/../sysroot/usr/include/c++/loongarch64-linux-gnu/."]
  ignore line: [ignoring duplicate directory "/home/ubuntu/Embedded-system-competition/loongson-gnu-toolchain-8.3-x86_64-loongarch64-linux-gnu-rc1.1/lib/gcc/loongarch64-linux-gnu/8.3.0/include"]
  ignore line: [ignoring nonexistent directory "/home/ubuntu/Embedded-system-competition/loongson-gnu-toolchain-8.3-x86_64-loongarch64-linux-gnu-rc1.1/bin/../sysroot/usr/local/include"]
  ignore line: [ignoring duplicate directory "/home/ubuntu/Embedded-system-competition/loongson-gnu-toolchain-8.3-x86_64-loongarch64-linux-gnu-rc1.1/lib/gcc/loongarch64-linux-gnu/8.3.0/include-fixed"]
  ignore line: [ignoring nonexistent directory "/home/ubuntu/Embedded-system-competition/loongson-gnu-toolchain-8.3-x86_64-loongarch64-linux-gnu-rc1.1/bin/../lib/gcc/../../lib/gcc/loongarch64-linux-gnu/8.3.0/../../../../loongarch64-linux-gnu/include"]
  ignore line: [#include "..." search starts here:]
  ignore line: [#include <...> search starts here:]
  ignore line: [ /home/ubuntu/Embedded-system-competition/loongson-gnu-toolchain-8.3-x86_64-loongarch64-linux-gnu-rc1.1/lib/gcc/loongarch64-linux-gnu/8.3.0/include]
  ignore line: [ /home/ubuntu/Embedded-system-competition/loongson-gnu-toolchain-8.3-x86_64-loongarch64-linux-gnu-rc1.1/lib/gcc/loongarch64-linux-gnu/8.3.0/include-fixed]
  ignore line: [ /home/ubuntu/Embedded-system-competition/loongson-gnu-toolchain-8.3-x86_64-loongarch64-linux-gnu-rc1.1/sysroot/usr/include/c++]
  ignore line: [ /home/ubuntu/Embedded-system-competition/loongson-gnu-toolchain-8.3-x86_64-loongarch64-linux-gnu-rc1.1/sysroot/usr/include/c++/backward]
  ignore line: [ /home/ubuntu/Embedded-system-competition/loongson-gnu-toolchain-8.3-x86_64-loongarch64-linux-gnu-rc1.1/sysroot/usr/include]
  ignore line: [End of search list.]
  ignore line: [GNU C++14 (LoongArch GNU toolchain rc1.1 (20220914)) version 8.3.0 (loongarch64-linux-gnu)]
  ignore line: [	compiled by GNU C version 4.8.5  GMP version 6.1.0  MPFR version 3.1.4  MPC version 1.0.3  isl version isl-0.18-GMP]
  ignore line: []
  ignore line: [GGC heuristics: --param ggc-min-expand=100 --param ggc-min-heapsize=131072]
  ignore line: [Compiler executable checksum: a62351687c8ec4e46bd1f7ec753f12db]
  ignore line: [COLLECT_GCC_OPTIONS='-v' '-o' 'CMakeFiles/cmTC_78ad7.dir/CMakeCXXCompilerABI.cpp.o' '-c' '-shared-libgcc' '-mabi=lp64d' '-march=loongarch64' '-mfpu=64' '-mcmodel=normal' '-mtune=la464']
  ignore line: [ /home/ubuntu/Embedded-system-competition/loongson-gnu-toolchain-8.3-x86_64-loongarch64-linux-gnu-rc1.1/bin/../lib/gcc/loongarch64-linux-gnu/8.3.0/../../../../loongarch64-linux-gnu/bin/as -v -mabi=lp64 -o CMakeFiles/cmTC_78ad7.dir/CMakeCXXCompilerABI.cpp.o /tmp/ccVfNmqL.s]
  ignore line: [GNU assembler version 2.31.1 (loongarch64-linux-gnu) using BFD version (LoongArch GNU toolchain rc1.1 (20220914)) 2.31.1.20190122]
  ignore line: [COMPILER_PATH=/home/ubuntu/Embedded-system-competition/loongson-gnu-toolchain-8.3-x86_64-loongarch64-linux-gnu-rc1.1/bin/../libexec/gcc/loongarch64-linux-gnu/8.3.0/:/home/ubuntu/Embedded-system-competition/loongson-gnu-toolchain-8.3-x86_64-loongarch64-linux-gnu-rc1.1/bin/../libexec/gcc/:/home/ubuntu/Embedded-system-competition/loongson-gnu-toolchain-8.3-x86_64-loongarch64-linux-gnu-rc1.1/bin/../lib/gcc/loongarch64-linux-gnu/8.3.0/../../../../loongarch64-linux-gnu/bin/]
  ignore line: [LIBRARY_PATH=/home/ubuntu/Embedded-system-competition/loongson-gnu-toolchain-8.3-x86_64-loongarch64-linux-gnu-rc1.1/bin/../lib/gcc/loongarch64-linux-gnu/8.3.0/:/home/ubuntu/Embedded-system-competition/loongson-gnu-toolchain-8.3-x86_64-loongarch64-linux-gnu-rc1.1/bin/../lib/gcc/:/home/ubuntu/Embedded-system-competition/loongson-gnu-toolchain-8.3-x86_64-loongarch64-linux-gnu-rc1.1/bin/../sysroot/lib/../lib64/:/home/ubuntu/Embedded-system-competition/loongson-gnu-toolchain-8.3-x86_64-loongarch64-linux-gnu-rc1.1/bin/../sysroot/usr/lib/../lib64/:/home/ubuntu/Embedded-system-competition/loongson-gnu-toolchain-8.3-x86_64-loongarch64-linux-gnu-rc1.1/bin/../lib/gcc/loongarch64-linux-gnu/8.3.0/../../../../loongarch64-linux-gnu/lib/:/home/ubuntu/Embedded-system-competition/loongson-gnu-toolchain-8.3-x86_64-loongarch64-linux-gnu-rc1.1/bin/../sysroot/lib/:/home/ubuntu/Embedded-system-competition/loongson-gnu-toolchain-8.3-x86_64-loongarch64-linux-gnu-rc1.1/bin/../sysroot/usr/lib/]
  ignore line: [COLLECT_GCC_OPTIONS='-v' '-o' 'CMakeFiles/cmTC_78ad7.dir/CMakeCXXCompilerABI.cpp.o' '-c' '-shared-libgcc' '-mabi=lp64d' '-march=loongarch64' '-mfpu=64' '-mcmodel=normal' '-mtune=la464']
  ignore line: [[2/2] Linking CXX executable cmTC_78ad7]
  ignore line: [Using built-in specs.]
  ignore line: [COLLECT_GCC=/home/ubuntu/Embedded-system-competition/loongson-gnu-toolchain-8.3-x86_64-loongarch64-linux-gnu-rc1.1/bin/loongarch64-linux-gnu-g++]
  ignore line: [COLLECT_LTO_WRAPPER=/home/ubuntu/Embedded-system-competition/loongson-gnu-toolchain-8.3-x86_64-loongarch64-linux-gnu-rc1.1/bin/../libexec/gcc/loongarch64-linux-gnu/8.3.0/lto-wrapper]
  ignore line: [Target: loongarch64-linux-gnu]
  ignore line: [Configured with: /dev/shm/build_loongarch64_gcc8-host-x86_64-rc1.1_2022-09-14/src/gcc/configure --build=x86_64-unknown-linux-gnu --host=x86_64-unknown-linux-gnu --target=loongarch64-linux-gnu --program-prefix=loongarch64-linux-gnu- --prefix=/dev/shm/build_loongarch64_gcc8-host-x86_64-rc1.1_2022-09-14/cross --libdir=/dev/shm/build_loongarch64_gcc8-host-x86_64-rc1.1_2022-09-14/cross/lib --with-gxx-include-dir=/dev/shm/build_loongarch64_gcc8-host-x86_64-rc1.1_2022-09-14/cross/sysroot/usr/include/c++ --with-sysroot=/dev/shm/build_loongarch64_gcc8-host-x86_64-rc1.1_2022-09-14/cross/sysroot --with-native-system-header-dir=/usr/include --with-slibdir=/dev/shm/build_loongarch64_gcc8-host-x86_64-rc1.1_2022-09-14/cross/sysroot/usr/lib --with-pkgversion='LoongArch GNU toolchain rc1.1 (20220914)' --with-arch=loongarch64 --with-abi=lp64d --with-multilib-list=lp64d lp64s --enable-checking=release --disable-linker-build-id --enable-languages=c c++ fortran --disable-libgcc --disable-libstdc++ --disable-libgfortran --disable-gcov --enable-libcc1 --enable-threads=posix --enable-tls --enable-initfini-array --enable-__cxa_atexit --disable-libatomic --disable-libmudflap --disable-libvtv --disable-libgomp --disable-libmpx --disable-nls --disable-bootstrap]
  ignore line: [Thread model: posix]
  ignore line: [gcc version 8.3.0 (LoongArch GNU toolchain rc1.1 (20220914)) ]
  ignore line: [COMPILER_PATH=/home/ubuntu/Embedded-system-competition/loongson-gnu-toolchain-8.3-x86_64-loongarch64-linux-gnu-rc1.1/bin/../libexec/gcc/loongarch64-linux-gnu/8.3.0/:/home/ubuntu/Embedded-system-competition/loongson-gnu-toolchain-8.3-x86_64-loongarch64-linux-gnu-rc1.1/bin/../libexec/gcc/:/home/ubuntu/Embedded-system-competition/loongson-gnu-toolchain-8.3-x86_64-loongarch64-linux-gnu-rc1.1/bin/../lib/gcc/loongarch64-linux-gnu/8.3.0/../../../../loongarch64-linux-gnu/bin/]
  ignore line: [LIBRARY_PATH=/home/ubuntu/Embedded-system-competition/loongson-gnu-toolchain-8.3-x86_64-loongarch64-linux-gnu-rc1.1/bin/../lib/gcc/loongarch64-linux-gnu/8.3.0/:/home/ubuntu/Embedded-system-competition/loongson-gnu-toolchain-8.3-x86_64-loongarch64-linux-gnu-rc1.1/bin/../lib/gcc/:/home/ubuntu/Embedded-system-competition/loongson-gnu-toolchain-8.3-x86_64-loongarch64-linux-gnu-rc1.1/bin/../sysroot/lib/../lib64/:/home/ubuntu/Embedded-system-competition/loongson-gnu-toolchain-8.3-x86_64-loongarch64-linux-gnu-rc1.1/bin/../sysroot/usr/lib/../lib64/:/home/ubuntu/Embedded-system-competition/loongson-gnu-toolchain-8.3-x86_64-loongarch64-linux-gnu-rc1.1/bin/../lib/gcc/loongarch64-linux-gnu/8.3.0/../../../../loongarch64-linux-gnu/lib/:/home/ubuntu/Embedded-system-competition/loongson-gnu-toolchain-8.3-x86_64-loongarch64-linux-gnu-rc1.1/bin/../sysroot/lib/:/home/ubuntu/Embedded-system-competition/loongson-gnu-toolchain-8.3-x86_64-loongarch64-linux-gnu-rc1.1/bin/../sysroot/usr/lib/]
  ignore line: [COLLECT_GCC_OPTIONS='-v' '-o' 'cmTC_78ad7' '-shared-libgcc' '-mabi=lp64d' '-march=loongarch64' '-mfpu=64' '-mcmodel=normal' '-mtune=la464']
  link line: [ /home/ubuntu/Embedded-system-competition/loongson-gnu-toolchain-8.3-x86_64-loongarch64-linux-gnu-rc1.1/bin/../libexec/gcc/loongarch64-linux-gnu/8.3.0/collect2 -plugin /home/ubuntu/Embedded-system-competition/loongson-gnu-toolchain-8.3-x86_64-loongarch64-linux-gnu-rc1.1/bin/../libexec/gcc/loongarch64-linux-gnu/8.3.0/liblto_plugin.so -plugin-opt=/home/ubuntu/Embedded-system-competition/loongson-gnu-toolchain-8.3-x86_64-loongarch64-linux-gnu-rc1.1/bin/../libexec/gcc/loongarch64-linux-gnu/8.3.0/lto-wrapper -plugin-opt=-fresolution=/tmp/cckXhkki.res -plugin-opt=-pass-through=-lgcc_s -plugin-opt=-pass-through=-lgcc -plugin-opt=-pass-through=-lc -plugin-opt=-pass-through=-lgcc_s -plugin-opt=-pass-through=-lgcc --sysroot=/home/ubuntu/Embedded-system-competition/loongson-gnu-toolchain-8.3-x86_64-loongarch64-linux-gnu-rc1.1/bin/../sysroot --eh-frame-hdr -m elf64loongarch -dynamic-linker /lib64/ld.so.1 -o cmTC_78ad7 /home/ubuntu/Embedded-system-competition/loongson-gnu-toolchain-8.3-x86_64-loongarch64-linux-gnu-rc1.1/bin/../sysroot/lib/../lib64/crt1.o /home/ubuntu/Embedded-system-competition/loongson-gnu-toolchain-8.3-x86_64-loongarch64-linux-gnu-rc1.1/bin/../sysroot/lib/../lib64/crti.o /home/ubuntu/Embedded-system-competition/loongson-gnu-toolchain-8.3-x86_64-loongarch64-linux-gnu-rc1.1/bin/../lib/gcc/loongarch64-linux-gnu/8.3.0/crtbegin.o -L/home/ubuntu/Embedded-system-competition/loongson-gnu-toolchain-8.3-x86_64-loongarch64-linux-gnu-rc1.1/bin/../lib/gcc/loongarch64-linux-gnu/8.3.0 -L/home/ubuntu/Embedded-system-competition/loongson-gnu-toolchain-8.3-x86_64-loongarch64-linux-gnu-rc1.1/bin/../lib/gcc -L/home/ubuntu/Embedded-system-competition/loongson-gnu-toolchain-8.3-x86_64-loongarch64-linux-gnu-rc1.1/bin/../sysroot/lib/../lib64 -L/home/ubuntu/Embedded-system-competition/loongson-gnu-toolchain-8.3-x86_64-loongarch64-linux-gnu-rc1.1/bin/../sysroot/usr/lib/../lib64 -L/home/ubuntu/Embedded-system-competition/loongson-gnu-toolchain-8.3-x86_64-loongarch64-linux-gnu-rc1.1/bin/../lib/gcc/loongarch64-linux-gnu/8.3.0/../../../../loongarch64-linux-gnu/lib -L/home/ubuntu/Embedded-system-competition/loongson-gnu-toolchain-8.3-x86_64-loongarch64-linux-gnu-rc1.1/bin/../sysroot/lib -L/home/ubuntu/Embedded-system-competition/loongson-gnu-toolchain-8.3-x86_64-loongarch64-linux-gnu-rc1.1/bin/../sysroot/usr/lib CMakeFiles/cmTC_78ad7.dir/CMakeCXXCompilerABI.cpp.o -lstdc++ -lm -lgcc_s -lgcc -lc -lgcc_s -lgcc /home/ubuntu/Embedded-system-competition/loongson-gnu-toolchain-8.3-x86_64-loongarch64-linux-gnu-rc1.1/bin/../lib/gcc/loongarch64-linux-gnu/8.3.0/crtend.o /home/ubuntu/Embedded-system-competition/loongson-gnu-toolchain-8.3-x86_64-loongarch64-linux-gnu-rc1.1/bin/../sysroot/lib/../lib64/crtn.o]
    arg [/home/ubuntu/Embedded-system-competition/loongson-gnu-toolchain-8.3-x86_64-loongarch64-linux-gnu-rc1.1/bin/../libexec/gcc/loongarch64-linux-gnu/8.3.0/collect2] ==> ignore
    arg [-plugin] ==> ignore
    arg [/home/ubuntu/Embedded-system-competition/loongson-gnu-toolchain-8.3-x86_64-loongarch64-linux-gnu-rc1.1/bin/../libexec/gcc/loongarch64-linux-gnu/8.3.0/liblto_plugin.so] ==> ignore
    arg [-plugin-opt=/home/ubuntu/Embedded-system-competition/loongson-gnu-toolchain-8.3-x86_64-loongarch64-linux-gnu-rc1.1/bin/../libexec/gcc/loongarch64-linux-gnu/8.3.0/lto-wrapper] ==> ignore
    arg [-plugin-opt=-fresolution=/tmp/cckXhkki.res] ==> ignore
    arg [-plugin-opt=-pass-through=-lgcc_s] ==> ignore
    arg [-plugin-opt=-pass-through=-lgcc] ==> ignore
    arg [-plugin-opt=-pass-through=-lc] ==> ignore
    arg [-plugin-opt=-pass-through=-lgcc_s] ==> ignore
    arg [-plugin-opt=-pass-through=-lgcc] ==> ignore
    arg [--sysroot=/home/ubuntu/Embedded-system-competition/loongson-gnu-toolchain-8.3-x86_64-loongarch64-linux-gnu-rc1.1/bin/../sysroot] ==> ignore
    arg [--eh-frame-hdr] ==> ignore
    arg [-m] ==> ignore
    arg [elf64loongarch] ==> ignore
    arg [-dynamic-linker] ==> ignore
    arg [/lib64/ld.so.1] ==> ignore
    arg [-o] ==> ignore
    arg [cmTC_78ad7] ==> ignore
    arg [/home/ubuntu/Embedded-system-competition/loongson-gnu-toolchain-8.3-x86_64-loongarch64-linux-gnu-rc1.1/bin/../sysroot/lib/../lib64/crt1.o] ==> obj [/home/ubuntu/Embedded-system-competition/loongson-gnu-toolchain-8.3-x86_64-loongarch64-linux-gnu-rc1.1/bin/../sysroot/lib/../lib64/crt1.o]
    arg [/home/ubuntu/Embedded-system-competition/loongson-gnu-toolchain-8.3-x86_64-loongarch64-linux-gnu-rc1.1/bin/../sysroot/lib/../lib64/crti.o] ==> obj [/home/ubuntu/Embedded-system-competition/loongson-gnu-toolchain-8.3-x86_64-loongarch64-linux-gnu-rc1.1/bin/../sysroot/lib/../lib64/crti.o]
    arg [/home/ubuntu/Embedded-system-competition/loongson-gnu-toolchain-8.3-x86_64-loongarch64-linux-gnu-rc1.1/bin/../lib/gcc/loongarch64-linux-gnu/8.3.0/crtbegin.o] ==> obj [/home/ubuntu/Embedded-system-competition/loongson-gnu-toolchain-8.3-x86_64-loongarch64-linux-gnu-rc1.1/bin/../lib/gcc/loongarch64-linux-gnu/8.3.0/crtbegin.o]
    arg [-L/home/ubuntu/Embedded-system-competition/loongson-gnu-toolchain-8.3-x86_64-loongarch64-linux-gnu-rc1.1/bin/../lib/gcc/loongarch64-linux-gnu/8.3.0] ==> dir [/home/ubuntu/Embedded-system-competition/loongson-gnu-toolchain-8.3-x86_64-loongarch64-linux-gnu-rc1.1/bin/../lib/gcc/loongarch64-linux-gnu/8.3.0]
    arg [-L/home/ubuntu/Embedded-system-competition/loongson-gnu-toolchain-8.3-x86_64-loongarch64-linux-gnu-rc1.1/bin/../lib/gcc] ==> dir [/home/ubuntu/Embedded-system-competition/loongson-gnu-toolchain-8.3-x86_64-loongarch64-linux-gnu-rc1.1/bin/../lib/gcc]
    arg [-L/home/ubuntu/Embedded-system-competition/loongson-gnu-toolchain-8.3-x86_64-loongarch64-linux-gnu-rc1.1/bin/../sysroot/lib/../lib64] ==> dir [/home/ubuntu/Embedded-system-competition/loongson-gnu-toolchain-8.3-x86_64-loongarch64-linux-gnu-rc1.1/bin/../sysroot/lib/../lib64]
    arg [-L/home/ubuntu/Embedded-system-competition/loongson-gnu-toolchain-8.3-x86_64-loongarch64-linux-gnu-rc1.1/bin/../sysroot/usr/lib/../lib64] ==> dir [/home/ubuntu/Embedded-system-competition/loongson-gnu-toolchain-8.3-x86_64-loongarch64-linux-gnu-rc1.1/bin/../sysroot/usr/lib/../lib64]
    arg [-L/home/ubuntu/Embedded-system-competition/loongson-gnu-toolchain-8.3-x86_64-loongarch64-linux-gnu-rc1.1/bin/../lib/gcc/loongarch64-linux-gnu/8.3.0/../../../../loongarch64-linux-gnu/lib] ==> dir [/home/ubuntu/Embedded-system-competition/loongson-gnu-toolchain-8.3-x86_64-loongarch64-linux-gnu-rc1.1/bin/../lib/gcc/loongarch64-linux-gnu/8.3.0/../../../../loongarch64-linux-gnu/lib]
    arg [-L/home/ubuntu/Embedded-system-competition/loongson-gnu-toolchain-8.3-x86_64-loongarch64-linux-gnu-rc1.1/bin/../sysroot/lib] ==> dir [/home/ubuntu/Embedded-system-competition/loongson-gnu-toolchain-8.3-x86_64-loongarch64-linux-gnu-rc1.1/bin/../sysroot/lib]
    arg [-L/home/ubuntu/Embedded-system-competition/loongson-gnu-toolchain-8.3-x86_64-loongarch64-linux-gnu-rc1.1/bin/../sysroot/usr/lib] ==> dir [/home/ubuntu/Embedded-system-competition/loongson-gnu-toolchain-8.3-x86_64-loongarch64-linux-gnu-rc1.1/bin/../sysroot/usr/lib]
    arg [CMakeFiles/cmTC_78ad7.dir/CMakeCXXCompilerABI.cpp.o] ==> ignore
    arg [-lstdc++] ==> lib [stdc++]
    arg [-lm] ==> lib [m]
    arg [-lgcc_s] ==> lib [gcc_s]
    arg [-lgcc] ==> lib [gcc]
    arg [-lc] ==> lib [c]
    arg [-lgcc_s] ==> lib [gcc_s]
    arg [-lgcc] ==> lib [gcc]
    arg [/home/ubuntu/Embedded-system-competition/loongson-gnu-toolchain-8.3-x86_64-loongarch64-linux-gnu-rc1.1/bin/../lib/gcc/loongarch64-linux-gnu/8.3.0/crtend.o] ==> obj [/home/ubuntu/Embedded-system-competition/loongson-gnu-toolchain-8.3-x86_64-loongarch64-linux-gnu-rc1.1/bin/../lib/gcc/loongarch64-linux-gnu/8.3.0/crtend.o]
    arg [/home/ubuntu/Embedded-system-competition/loongson-gnu-toolchain-8.3-x86_64-loongarch64-linux-gnu-rc1.1/bin/../sysroot/lib/../lib64/crtn.o] ==> obj [/home/ubuntu/Embedded-system-competition/loongson-gnu-toolchain-8.3-x86_64-loongarch64-linux-gnu-rc1.1/bin/../sysroot/lib/../lib64/crtn.o]
  collapse obj [/home/ubuntu/Embedded-system-competition/loongson-gnu-toolchain-8.3-x86_64-loongarch64-linux-gnu-rc1.1/bin/../sysroot/lib/../lib64/crt1.o] ==> [/home/ubuntu/Embedded-system-competition/loongson-gnu-toolchain-8.3-x86_64-loongarch64-linux-gnu-rc1.1/sysroot/lib64/crt1.o]
  collapse obj [/home/ubuntu/Embedded-system-competition/loongson-gnu-toolchain-8.3-x86_64-loongarch64-linux-gnu-rc1.1/bin/../sysroot/lib/../lib64/crti.o] ==> [/home/ubuntu/Embedded-system-competition/loongson-gnu-toolchain-8.3-x86_64-loongarch64-linux-gnu-rc1.1/sysroot/lib64/crti.o]
  collapse obj [/home/ubuntu/Embedded-system-competition/loongson-gnu-toolchain-8.3-x86_64-loongarch64-linux-gnu-rc1.1/bin/../lib/gcc/loongarch64-linux-gnu/8.3.0/crtbegin.o] ==> [/home/ubuntu/Embedded-system-competition/loongson-gnu-toolchain-8.3-x86_64-loongarch64-linux-gnu-rc1.1/lib/gcc/loongarch64-linux-gnu/8.3.0/crtbegin.o]
  collapse obj [/home/ubuntu/Embedded-system-competition/loongson-gnu-toolchain-8.3-x86_64-loongarch64-linux-gnu-rc1.1/bin/../lib/gcc/loongarch64-linux-gnu/8.3.0/crtend.o] ==> [/home/ubuntu/Embedded-system-competition/loongson-gnu-toolchain-8.3-x86_64-loongarch64-linux-gnu-rc1.1/lib/gcc/loongarch64-linux-gnu/8.3.0/crtend.o]
  collapse obj [/home/ubuntu/Embedded-system-competition/loongson-gnu-toolchain-8.3-x86_64-loongarch64-linux-gnu-rc1.1/bin/../sysroot/lib/../lib64/crtn.o] ==> [/home/ubuntu/Embedded-system-competition/loongson-gnu-toolchain-8.3-x86_64-loongarch64-linux-gnu-rc1.1/sysroot/lib64/crtn.o]
  collapse library dir [/home/ubuntu/Embedded-system-competition/loongson-gnu-toolchain-8.3-x86_64-loongarch64-linux-gnu-rc1.1/bin/../lib/gcc/loongarch64-linux-gnu/8.3.0] ==> [/home/ubuntu/Embedded-system-competition/loongson-gnu-toolchain-8.3-x86_64-loongarch64-linux-gnu-rc1.1/lib/gcc/loongarch64-linux-gnu/8.3.0]
  collapse library dir [/home/ubuntu/Embedded-system-competition/loongson-gnu-toolchain-8.3-x86_64-loongarch64-linux-gnu-rc1.1/bin/../lib/gcc] ==> [/home/ubuntu/Embedded-system-competition/loongson-gnu-toolchain-8.3-x86_64-loongarch64-linux-gnu-rc1.1/lib/gcc]
  collapse library dir [/home/ubuntu/Embedded-system-competition/loongson-gnu-toolchain-8.3-x86_64-loongarch64-linux-gnu-rc1.1/bin/../sysroot/lib/../lib64] ==> [/home/ubuntu/Embedded-system-competition/loongson-gnu-toolchain-8.3-x86_64-loongarch64-linux-gnu-rc1.1/sysroot/lib64]
  collapse library dir [/home/ubuntu/Embedded-system-competition/loongson-gnu-toolchain-8.3-x86_64-loongarch64-linux-gnu-rc1.1/bin/../sysroot/usr/lib/../lib64] ==> [/home/ubuntu/Embedded-system-competition/loongson-gnu-toolchain-8.3-x86_64-loongarch64-linux-gnu-rc1.1/sysroot/usr/lib64]
  collapse library dir [/home/ubuntu/Embedded-system-competition/loongson-gnu-toolchain-8.3-x86_64-loongarch64-linux-gnu-rc1.1/bin/../lib/gcc/loongarch64-linux-gnu/8.3.0/../../../../loongarch64-linux-gnu/lib] ==> [/home/ubuntu/Embedded-system-competition/loongson-gnu-toolchain-8.3-x86_64-loongarch64-linux-gnu-rc1.1/loongarch64-linux-gnu/lib]
  collapse library dir [/home/ubuntu/Embedded-system-competition/loongson-gnu-toolchain-8.3-x86_64-loongarch64-linux-gnu-rc1.1/bin/../sysroot/lib] ==> [/home/ubuntu/Embedded-system-competition/loongson-gnu-toolchain-8.3-x86_64-loongarch64-linux-gnu-rc1.1/sysroot/lib]
  collapse library dir [/home/ubuntu/Embedded-system-competition/loongson-gnu-toolchain-8.3-x86_64-loongarch64-linux-gnu-rc1.1/bin/../sysroot/usr/lib] ==> [/home/ubuntu/Embedded-system-competition/loongson-gnu-toolchain-8.3-x86_64-loongarch64-linux-gnu-rc1.1/sysroot/usr/lib]
  implicit libs: [stdc++;m;gcc_s;gcc;c;gcc_s;gcc]
  implicit objs: [/home/ubuntu/Embedded-system-competition/loongson-gnu-toolchain-8.3-x86_64-loongarch64-linux-gnu-rc1.1/sysroot/lib64/crt1.o;/home/ubuntu/Embedded-system-competition/loongson-gnu-toolchain-8.3-x86_64-loongarch64-linux-gnu-rc1.1/sysroot/lib64/crti.o;/home/ubuntu/Embedded-system-competition/loongson-gnu-toolchain-8.3-x86_64-loongarch64-linux-gnu-rc1.1/lib/gcc/loongarch64-linux-gnu/8.3.0/crtbegin.o;/home/ubuntu/Embedded-system-competition/loongson-gnu-toolchain-8.3-x86_64-loongarch64-linux-gnu-rc1.1/lib/gcc/loongarch64-linux-gnu/8.3.0/crtend.o;/home/ubuntu/Embedded-system-competition/loongson-gnu-toolchain-8.3-x86_64-loongarch64-linux-gnu-rc1.1/sysroot/lib64/crtn.o]
  implicit dirs: [/home/ubuntu/Embedded-system-competition/loongson-gnu-toolchain-8.3-x86_64-loongarch64-linux-gnu-rc1.1/lib/gcc/loongarch64-linux-gnu/8.3.0;/home/ubuntu/Embedded-system-competition/loongson-gnu-toolchain-8.3-x86_64-loongarch64-linux-gnu-rc1.1/lib/gcc;/home/ubuntu/Embedded-system-competition/loongson-gnu-toolchain-8.3-x86_64-loongarch64-linux-gnu-rc1.1/sysroot/lib64;/home/ubuntu/Embedded-system-competition/loongson-gnu-toolchain-8.3-x86_64-loongarch64-linux-gnu-rc1.1/sysroot/usr/lib64;/home/ubuntu/Embedded-system-competition/loongson-gnu-toolchain-8.3-x86_64-loongarch64-linux-gnu-rc1.1/loongarch64-linux-gnu/lib;/home/ubuntu/Embedded-system-competition/loongson-gnu-toolchain-8.3-x86_64-loongarch64-linux-gnu-rc1.1/sysroot/lib;/home/ubuntu/Embedded-system-competition/loongson-gnu-toolchain-8.3-x86_64-loongarch64-linux-gnu-rc1.1/sysroot/usr/lib]
  implicit fwks: []


